{"/home/forensic/www/r-server/src/modules/RServerApp.js":{"path":"/home/forensic/www/r-server/src/modules/RServerApp.js","statementMap":{"0":{"start":{"line":3,"column":0},"end":{"line":5,"column":3}},"1":{"start":{"line":7,"column":19},"end":{"line":7,"column":563}},"2":{"start":{"line":7,"column":76},"end":{"line":7,"column":347}},"3":{"start":{"line":7,"column":134},"end":{"line":7,"column":142}},"4":{"start":{"line":7,"column":144},"end":{"line":7,"column":199}},"5":{"start":{"line":7,"column":200},"end":{"line":7,"column":231}},"6":{"start":{"line":7,"column":232},"end":{"line":7,"column":286}},"7":{"start":{"line":7,"column":259},"end":{"line":7,"column":286}},"8":{"start":{"line":7,"column":287},"end":{"line":7,"column":345}},"9":{"start":{"line":7,"column":350},"end":{"line":7,"column":559}},"10":{"start":{"line":7,"column":407},"end":{"line":7,"column":475}},"11":{"start":{"line":7,"column":423},"end":{"line":7,"column":475}},"12":{"start":{"line":7,"column":476},"end":{"line":7,"column":536}},"13":{"start":{"line":7,"column":493},"end":{"line":7,"column":536}},"14":{"start":{"line":7,"column":537},"end":{"line":7,"column":556}},"15":{"start":{"line":9,"column":15},"end":{"line":9,"column":38}},"16":{"start":{"line":11,"column":16},"end":{"line":11,"column":48}},"17":{"start":{"line":13,"column":39},"end":{"line":13,"column":93}},"18":{"start":{"line":15,"column":50},"end":{"line":15,"column":151}},"19":{"start":{"line":15,"column":92},"end":{"line":15,"column":149}},"20":{"start":{"line":17,"column":17},"end":{"line":164,"column":3}},"21":{"start":{"line":23,"column":8},"end":{"line":23,"column":42}},"22":{"start":{"line":25,"column":8},"end":{"line":25,"column":56}},"23":{"start":{"line":33,"column":4},"end":{"line":161,"column":8}},"24":{"start":{"line":44,"column":12},"end":{"line":44,"column":64}},"25":{"start":{"line":57,"column":12},"end":{"line":57,"column":64}},"26":{"start":{"line":70,"column":12},"end":{"line":70,"column":69}},"27":{"start":{"line":83,"column":12},"end":{"line":83,"column":65}},"28":{"start":{"line":96,"column":12},"end":{"line":96,"column":64}},"29":{"start":{"line":109,"column":12},"end":{"line":109,"column":65}},"30":{"start":{"line":122,"column":12},"end":{"line":122,"column":67}},"31":{"start":{"line":133,"column":12},"end":{"line":133,"column":40}},"32":{"start":{"line":144,"column":12},"end":{"line":144,"column":37}},"33":{"start":{"line":154,"column":12},"end":{"line":154,"column":32}},"34":{"start":{"line":159,"column":12},"end":{"line":159,"column":32}},"35":{"start":{"line":163,"column":4},"end":{"line":163,"column":22}},"36":{"start":{"line":166,"column":0},"end":{"line":166,"column":29}}},"fnMap":{"0":{"name":"(anonymous_0)","decl":{"start":{"line":7,"column":19},"end":{"line":7,"column":20}},"loc":{"start":{"line":7,"column":31},"end":{"line":7,"column":561}},"line":7},"1":{"name":"defineProperties","decl":{"start":{"line":7,"column":42},"end":{"line":7,"column":58}},"loc":{"start":{"line":7,"column":74},"end":{"line":7,"column":349}},"line":7},"2":{"name":"(anonymous_2)","decl":{"start":{"line":7,"column":357},"end":{"line":7,"column":358}},"loc":{"start":{"line":7,"column":405},"end":{"line":7,"column":558}},"line":7},"3":{"name":"_interopRequireDefault","decl":{"start":{"line":13,"column":9},"end":{"line":13,"column":31}},"loc":{"start":{"line":13,"column":37},"end":{"line":13,"column":95}},"line":13},"4":{"name":"_classCallCheck","decl":{"start":{"line":15,"column":9},"end":{"line":15,"column":24}},"loc":{"start":{"line":15,"column":48},"end":{"line":15,"column":153}},"line":15},"5":{"name":"(anonymous_5)","decl":{"start":{"line":17,"column":17},"end":{"line":17,"column":18}},"loc":{"start":{"line":17,"column":29},"end":{"line":164,"column":1}},"line":17},"6":{"name":"RServerApp","decl":{"start":{"line":22,"column":13},"end":{"line":22,"column":23}},"loc":{"start":{"line":22,"column":36},"end":{"line":26,"column":5}},"line":22},"7":{"name":"all","decl":{"start":{"line":43,"column":24},"end":{"line":43,"column":27}},"loc":{"start":{"line":43,"column":52},"end":{"line":45,"column":9}},"line":43},"8":{"name":"get","decl":{"start":{"line":56,"column":24},"end":{"line":56,"column":27}},"loc":{"start":{"line":56,"column":52},"end":{"line":58,"column":9}},"line":56},"9":{"name":"options","decl":{"start":{"line":69,"column":24},"end":{"line":69,"column":31}},"loc":{"start":{"line":69,"column":57},"end":{"line":71,"column":9}},"line":69},"10":{"name":"post","decl":{"start":{"line":82,"column":24},"end":{"line":82,"column":28}},"loc":{"start":{"line":82,"column":53},"end":{"line":84,"column":9}},"line":82},"11":{"name":"put","decl":{"start":{"line":95,"column":24},"end":{"line":95,"column":27}},"loc":{"start":{"line":95,"column":52},"end":{"line":97,"column":9}},"line":95},"12":{"name":"head","decl":{"start":{"line":108,"column":24},"end":{"line":108,"column":28}},"loc":{"start":{"line":108,"column":53},"end":{"line":110,"column":9}},"line":108},"13":{"name":"_delete","decl":{"start":{"line":121,"column":24},"end":{"line":121,"column":31}},"loc":{"start":{"line":121,"column":56},"end":{"line":123,"column":9}},"line":121},"14":{"name":"use","decl":{"start":{"line":132,"column":24},"end":{"line":132,"column":27}},"loc":{"start":{"line":132,"column":40},"end":{"line":134,"column":9}},"line":132},"15":{"name":"listen","decl":{"start":{"line":143,"column":24},"end":{"line":143,"column":30}},"loc":{"start":{"line":143,"column":37},"end":{"line":145,"column":9}},"line":143},"16":{"name":"close","decl":{"start":{"line":153,"column":24},"end":{"line":153,"column":29}},"loc":{"start":{"line":153,"column":32},"end":{"line":155,"column":9}},"line":153},"17":{"name":"get","decl":{"start":{"line":158,"column":22},"end":{"line":158,"column":25}},"loc":{"start":{"line":158,"column":28},"end":{"line":160,"column":9}},"line":158}},"branchMap":{"0":{"loc":{"start":{"line":7,"column":168},"end":{"line":7,"column":198}},"type":"binary-expr","locations":[{"start":{"line":7,"column":168},"end":{"line":7,"column":189}},{"start":{"line":7,"column":193},"end":{"line":7,"column":198}}],"line":7},"1":{"loc":{"start":{"line":7,"column":232},"end":{"line":7,"column":286}},"type":"if","locations":[{"start":{"line":7,"column":232},"end":{"line":7,"column":286}},{"start":{"line":7,"column":232},"end":{"line":7,"column":286}}],"line":7},"2":{"loc":{"start":{"line":7,"column":407},"end":{"line":7,"column":475}},"type":"if","locations":[{"start":{"line":7,"column":407},"end":{"line":7,"column":475}},{"start":{"line":7,"column":407},"end":{"line":7,"column":475}}],"line":7},"3":{"loc":{"start":{"line":7,"column":476},"end":{"line":7,"column":536}},"type":"if","locations":[{"start":{"line":7,"column":476},"end":{"line":7,"column":536}},{"start":{"line":7,"column":476},"end":{"line":7,"column":536}}],"line":7},"4":{"loc":{"start":{"line":13,"column":46},"end":{"line":13,"column":92}},"type":"cond-expr","locations":[{"start":{"line":13,"column":70},"end":{"line":13,"column":73}},{"start":{"line":13,"column":76},"end":{"line":13,"column":92}}],"line":13},"5":{"loc":{"start":{"line":13,"column":46},"end":{"line":13,"column":67}},"type":"binary-expr","locations":[{"start":{"line":13,"column":46},"end":{"line":13,"column":49}},{"start":{"line":13,"column":53},"end":{"line":13,"column":67}}],"line":13},"6":{"loc":{"start":{"line":15,"column":50},"end":{"line":15,"column":151}},"type":"if","locations":[{"start":{"line":15,"column":50},"end":{"line":15,"column":151}},{"start":{"line":15,"column":50},"end":{"line":15,"column":151}}],"line":15}},"s":{"0":1,"1":1,"2":1,"3":11,"4":11,"5":11,"6":11,"7":10,"8":11,"9":1,"10":1,"11":1,"12":1,"13":0,"14":1,"15":1,"16":1,"17":1,"18":12,"19":0,"20":1,"21":12,"22":12,"23":1,"24":1,"25":1,"26":1,"27":1,"28":1,"29":1,"30":1,"31":1,"32":2,"33":2,"34":2,"35":1,"36":1},"f":{"0":1,"1":1,"2":1,"3":1,"4":12,"5":1,"6":12,"7":1,"8":1,"9":1,"10":1,"11":1,"12":1,"13":1,"14":1,"15":2,"16":2,"17":2},"b":{"0":[11,11],"1":[10,1],"2":[1,0],"3":[0,1],"4":[1,0],"5":[1,1],"6":[0,12]},"_coverageSchema":"d34fc3e6b8297bcde183f5492bcb8fcb36775295","hash":"3e3e6325c66bc4be8865eb746157994cb6544425","contentHash":"4384544e7e7d1dabf4a1b1a08d75d9fa_12.0.2"},"/home/forensic/www/r-server/src/modules/RServer.js":{"path":"/home/forensic/www/r-server/src/modules/RServer.js","statementMap":{"0":{"start":{"line":3,"column":0},"end":{"line":5,"column":3}},"1":{"start":{"line":7,"column":19},"end":{"line":7,"column":563}},"2":{"start":{"line":7,"column":76},"end":{"line":7,"column":347}},"3":{"start":{"line":7,"column":134},"end":{"line":7,"column":142}},"4":{"start":{"line":7,"column":144},"end":{"line":7,"column":199}},"5":{"start":{"line":7,"column":200},"end":{"line":7,"column":231}},"6":{"start":{"line":7,"column":232},"end":{"line":7,"column":286}},"7":{"start":{"line":7,"column":259},"end":{"line":7,"column":286}},"8":{"start":{"line":7,"column":287},"end":{"line":7,"column":345}},"9":{"start":{"line":7,"column":350},"end":{"line":7,"column":559}},"10":{"start":{"line":7,"column":407},"end":{"line":7,"column":475}},"11":{"start":{"line":7,"column":423},"end":{"line":7,"column":475}},"12":{"start":{"line":7,"column":476},"end":{"line":7,"column":536}},"13":{"start":{"line":7,"column":493},"end":{"line":7,"column":536}},"14":{"start":{"line":7,"column":537},"end":{"line":7,"column":556}},"15":{"start":{"line":9,"column":10},"end":{"line":9,"column":23}},"16":{"start":{"line":11,"column":11},"end":{"line":11,"column":38}},"17":{"start":{"line":13,"column":12},"end":{"line":13,"column":27}},"18":{"start":{"line":15,"column":13},"end":{"line":15,"column":42}},"19":{"start":{"line":17,"column":12},"end":{"line":17,"column":32}},"20":{"start":{"line":19,"column":13},"end":{"line":19,"column":42}},"21":{"start":{"line":21,"column":12},"end":{"line":21,"column":27}},"22":{"start":{"line":23,"column":13},"end":{"line":23,"column":42}},"23":{"start":{"line":25,"column":24},"end":{"line":25,"column":56}},"24":{"start":{"line":27,"column":25},"end":{"line":27,"column":66}},"25":{"start":{"line":29,"column":14},"end":{"line":29,"column":36}},"26":{"start":{"line":31,"column":15},"end":{"line":31,"column":46}},"27":{"start":{"line":33,"column":18},"end":{"line":33,"column":44}},"28":{"start":{"line":35,"column":19},"end":{"line":35,"column":54}},"29":{"start":{"line":37,"column":13},"end":{"line":37,"column":38}},"30":{"start":{"line":39,"column":14},"end":{"line":39,"column":44}},"31":{"start":{"line":41,"column":23},"end":{"line":41,"column":54}},"32":{"start":{"line":43,"column":24},"end":{"line":43,"column":64}},"33":{"start":{"line":45,"column":39},"end":{"line":45,"column":93}},"34":{"start":{"line":47,"column":35},"end":{"line":47,"column":193}},"35":{"start":{"line":47,"column":61},"end":{"line":47,"column":145}},"36":{"start":{"line":47,"column":126},"end":{"line":47,"column":143}},"37":{"start":{"line":47,"column":146},"end":{"line":47,"column":158}},"38":{"start":{"line":47,"column":168},"end":{"line":47,"column":191}},"39":{"start":{"line":49,"column":50},"end":{"line":49,"column":151}},"40":{"start":{"line":49,"column":92},"end":{"line":49,"column":149}},"41":{"start":{"line":51,"column":13},"end":{"line":395,"column":3}},"42":{"start":{"line":57,"column":8},"end":{"line":57,"column":38}},"43":{"start":{"line":59,"column":8},"end":{"line":59,"column":25}},"44":{"start":{"line":60,"column":8},"end":{"line":60,"column":30}},"45":{"start":{"line":63,"column":8},"end":{"line":63,"column":135}},"46":{"start":{"line":63,"column":26},"end":{"line":63,"column":84}},"47":{"start":{"line":65,"column":8},"end":{"line":65,"column":86}},"48":{"start":{"line":67,"column":8},"end":{"line":67,"column":185}},"49":{"start":{"line":69,"column":8},"end":{"line":69,"column":136}},"50":{"start":{"line":71,"column":8},"end":{"line":73,"column":11}},"51":{"start":{"line":75,"column":8},"end":{"line":75,"column":26}},"52":{"start":{"line":84,"column":4},"end":{"line":392,"column":8}},"53":{"start":{"line":93,"column":12},"end":{"line":93,"column":32}},"54":{"start":{"line":94,"column":12},"end":{"line":94,"column":37}},"55":{"start":{"line":95,"column":12},"end":{"line":95,"column":81}},"56":{"start":{"line":105,"column":12},"end":{"line":105,"column":32}},"57":{"start":{"line":117,"column":12},"end":{"line":117,"column":98}},"58":{"start":{"line":117,"column":55},"end":{"line":117,"column":98}},"59":{"start":{"line":119,"column":30},"end":{"line":119,"column":67}},"60":{"start":{"line":120,"column":12},"end":{"line":124,"column":13}},"61":{"start":{"line":121,"column":16},"end":{"line":121,"column":95}},"62":{"start":{"line":121,"column":76},"end":{"line":121,"column":95}},"63":{"start":{"line":123,"column":16},"end":{"line":123,"column":70}},"64":{"start":{"line":139,"column":25},"end":{"line":139,"column":29}},"65":{"start":{"line":140,"column":32},"end":{"line":140,"column":74}},"66":{"start":{"line":142,"column":12},"end":{"line":142,"column":164}},"67":{"start":{"line":142,"column":56},"end":{"line":142,"column":134}},"68":{"start":{"line":142,"column":139},"end":{"line":142,"column":164}},"69":{"start":{"line":144,"column":12},"end":{"line":144,"column":26}},"70":{"start":{"line":158,"column":12},"end":{"line":160,"column":13}},"71":{"start":{"line":159,"column":16},"end":{"line":159,"column":55}},"72":{"start":{"line":162,"column":12},"end":{"line":162,"column":67}},"73":{"start":{"line":173,"column":12},"end":{"line":173,"column":89}},"74":{"start":{"line":173,"column":55},"end":{"line":173,"column":89}},"75":{"start":{"line":189,"column":25},"end":{"line":189,"column":95}},"76":{"start":{"line":191,"column":44},"end":{"line":191,"column":48}},"77":{"start":{"line":192,"column":36},"end":{"line":192,"column":41}},"78":{"start":{"line":193,"column":33},"end":{"line":193,"column":42}},"79":{"start":{"line":195,"column":12},"end":{"line":238,"column":13}},"80":{"start":{"line":196,"column":16},"end":{"line":224,"column":17}},"81":{"start":{"line":197,"column":32},"end":{"line":197,"column":43}},"82":{"start":{"line":199,"column":20},"end":{"line":221,"column":21}},"83":{"start":{"line":201,"column":28},"end":{"line":201,"column":91}},"84":{"start":{"line":202,"column":28},"end":{"line":202,"column":34}},"85":{"start":{"line":204,"column":28},"end":{"line":204,"column":92}},"86":{"start":{"line":205,"column":28},"end":{"line":205,"column":34}},"87":{"start":{"line":207,"column":28},"end":{"line":207,"column":94}},"88":{"start":{"line":208,"column":28},"end":{"line":208,"column":34}},"89":{"start":{"line":210,"column":28},"end":{"line":210,"column":91}},"90":{"start":{"line":211,"column":28},"end":{"line":211,"column":34}},"91":{"start":{"line":213,"column":28},"end":{"line":213,"column":91}},"92":{"start":{"line":214,"column":28},"end":{"line":214,"column":34}},"93":{"start":{"line":216,"column":28},"end":{"line":216,"column":92}},"94":{"start":{"line":217,"column":28},"end":{"line":217,"column":34}},"95":{"start":{"line":219,"column":28},"end":{"line":219,"column":95}},"96":{"start":{"line":220,"column":28},"end":{"line":220,"column":34}},"97":{"start":{"line":223,"column":20},"end":{"line":223,"column":53}},"98":{"start":{"line":223,"column":41},"end":{"line":223,"column":53}},"99":{"start":{"line":226,"column":16},"end":{"line":226,"column":41}},"100":{"start":{"line":227,"column":16},"end":{"line":227,"column":37}},"101":{"start":{"line":229,"column":16},"end":{"line":237,"column":17}},"102":{"start":{"line":230,"column":20},"end":{"line":232,"column":21}},"103":{"start":{"line":231,"column":24},"end":{"line":231,"column":43}},"104":{"start":{"line":234,"column":20},"end":{"line":236,"column":21}},"105":{"start":{"line":235,"column":24},"end":{"line":235,"column":45}},"106":{"start":{"line":240,"column":12},"end":{"line":240,"column":25}},"107":{"start":{"line":251,"column":12},"end":{"line":251,"column":66}},"108":{"start":{"line":254,"column":12},"end":{"line":259,"column":13}},"109":{"start":{"line":255,"column":29},"end":{"line":255,"column":107}},"110":{"start":{"line":257,"column":16},"end":{"line":257,"column":43}},"111":{"start":{"line":258,"column":16},"end":{"line":258,"column":45}},"112":{"start":{"line":262,"column":12},"end":{"line":262,"column":74}},"113":{"start":{"line":273,"column":12},"end":{"line":273,"column":60}},"114":{"start":{"line":288,"column":22},"end":{"line":288,"column":33}},"115":{"start":{"line":289,"column":25},"end":{"line":289,"column":39}},"116":{"start":{"line":290,"column":26},"end":{"line":290,"column":41}},"117":{"start":{"line":293,"column":12},"end":{"line":293,"column":31}},"118":{"start":{"line":294,"column":12},"end":{"line":294,"column":31}},"119":{"start":{"line":295,"column":12},"end":{"line":295,"column":30}},"120":{"start":{"line":298,"column":12},"end":{"line":298,"column":107}},"121":{"start":{"line":300,"column":12},"end":{"line":300,"column":84}},"122":{"start":{"line":300,"column":77},"end":{"line":300,"column":84}},"123":{"start":{"line":302,"column":12},"end":{"line":302,"column":71}},"124":{"start":{"line":304,"column":12},"end":{"line":304,"column":71}},"125":{"start":{"line":304,"column":64},"end":{"line":304,"column":71}},"126":{"start":{"line":307,"column":29},"end":{"line":307,"column":51}},"127":{"start":{"line":308,"column":12},"end":{"line":308,"column":107}},"128":{"start":{"line":318,"column":12},"end":{"line":318,"column":47}},"129":{"start":{"line":320,"column":12},"end":{"line":320,"column":152}},"130":{"start":{"line":320,"column":65},"end":{"line":320,"column":99}},"131":{"start":{"line":320,"column":104},"end":{"line":320,"column":152}},"132":{"start":{"line":330,"column":32},"end":{"line":330,"column":56}},"133":{"start":{"line":333,"column":12},"end":{"line":333,"column":126}},"134":{"start":{"line":336,"column":12},"end":{"line":336,"column":124}},"135":{"start":{"line":346,"column":12},"end":{"line":346,"column":58}},"136":{"start":{"line":358,"column":12},"end":{"line":358,"column":59}},"137":{"start":{"line":369,"column":12},"end":{"line":375,"column":82}},"138":{"start":{"line":380,"column":12},"end":{"line":380,"column":29}},"139":{"start":{"line":390,"column":12},"end":{"line":390,"column":41}},"140":{"start":{"line":394,"column":4},"end":{"line":394,"column":18}},"141":{"start":{"line":397,"column":0},"end":{"line":397,"column":25}}},"fnMap":{"0":{"name":"(anonymous_0)","decl":{"start":{"line":7,"column":19},"end":{"line":7,"column":20}},"loc":{"start":{"line":7,"column":31},"end":{"line":7,"column":561}},"line":7},"1":{"name":"defineProperties","decl":{"start":{"line":7,"column":42},"end":{"line":7,"column":58}},"loc":{"start":{"line":7,"column":74},"end":{"line":7,"column":349}},"line":7},"2":{"name":"(anonymous_2)","decl":{"start":{"line":7,"column":357},"end":{"line":7,"column":358}},"loc":{"start":{"line":7,"column":405},"end":{"line":7,"column":558}},"line":7},"3":{"name":"_interopRequireDefault","decl":{"start":{"line":45,"column":9},"end":{"line":45,"column":31}},"loc":{"start":{"line":45,"column":37},"end":{"line":45,"column":95}},"line":45},"4":{"name":"_toConsumableArray","decl":{"start":{"line":47,"column":9},"end":{"line":47,"column":27}},"loc":{"start":{"line":47,"column":33},"end":{"line":47,"column":195}},"line":47},"5":{"name":"_classCallCheck","decl":{"start":{"line":49,"column":9},"end":{"line":49,"column":24}},"loc":{"start":{"line":49,"column":48},"end":{"line":49,"column":153}},"line":49},"6":{"name":"(anonymous_6)","decl":{"start":{"line":51,"column":13},"end":{"line":51,"column":14}},"loc":{"start":{"line":51,"column":25},"end":{"line":395,"column":1}},"line":51},"7":{"name":"_class","decl":{"start":{"line":56,"column":13},"end":{"line":56,"column":19}},"loc":{"start":{"line":56,"column":32},"end":{"line":76,"column":5}},"line":56},"8":{"name":"listen","decl":{"start":{"line":92,"column":24},"end":{"line":92,"column":30}},"loc":{"start":{"line":92,"column":37},"end":{"line":96,"column":9}},"line":92},"9":{"name":"close","decl":{"start":{"line":104,"column":24},"end":{"line":104,"column":29}},"loc":{"start":{"line":104,"column":32},"end":{"line":106,"column":9}},"line":104},"10":{"name":"getEntryPath","decl":{"start":{"line":115,"column":24},"end":{"line":115,"column":36}},"loc":{"start":{"line":115,"column":48},"end":{"line":128,"column":9}},"line":115},"11":{"name":"resolveConfig","decl":{"start":{"line":138,"column":24},"end":{"line":138,"column":37}},"loc":{"start":{"line":138,"column":61},"end":{"line":145,"column":9}},"line":138},"12":{"name":"addRoute","decl":{"start":{"line":157,"column":24},"end":{"line":157,"column":32}},"loc":{"start":{"line":157,"column":38},"end":{"line":163,"column":9}},"line":157},"13":{"name":"use","decl":{"start":{"line":172,"column":24},"end":{"line":172,"column":27}},"loc":{"start":{"line":172,"column":40},"end":{"line":174,"column":9}},"line":172},"14":{"name":"runRoutes","decl":{"start":{"line":187,"column":24},"end":{"line":187,"column":33}},"loc":{"start":{"line":187,"column":66},"end":{"line":241,"column":9}},"line":187},"15":{"name":"parseRequestData","decl":{"start":{"line":249,"column":24},"end":{"line":249,"column":40}},"loc":{"start":{"line":249,"column":64},"end":{"line":263,"column":9}},"line":249},"16":{"name":"onResponseFinish","decl":{"start":{"line":272,"column":24},"end":{"line":272,"column":40}},"loc":{"start":{"line":272,"column":50},"end":{"line":274,"column":9}},"line":272},"17":{"name":"onRequestEnd","decl":{"start":{"line":287,"column":24},"end":{"line":287,"column":36}},"loc":{"start":{"line":287,"column":71},"end":{"line":309,"column":9}},"line":287},"18":{"name":"onRequestData","decl":{"start":{"line":317,"column":24},"end":{"line":317,"column":37}},"loc":{"start":{"line":317,"column":79},"end":{"line":321,"column":9}},"line":317},"19":{"name":"onRequest","decl":{"start":{"line":329,"column":24},"end":{"line":329,"column":33}},"loc":{"start":{"line":329,"column":53},"end":{"line":337,"column":9}},"line":329},"20":{"name":"onClose","decl":{"start":{"line":345,"column":24},"end":{"line":345,"column":31}},"loc":{"start":{"line":345,"column":34},"end":{"line":347,"column":9}},"line":345},"21":{"name":"onClientError","decl":{"start":{"line":357,"column":24},"end":{"line":357,"column":37}},"loc":{"start":{"line":357,"column":51},"end":{"line":359,"column":9}},"line":357},"22":{"name":"initServer","decl":{"start":{"line":367,"column":24},"end":{"line":367,"column":34}},"loc":{"start":{"line":367,"column":37},"end":{"line":376,"column":9}},"line":367},"23":{"name":"get","decl":{"start":{"line":379,"column":22},"end":{"line":379,"column":25}},"loc":{"start":{"line":379,"column":28},"end":{"line":381,"column":9}},"line":379},"24":{"name":"get","decl":{"start":{"line":389,"column":22},"end":{"line":389,"column":25}},"loc":{"start":{"line":389,"column":28},"end":{"line":391,"column":9}},"line":389}},"branchMap":{"0":{"loc":{"start":{"line":7,"column":168},"end":{"line":7,"column":198}},"type":"binary-expr","locations":[{"start":{"line":7,"column":168},"end":{"line":7,"column":189}},{"start":{"line":7,"column":193},"end":{"line":7,"column":198}}],"line":7},"1":{"loc":{"start":{"line":7,"column":232},"end":{"line":7,"column":286}},"type":"if","locations":[{"start":{"line":7,"column":232},"end":{"line":7,"column":286}},{"start":{"line":7,"column":232},"end":{"line":7,"column":286}}],"line":7},"2":{"loc":{"start":{"line":7,"column":407},"end":{"line":7,"column":475}},"type":"if","locations":[{"start":{"line":7,"column":407},"end":{"line":7,"column":475}},{"start":{"line":7,"column":407},"end":{"line":7,"column":475}}],"line":7},"3":{"loc":{"start":{"line":7,"column":476},"end":{"line":7,"column":536}},"type":"if","locations":[{"start":{"line":7,"column":476},"end":{"line":7,"column":536}},{"start":{"line":7,"column":476},"end":{"line":7,"column":536}}],"line":7},"4":{"loc":{"start":{"line":45,"column":46},"end":{"line":45,"column":92}},"type":"cond-expr","locations":[{"start":{"line":45,"column":70},"end":{"line":45,"column":73}},{"start":{"line":45,"column":76},"end":{"line":45,"column":92}}],"line":45},"5":{"loc":{"start":{"line":45,"column":46},"end":{"line":45,"column":67}},"type":"binary-expr","locations":[{"start":{"line":45,"column":46},"end":{"line":45,"column":49}},{"start":{"line":45,"column":53},"end":{"line":45,"column":67}}],"line":45},"6":{"loc":{"start":{"line":47,"column":35},"end":{"line":47,"column":193}},"type":"if","locations":[{"start":{"line":47,"column":35},"end":{"line":47,"column":193}},{"start":{"line":47,"column":35},"end":{"line":47,"column":193}}],"line":47},"7":{"loc":{"start":{"line":49,"column":50},"end":{"line":49,"column":151}},"type":"if","locations":[{"start":{"line":49,"column":50},"end":{"line":49,"column":151}},{"start":{"line":49,"column":50},"end":{"line":49,"column":151}}],"line":49},"8":{"loc":{"start":{"line":63,"column":8},"end":{"line":63,"column":135}},"type":"if","locations":[{"start":{"line":63,"column":8},"end":{"line":63,"column":135}}],"line":63},"9":{"loc":{"start":{"line":65,"column":57},"end":{"line":65,"column":84}},"type":"binary-expr","locations":[{"start":{"line":65,"column":57},"end":{"line":65,"column":67}},{"start":{"line":65,"column":71},"end":{"line":65,"column":84}}],"line":65},"10":{"loc":{"start":{"line":93,"column":19},"end":{"line":93,"column":31}},"type":"binary-expr","locations":[{"start":{"line":93,"column":19},"end":{"line":93,"column":23}},{"start":{"line":93,"column":27},"end":{"line":93,"column":31}}],"line":93},"11":{"loc":{"start":{"line":117,"column":12},"end":{"line":117,"column":98}},"type":"if","locations":[{"start":{"line":117,"column":12},"end":{"line":117,"column":98}},{"start":{"line":117,"column":12},"end":{"line":117,"column":98}}],"line":117},"12":{"loc":{"start":{"line":121,"column":16},"end":{"line":121,"column":95}},"type":"if","locations":[{"start":{"line":121,"column":16},"end":{"line":121,"column":95}},{"start":{"line":121,"column":16},"end":{"line":121,"column":95}}],"line":121},"13":{"loc":{"start":{"line":142,"column":12},"end":{"line":142,"column":164}},"type":"if","locations":[{"start":{"line":142,"column":12},"end":{"line":142,"column":164}},{"start":{"line":142,"column":12},"end":{"line":142,"column":164}}],"line":142},"14":{"loc":{"start":{"line":173,"column":12},"end":{"line":173,"column":89}},"type":"if","locations":[{"start":{"line":173,"column":12},"end":{"line":173,"column":89}},{"start":{"line":173,"column":12},"end":{"line":173,"column":89}}],"line":173},"15":{"loc":{"start":{"line":199,"column":20},"end":{"line":221,"column":21}},"type":"switch","locations":[{"start":{"line":200,"column":24},"end":{"line":202,"column":34}},{"start":{"line":203,"column":24},"end":{"line":205,"column":34}},{"start":{"line":206,"column":24},"end":{"line":208,"column":34}},{"start":{"line":209,"column":24},"end":{"line":211,"column":34}},{"start":{"line":212,"column":24},"end":{"line":214,"column":34}},{"start":{"line":215,"column":24},"end":{"line":217,"column":34}},{"start":{"line":218,"column":24},"end":{"line":220,"column":34}}],"line":199},"16":{"loc":{"start":{"line":223,"column":20},"end":{"line":223,"column":53}},"type":"if","locations":[{"start":{"line":223,"column":20},"end":{"line":223,"column":53}},{"start":{"line":223,"column":20},"end":{"line":223,"column":53}}],"line":223},"17":{"loc":{"start":{"line":230,"column":20},"end":{"line":232,"column":21}},"type":"if","locations":[{"start":{"line":230,"column":20},"end":{"line":232,"column":21}},{"start":{"line":230,"column":20},"end":{"line":232,"column":21}}],"line":230},"18":{"loc":{"start":{"line":230,"column":24},"end":{"line":230,"column":70}},"type":"binary-expr","locations":[{"start":{"line":230,"column":24},"end":{"line":230,"column":50}},{"start":{"line":230,"column":54},"end":{"line":230,"column":70}}],"line":230},"19":{"loc":{"start":{"line":234,"column":20},"end":{"line":236,"column":21}},"type":"if","locations":[{"start":{"line":234,"column":20},"end":{"line":236,"column":21}},{"start":{"line":234,"column":20},"end":{"line":236,"column":21}}],"line":234},"20":{"loc":{"start":{"line":254,"column":12},"end":{"line":259,"column":13}},"type":"if","locations":[{"start":{"line":254,"column":12},"end":{"line":259,"column":13}},{"start":{"line":254,"column":12},"end":{"line":259,"column":13}}],"line":254},"21":{"loc":{"start":{"line":300,"column":12},"end":{"line":300,"column":84}},"type":"if","locations":[{"start":{"line":300,"column":12},"end":{"line":300,"column":84}},{"start":{"line":300,"column":12},"end":{"line":300,"column":84}}],"line":300},"22":{"loc":{"start":{"line":304,"column":12},"end":{"line":304,"column":71}},"type":"if","locations":[{"start":{"line":304,"column":12},"end":{"line":304,"column":71}},{"start":{"line":304,"column":12},"end":{"line":304,"column":71}}],"line":304},"23":{"loc":{"start":{"line":320,"column":12},"end":{"line":320,"column":152}},"type":"if","locations":[{"start":{"line":320,"column":12},"end":{"line":320,"column":152}},{"start":{"line":320,"column":12},"end":{"line":320,"column":152}}],"line":320}},"s":{"0":1,"1":1,"2":1,"3":17,"4":17,"5":17,"6":17,"7":15,"8":17,"9":1,"10":1,"11":1,"12":1,"13":0,"14":1,"15":1,"16":1,"17":1,"18":1,"19":1,"20":1,"21":1,"22":1,"23":1,"24":1,"25":1,"26":1,"27":1,"28":1,"29":1,"30":1,"31":1,"32":1,"33":9,"34":17,"35":17,"36":34,"37":17,"38":0,"39":34,"40":0,"41":1,"42":34,"43":34,"44":34,"45":34,"46":34,"47":34,"48":34,"49":34,"50":34,"51":34,"52":1,"53":10,"54":10,"55":10,"56":10,"57":36,"58":35,"59":1,"60":1,"61":2,"62":1,"63":1,"64":36,"65":36,"66":36,"67":35,"68":1,"69":36,"70":31,"71":69,"72":31,"73":3,"74":2,"75":7,"76":7,"77":7,"78":7,"79":7,"80":7,"81":17,"82":17,"83":4,"84":4,"85":3,"86":3,"87":2,"88":2,"89":2,"90":2,"91":2,"92":2,"93":2,"94":2,"95":2,"96":2,"97":17,"98":3,"99":0,"100":0,"101":7,"102":7,"103":0,"104":7,"105":0,"106":4,"107":4,"108":4,"109":1,"110":1,"111":1,"112":4,"113":4,"114":5,"115":5,"116":5,"117":5,"118":5,"119":5,"120":5,"121":5,"122":1,"123":4,"124":4,"125":2,"126":2,"127":2,"128":2,"129":2,"130":1,"131":1,"132":5,"133":5,"134":5,"135":10,"136":1,"137":34,"138":2,"139":3,"140":1,"141":1},"f":{"0":1,"1":1,"2":1,"3":9,"4":17,"5":34,"6":1,"7":34,"8":10,"9":10,"10":36,"11":36,"12":31,"13":3,"14":7,"15":4,"16":4,"17":5,"18":2,"19":5,"20":10,"21":1,"22":34,"23":2,"24":3},"b":{"0":[17,17],"1":[15,2],"2":[1,0],"3":[0,1],"4":[5,4],"5":[9,9],"6":[17,0],"7":[0,34],"8":[34],"9":[34,2],"10":[10,8],"11":[35,1],"12":[1,1],"13":[35,1],"14":[2,1],"15":[4,3,2,2,2,2,2],"16":[3,14],"17":[0,7],"18":[7,3],"19":[0,7],"20":[1,3],"21":[1,4],"22":[2,2],"23":[1,1]},"_coverageSchema":"d34fc3e6b8297bcde183f5492bcb8fcb36775295","hash":"c44546a99db68f2b84a161e95f284eb24e18d975","contentHash":"ece2677256c9c7a23102bdd2eac88725_12.0.2"},"/home/forensic/www/r-server/src/modules/Util.js":{"path":"/home/forensic/www/r-server/src/modules/Util.js","statementMap":{"0":{"start":{"line":3,"column":0},"end":{"line":5,"column":3}},"1":{"start":{"line":7,"column":14},"end":{"line":7,"column":268}},"2":{"start":{"line":7,"column":101},"end":{"line":7,"column":119}},"3":{"start":{"line":7,"column":141},"end":{"line":7,"column":266}},"4":{"start":{"line":9,"column":10},"end":{"line":9,"column":23}},"5":{"start":{"line":11,"column":11},"end":{"line":11,"column":38}},"6":{"start":{"line":13,"column":12},"end":{"line":13,"column":27}},"7":{"start":{"line":15,"column":13},"end":{"line":15,"column":42}},"8":{"start":{"line":17,"column":39},"end":{"line":17,"column":93}},"9":{"start":{"line":19,"column":35},"end":{"line":19,"column":193}},"10":{"start":{"line":19,"column":61},"end":{"line":19,"column":145}},"11":{"start":{"line":19,"column":126},"end":{"line":19,"column":143}},"12":{"start":{"line":19,"column":146},"end":{"line":19,"column":158}},"13":{"start":{"line":19,"column":168},"end":{"line":19,"column":191}},"14":{"start":{"line":25,"column":15},"end":{"line":25,"column":40}},"15":{"start":{"line":27,"column":0},"end":{"line":329,"column":2}},"16":{"start":{"line":34,"column":8},"end":{"line":34,"column":86}},"17":{"start":{"line":44,"column":8},"end":{"line":44,"column":130}},"18":{"start":{"line":54,"column":8},"end":{"line":54,"column":89}},"19":{"start":{"line":64,"column":8},"end":{"line":64,"column":117}},"20":{"start":{"line":74,"column":8},"end":{"line":77,"column":9}},"21":{"start":{"line":75,"column":30},"end":{"line":75,"column":61}},"22":{"start":{"line":76,"column":12},"end":{"line":76,"column":85}},"23":{"start":{"line":78,"column":8},"end":{"line":78,"column":21}},"24":{"start":{"line":90,"column":8},"end":{"line":90,"column":60}},"25":{"start":{"line":90,"column":47},"end":{"line":90,"column":60}},"26":{"start":{"line":91,"column":8},"end":{"line":91,"column":47}},"27":{"start":{"line":103,"column":8},"end":{"line":103,"column":42}},"28":{"start":{"line":103,"column":31},"end":{"line":103,"column":42}},"29":{"start":{"line":104,"column":8},"end":{"line":104,"column":69}},"30":{"start":{"line":116,"column":8},"end":{"line":118,"column":9}},"31":{"start":{"line":117,"column":12},"end":{"line":117,"column":66}},"32":{"start":{"line":119,"column":8},"end":{"line":119,"column":52}},"33":{"start":{"line":120,"column":8},"end":{"line":120,"column":48}},"34":{"start":{"line":122,"column":8},"end":{"line":133,"column":10}},"35":{"start":{"line":123,"column":12},"end":{"line":125,"column":13}},"36":{"start":{"line":124,"column":16},"end":{"line":124,"column":45}},"37":{"start":{"line":127,"column":35},"end":{"line":127,"column":82}},"38":{"start":{"line":128,"column":12},"end":{"line":132,"column":13}},"39":{"start":{"line":129,"column":16},"end":{"line":129,"column":63}},"40":{"start":{"line":149,"column":23},"end":{"line":149,"column":75}},"41":{"start":{"line":150,"column":8},"end":{"line":156,"column":9}},"42":{"start":{"line":151,"column":12},"end":{"line":155,"column":15}},"43":{"start":{"line":152,"column":16},"end":{"line":154,"column":29}},"44":{"start":{"line":153,"column":20},"end":{"line":153,"column":40}},"45":{"start":{"line":157,"column":8},"end":{"line":157,"column":26}},"46":{"start":{"line":169,"column":24},"end":{"line":169,"column":98}},"47":{"start":{"line":171,"column":8},"end":{"line":171,"column":33}},"48":{"start":{"line":172,"column":21},"end":{"line":174,"column":10}},"49":{"start":{"line":173,"column":12},"end":{"line":173,"column":83}},"50":{"start":{"line":175,"column":8},"end":{"line":175,"column":31}},"51":{"start":{"line":185,"column":20},"end":{"line":185,"column":84}},"52":{"start":{"line":186,"column":20},"end":{"line":186,"column":22}},"53":{"start":{"line":187,"column":16},"end":{"line":187,"column":18}},"54":{"start":{"line":189,"column":8},"end":{"line":189,"column":37}},"55":{"start":{"line":190,"column":8},"end":{"line":192,"column":9}},"56":{"start":{"line":191,"column":12},"end":{"line":191,"column":79}},"57":{"start":{"line":192,"column":9},"end":{"line":192,"column":31}},"58":{"start":{"line":209,"column":23},"end":{"line":209,"column":39}},"59":{"start":{"line":210,"column":44},"end":{"line":210,"column":48}},"60":{"start":{"line":211,"column":36},"end":{"line":211,"column":41}},"61":{"start":{"line":212,"column":33},"end":{"line":212,"column":42}},"62":{"start":{"line":214,"column":12},"end":{"line":241,"column":13}},"63":{"start":{"line":215,"column":16},"end":{"line":227,"column":17}},"64":{"start":{"line":216,"column":30},"end":{"line":216,"column":41}},"65":{"start":{"line":218,"column":32},"end":{"line":218,"column":40}},"66":{"start":{"line":220,"column":20},"end":{"line":226,"column":21}},"67":{"start":{"line":221,"column":24},"end":{"line":221,"column":98}},"68":{"start":{"line":222,"column":27},"end":{"line":226,"column":21}},"69":{"start":{"line":223,"column":24},"end":{"line":223,"column":129}},"70":{"start":{"line":225,"column":24},"end":{"line":225,"column":42}},"71":{"start":{"line":229,"column":16},"end":{"line":229,"column":41}},"72":{"start":{"line":230,"column":16},"end":{"line":230,"column":37}},"73":{"start":{"line":232,"column":16},"end":{"line":240,"column":17}},"74":{"start":{"line":233,"column":20},"end":{"line":235,"column":21}},"75":{"start":{"line":234,"column":24},"end":{"line":234,"column":43}},"76":{"start":{"line":237,"column":20},"end":{"line":239,"column":21}},"77":{"start":{"line":238,"column":24},"end":{"line":238,"column":45}},"78":{"start":{"line":243,"column":12},"end":{"line":243,"column":24}},"79":{"start":{"line":246,"column":19},"end":{"line":246,"column":21}},"80":{"start":{"line":248,"column":8},"end":{"line":250,"column":9}},"81":{"start":{"line":249,"column":12},"end":{"line":249,"column":46}},"82":{"start":{"line":252,"column":41},"end":{"line":252,"column":45}},"83":{"start":{"line":253,"column":33},"end":{"line":253,"column":38}},"84":{"start":{"line":254,"column":30},"end":{"line":254,"column":39}},"85":{"start":{"line":256,"column":8},"end":{"line":276,"column":9}},"86":{"start":{"line":257,"column":12},"end":{"line":262,"column":13}},"87":{"start":{"line":258,"column":29},"end":{"line":258,"column":41}},"88":{"start":{"line":260,"column":16},"end":{"line":260,"column":58}},"89":{"start":{"line":260,"column":49},"end":{"line":260,"column":58}},"90":{"start":{"line":261,"column":16},"end":{"line":261,"column":52}},"91":{"start":{"line":264,"column":12},"end":{"line":264,"column":38}},"92":{"start":{"line":265,"column":12},"end":{"line":265,"column":34}},"93":{"start":{"line":267,"column":12},"end":{"line":275,"column":13}},"94":{"start":{"line":268,"column":16},"end":{"line":270,"column":17}},"95":{"start":{"line":269,"column":20},"end":{"line":269,"column":40}},"96":{"start":{"line":272,"column":16},"end":{"line":274,"column":17}},"97":{"start":{"line":273,"column":20},"end":{"line":273,"column":42}},"98":{"start":{"line":278,"column":8},"end":{"line":278,"column":20}},"99":{"start":{"line":288,"column":8},"end":{"line":288,"column":89}},"100":{"start":{"line":288,"column":37},"end":{"line":288,"column":89}},"101":{"start":{"line":289,"column":8},"end":{"line":289,"column":84}},"102":{"start":{"line":289,"column":71},"end":{"line":289,"column":84}},"103":{"start":{"line":292,"column":8},"end":{"line":292,"column":38}},"104":{"start":{"line":293,"column":27},"end":{"line":293,"column":29}},"105":{"start":{"line":294,"column":23},"end":{"line":294,"column":26}},"106":{"start":{"line":295,"column":8},"end":{"line":298,"column":9}},"107":{"start":{"line":296,"column":12},"end":{"line":296,"column":60}},"108":{"start":{"line":297,"column":12},"end":{"line":297,"column":75}},"109":{"start":{"line":297,"column":51},"end":{"line":297,"column":75}},"110":{"start":{"line":300,"column":25},"end":{"line":300,"column":62}},"111":{"start":{"line":301,"column":41},"end":{"line":301,"column":45}},"112":{"start":{"line":302,"column":33},"end":{"line":302,"column":38}},"113":{"start":{"line":303,"column":30},"end":{"line":303,"column":39}},"114":{"start":{"line":305,"column":8},"end":{"line":325,"column":9}},"115":{"start":{"line":306,"column":12},"end":{"line":311,"column":13}},"116":{"start":{"line":307,"column":32},"end":{"line":307,"column":44}},"117":{"start":{"line":309,"column":16},"end":{"line":309,"column":81}},"118":{"start":{"line":310,"column":16},"end":{"line":310,"column":53}},"119":{"start":{"line":313,"column":12},"end":{"line":313,"column":38}},"120":{"start":{"line":314,"column":12},"end":{"line":314,"column":34}},"121":{"start":{"line":316,"column":12},"end":{"line":324,"column":13}},"122":{"start":{"line":317,"column":16},"end":{"line":319,"column":17}},"123":{"start":{"line":318,"column":20},"end":{"line":318,"column":40}},"124":{"start":{"line":321,"column":16},"end":{"line":323,"column":17}},"125":{"start":{"line":322,"column":20},"end":{"line":322,"column":42}},"126":{"start":{"line":327,"column":8},"end":{"line":327,"column":20}}},"fnMap":{"0":{"name":"(anonymous_0)","decl":{"start":{"line":7,"column":84},"end":{"line":7,"column":85}},"loc":{"start":{"line":7,"column":99},"end":{"line":7,"column":121}},"line":7},"1":{"name":"(anonymous_1)","decl":{"start":{"line":7,"column":124},"end":{"line":7,"column":125}},"loc":{"start":{"line":7,"column":139},"end":{"line":7,"column":268}},"line":7},"2":{"name":"_interopRequireDefault","decl":{"start":{"line":17,"column":9},"end":{"line":17,"column":31}},"loc":{"start":{"line":17,"column":37},"end":{"line":17,"column":95}},"line":17},"3":{"name":"_toConsumableArray","decl":{"start":{"line":19,"column":9},"end":{"line":19,"column":27}},"loc":{"start":{"line":19,"column":33},"end":{"line":19,"column":195}},"line":19},"4":{"name":"isNumber","decl":{"start":{"line":33,"column":23},"end":{"line":33,"column":31}},"loc":{"start":{"line":33,"column":42},"end":{"line":35,"column":5}},"line":33},"5":{"name":"isCallable","decl":{"start":{"line":43,"column":25},"end":{"line":43,"column":35}},"loc":{"start":{"line":43,"column":46},"end":{"line":45,"column":5}},"line":43},"6":{"name":"isArray","decl":{"start":{"line":53,"column":22},"end":{"line":53,"column":29}},"loc":{"start":{"line":53,"column":40},"end":{"line":55,"column":5}},"line":53},"7":{"name":"isObject","decl":{"start":{"line":63,"column":23},"end":{"line":63,"column":31}},"loc":{"start":{"line":63,"column":42},"end":{"line":65,"column":5}},"line":63},"8":{"name":"isPlainObject","decl":{"start":{"line":73,"column":28},"end":{"line":73,"column":41}},"loc":{"start":{"line":73,"column":52},"end":{"line":79,"column":5}},"line":73},"9":{"name":"isValidParameter","decl":{"start":{"line":89,"column":31},"end":{"line":89,"column":47}},"loc":{"start":{"line":89,"column":72},"end":{"line":92,"column":5}},"line":89},"10":{"name":"makeArray","decl":{"start":{"line":102,"column":24},"end":{"line":102,"column":33}},"loc":{"start":{"line":102,"column":53},"end":{"line":105,"column":5}},"line":102},"11":{"name":"generateCallback","decl":{"start":{"line":115,"column":31},"end":{"line":115,"column":47}},"loc":{"start":{"line":115,"column":77},"end":{"line":134,"column":5}},"line":115},"12":{"name":"(anonymous_12)","decl":{"start":{"line":122,"column":15},"end":{"line":122,"column":16}},"loc":{"start":{"line":122,"column":27},"end":{"line":133,"column":9}},"line":122},"13":{"name":"runSafe","decl":{"start":{"line":148,"column":22},"end":{"line":148,"column":29}},"loc":{"start":{"line":148,"column":71},"end":{"line":158,"column":5}},"line":148},"14":{"name":"(anonymous_14)","decl":{"start":{"line":151,"column":31},"end":{"line":151,"column":32}},"loc":{"start":{"line":151,"column":50},"end":{"line":155,"column":13}},"line":151},"15":{"name":"(anonymous_15)","decl":{"start":{"line":152,"column":27},"end":{"line":152,"column":28}},"loc":{"start":{"line":152,"column":39},"end":{"line":154,"column":17}},"line":152},"16":{"name":"camelCase","decl":{"start":{"line":168,"column":24},"end":{"line":168,"column":33}},"loc":{"start":{"line":168,"column":41},"end":{"line":176,"column":5}},"line":168},"17":{"name":"(anonymous_17)","decl":{"start":{"line":172,"column":48},"end":{"line":172,"column":49}},"loc":{"start":{"line":172,"column":70},"end":{"line":174,"column":9}},"line":172},"18":{"name":"getRandomText","decl":{"start":{"line":184,"column":28},"end":{"line":184,"column":41}},"loc":{"start":{"line":184,"column":50},"end":{"line":193,"column":5}},"line":184},"19":{"name":"mergeObjects","decl":{"start":{"line":201,"column":27},"end":{"line":201,"column":39}},"loc":{"start":{"line":201,"column":42},"end":{"line":279,"column":5}},"line":201},"20":{"name":"run","decl":{"start":{"line":208,"column":17},"end":{"line":208,"column":20}},"loc":{"start":{"line":208,"column":32},"end":{"line":244,"column":9}},"line":208},"21":{"name":"mkDirSync","decl":{"start":{"line":287,"column":24},"end":{"line":287,"column":33}},"loc":{"start":{"line":287,"column":39},"end":{"line":328,"column":5}},"line":287}},"branchMap":{"0":{"loc":{"start":{"line":7,"column":14},"end":{"line":7,"column":268}},"type":"cond-expr","locations":[{"start":{"line":7,"column":84},"end":{"line":7,"column":121}},{"start":{"line":7,"column":124},"end":{"line":7,"column":268}}],"line":7},"1":{"loc":{"start":{"line":7,"column":14},"end":{"line":7,"column":81}},"type":"binary-expr","locations":[{"start":{"line":7,"column":14},"end":{"line":7,"column":42}},{"start":{"line":7,"column":46},"end":{"line":7,"column":81}}],"line":7},"2":{"loc":{"start":{"line":7,"column":148},"end":{"line":7,"column":265}},"type":"cond-expr","locations":[{"start":{"line":7,"column":244},"end":{"line":7,"column":252}},{"start":{"line":7,"column":255},"end":{"line":7,"column":265}}],"line":7},"3":{"loc":{"start":{"line":7,"column":148},"end":{"line":7,"column":241}},"type":"binary-expr","locations":[{"start":{"line":7,"column":148},"end":{"line":7,"column":151}},{"start":{"line":7,"column":155},"end":{"line":7,"column":183}},{"start":{"line":7,"column":187},"end":{"line":7,"column":213}},{"start":{"line":7,"column":217},"end":{"line":7,"column":241}}],"line":7},"4":{"loc":{"start":{"line":17,"column":46},"end":{"line":17,"column":92}},"type":"cond-expr","locations":[{"start":{"line":17,"column":70},"end":{"line":17,"column":73}},{"start":{"line":17,"column":76},"end":{"line":17,"column":92}}],"line":17},"5":{"loc":{"start":{"line":17,"column":46},"end":{"line":17,"column":67}},"type":"binary-expr","locations":[{"start":{"line":17,"column":46},"end":{"line":17,"column":49}},{"start":{"line":17,"column":53},"end":{"line":17,"column":67}}],"line":17},"6":{"loc":{"start":{"line":19,"column":35},"end":{"line":19,"column":193}},"type":"if","locations":[{"start":{"line":19,"column":35},"end":{"line":19,"column":193}},{"start":{"line":19,"column":35},"end":{"line":19,"column":193}}],"line":19},"7":{"loc":{"start":{"line":34,"column":15},"end":{"line":34,"column":85}},"type":"binary-expr","locations":[{"start":{"line":34,"column":15},"end":{"line":34,"column":43}},{"start":{"line":34,"column":47},"end":{"line":34,"column":63}},{"start":{"line":34,"column":67},"end":{"line":34,"column":85}}],"line":34},"8":{"loc":{"start":{"line":44,"column":15},"end":{"line":44,"column":129}},"type":"binary-expr","locations":[{"start":{"line":44,"column":16},"end":{"line":44,"column":63}},{"start":{"line":44,"column":67},"end":{"line":44,"column":95}},{"start":{"line":44,"column":100},"end":{"line":44,"column":129}}],"line":44},"9":{"loc":{"start":{"line":54,"column":15},"end":{"line":54,"column":88}},"type":"binary-expr","locations":[{"start":{"line":54,"column":15},"end":{"line":54,"column":59}},{"start":{"line":54,"column":63},"end":{"line":54,"column":88}}],"line":54},"10":{"loc":{"start":{"line":64,"column":15},"end":{"line":64,"column":116}},"type":"binary-expr","locations":[{"start":{"line":64,"column":15},"end":{"line":64,"column":95}},{"start":{"line":64,"column":99},"end":{"line":64,"column":116}}],"line":64},"11":{"loc":{"start":{"line":64,"column":16},"end":{"line":64,"column":81}},"type":"cond-expr","locations":[{"start":{"line":64,"column":50},"end":{"line":64,"column":61}},{"start":{"line":64,"column":64},"end":{"line":64,"column":81}}],"line":64},"12":{"loc":{"start":{"line":74,"column":8},"end":{"line":77,"column":9}},"type":"if","locations":[{"start":{"line":74,"column":8},"end":{"line":77,"column":9}},{"start":{"line":74,"column":8},"end":{"line":77,"column":9}}],"line":74},"13":{"loc":{"start":{"line":76,"column":19},"end":{"line":76,"column":84}},"type":"binary-expr","locations":[{"start":{"line":76,"column":19},"end":{"line":76,"column":39}},{"start":{"line":76,"column":43},"end":{"line":76,"column":84}}],"line":76},"14":{"loc":{"start":{"line":90,"column":8},"end":{"line":90,"column":60}},"type":"if","locations":[{"start":{"line":90,"column":8},"end":{"line":90,"column":60}},{"start":{"line":90,"column":8},"end":{"line":90,"column":60}}],"line":90},"15":{"loc":{"start":{"line":90,"column":12},"end":{"line":90,"column":45}},"type":"binary-expr","locations":[{"start":{"line":90,"column":12},"end":{"line":90,"column":24}},{"start":{"line":90,"column":28},"end":{"line":90,"column":45}}],"line":90},"16":{"loc":{"start":{"line":103,"column":8},"end":{"line":103,"column":42}},"type":"if","locations":[{"start":{"line":103,"column":8},"end":{"line":103,"column":42}},{"start":{"line":103,"column":8},"end":{"line":103,"column":42}}],"line":103},"17":{"loc":{"start":{"line":104,"column":15},"end":{"line":104,"column":68}},"type":"cond-expr","locations":[{"start":{"line":104,"column":58},"end":{"line":104,"column":63}},{"start":{"line":104,"column":66},"end":{"line":104,"column":68}}],"line":104},"18":{"loc":{"start":{"line":116,"column":8},"end":{"line":118,"column":9}},"type":"if","locations":[{"start":{"line":116,"column":8},"end":{"line":118,"column":9}},{"start":{"line":116,"column":8},"end":{"line":118,"column":9}}],"line":116},"19":{"loc":{"start":{"line":119,"column":16},"end":{"line":119,"column":51}},"type":"cond-expr","locations":[{"start":{"line":119,"column":39},"end":{"line":119,"column":44}},{"start":{"line":119,"column":47},"end":{"line":119,"column":51}}],"line":119},"20":{"loc":{"start":{"line":150,"column":8},"end":{"line":156,"column":9}},"type":"if","locations":[{"start":{"line":150,"column":8},"end":{"line":156,"column":9}},{"start":{"line":150,"column":8},"end":{"line":156,"column":9}}],"line":150},"21":{"loc":{"start":{"line":169,"column":24},"end":{"line":169,"column":98}},"type":"cond-expr","locations":[{"start":{"line":169,"column":77},"end":{"line":169,"column":89}},{"start":{"line":169,"column":92},"end":{"line":169,"column":98}}],"line":169},"22":{"loc":{"start":{"line":169,"column":24},"end":{"line":169,"column":74}},"type":"binary-expr","locations":[{"start":{"line":169,"column":24},"end":{"line":169,"column":44}},{"start":{"line":169,"column":48},"end":{"line":169,"column":74}}],"line":169},"23":{"loc":{"start":{"line":173,"column":19},"end":{"line":173,"column":82}},"type":"cond-expr","locations":[{"start":{"line":173,"column":31},"end":{"line":173,"column":36}},{"start":{"line":173,"column":39},"end":{"line":173,"column":82}}],"line":173},"24":{"loc":{"start":{"line":189,"column":17},"end":{"line":189,"column":36}},"type":"cond-expr","locations":[{"start":{"line":189,"column":26},"end":{"line":189,"column":32}},{"start":{"line":189,"column":35},"end":{"line":189,"column":36}}],"line":189},"25":{"loc":{"start":{"line":220,"column":20},"end":{"line":226,"column":21}},"type":"if","locations":[{"start":{"line":220,"column":20},"end":{"line":226,"column":21}},{"start":{"line":220,"column":20},"end":{"line":226,"column":21}}],"line":220},"26":{"loc":{"start":{"line":221,"column":36},"end":{"line":221,"column":97}},"type":"cond-expr","locations":[{"start":{"line":221,"column":64},"end":{"line":221,"column":89}},{"start":{"line":221,"column":92},"end":{"line":221,"column":97}}],"line":221},"27":{"loc":{"start":{"line":222,"column":27},"end":{"line":226,"column":21}},"type":"if","locations":[{"start":{"line":222,"column":27},"end":{"line":226,"column":21}},{"start":{"line":222,"column":27},"end":{"line":226,"column":21}}],"line":222},"28":{"loc":{"start":{"line":223,"column":36},"end":{"line":223,"column":128}},"type":"cond-expr","locations":[{"start":{"line":223,"column":68},"end":{"line":223,"column":100}},{"start":{"line":223,"column":103},"end":{"line":223,"column":128}}],"line":223},"29":{"loc":{"start":{"line":233,"column":20},"end":{"line":235,"column":21}},"type":"if","locations":[{"start":{"line":233,"column":20},"end":{"line":235,"column":21}},{"start":{"line":233,"column":20},"end":{"line":235,"column":21}}],"line":233},"30":{"loc":{"start":{"line":233,"column":24},"end":{"line":233,"column":70}},"type":"binary-expr","locations":[{"start":{"line":233,"column":24},"end":{"line":233,"column":50}},{"start":{"line":233,"column":54},"end":{"line":233,"column":70}}],"line":233},"31":{"loc":{"start":{"line":237,"column":20},"end":{"line":239,"column":21}},"type":"if","locations":[{"start":{"line":237,"column":20},"end":{"line":239,"column":21}},{"start":{"line":237,"column":20},"end":{"line":239,"column":21}}],"line":237},"32":{"loc":{"start":{"line":260,"column":16},"end":{"line":260,"column":58}},"type":"if","locations":[{"start":{"line":260,"column":16},"end":{"line":260,"column":58}},{"start":{"line":260,"column":16},"end":{"line":260,"column":58}}],"line":260},"33":{"loc":{"start":{"line":268,"column":16},"end":{"line":270,"column":17}},"type":"if","locations":[{"start":{"line":268,"column":16},"end":{"line":270,"column":17}},{"start":{"line":268,"column":16},"end":{"line":270,"column":17}}],"line":268},"34":{"loc":{"start":{"line":268,"column":20},"end":{"line":268,"column":68}},"type":"binary-expr","locations":[{"start":{"line":268,"column":20},"end":{"line":268,"column":47}},{"start":{"line":268,"column":51},"end":{"line":268,"column":68}}],"line":268},"35":{"loc":{"start":{"line":272,"column":16},"end":{"line":274,"column":17}},"type":"if","locations":[{"start":{"line":272,"column":16},"end":{"line":274,"column":17}},{"start":{"line":272,"column":16},"end":{"line":274,"column":17}}],"line":272},"36":{"loc":{"start":{"line":288,"column":8},"end":{"line":288,"column":89}},"type":"if","locations":[{"start":{"line":288,"column":8},"end":{"line":288,"column":89}},{"start":{"line":288,"column":8},"end":{"line":288,"column":89}}],"line":288},"37":{"loc":{"start":{"line":289,"column":8},"end":{"line":289,"column":84}},"type":"if","locations":[{"start":{"line":289,"column":8},"end":{"line":289,"column":84}},{"start":{"line":289,"column":8},"end":{"line":289,"column":84}}],"line":289},"38":{"loc":{"start":{"line":289,"column":12},"end":{"line":289,"column":69}},"type":"binary-expr","locations":[{"start":{"line":289,"column":12},"end":{"line":289,"column":23}},{"start":{"line":289,"column":27},"end":{"line":289,"column":37}},{"start":{"line":289,"column":41},"end":{"line":289,"column":69}}],"line":289},"39":{"loc":{"start":{"line":295,"column":15},"end":{"line":295,"column":54}},"type":"binary-expr","locations":[{"start":{"line":295,"column":15},"end":{"line":295,"column":34}},{"start":{"line":295,"column":38},"end":{"line":295,"column":54}}],"line":295},"40":{"loc":{"start":{"line":297,"column":12},"end":{"line":297,"column":75}},"type":"if","locations":[{"start":{"line":297,"column":12},"end":{"line":297,"column":75}},{"start":{"line":297,"column":12},"end":{"line":297,"column":75}}],"line":297},"41":{"loc":{"start":{"line":317,"column":16},"end":{"line":319,"column":17}},"type":"if","locations":[{"start":{"line":317,"column":16},"end":{"line":319,"column":17}},{"start":{"line":317,"column":16},"end":{"line":319,"column":17}}],"line":317},"42":{"loc":{"start":{"line":317,"column":20},"end":{"line":317,"column":68}},"type":"binary-expr","locations":[{"start":{"line":317,"column":20},"end":{"line":317,"column":47}},{"start":{"line":317,"column":51},"end":{"line":317,"column":68}}],"line":317},"43":{"loc":{"start":{"line":321,"column":16},"end":{"line":323,"column":17}},"type":"if","locations":[{"start":{"line":321,"column":16},"end":{"line":323,"column":17}},{"start":{"line":321,"column":16},"end":{"line":323,"column":17}}],"line":321}},"s":{"0":1,"1":1,"2":926,"3":0,"4":1,"5":1,"6":1,"7":1,"8":2,"9":43,"10":43,"11":78,"12":43,"13":0,"14":1,"15":1,"16":6,"17":143,"18":110,"19":949,"20":867,"21":233,"22":233,"23":634,"24":45,"25":1,"26":44,"27":80,"28":38,"29":42,"30":79,"31":2,"32":77,"33":77,"34":77,"35":43,"36":12,"37":43,"38":43,"39":43,"40":26,"41":25,"42":2,"43":2,"44":2,"45":23,"46":2,"47":2,"48":2,"49":6,"50":2,"51":22,"52":22,"53":22,"54":22,"55":22,"56":164,"57":22,"58":152,"59":152,"60":152,"61":152,"62":152,"63":152,"64":757,"65":757,"66":757,"67":750,"68":7,"69":4,"70":3,"71":0,"72":0,"73":152,"74":152,"75":0,"76":152,"77":0,"78":152,"79":37,"80":37,"81":77,"82":37,"83":37,"84":37,"85":37,"86":37,"87":77,"88":77,"89":1,"90":76,"91":0,"92":0,"93":37,"94":37,"95":0,"96":37,"97":0,"98":37,"99":22,"100":1,"101":21,"102":19,"103":2,"104":2,"105":2,"106":2,"107":4,"108":4,"109":2,"110":2,"111":2,"112":2,"113":2,"114":2,"115":2,"116":4,"117":4,"118":4,"119":0,"120":0,"121":2,"122":2,"123":0,"124":2,"125":0,"126":2},"f":{"0":926,"1":0,"2":2,"3":43,"4":6,"5":143,"6":110,"7":949,"8":867,"9":45,"10":80,"11":79,"12":43,"13":26,"14":2,"15":2,"16":2,"17":6,"18":22,"19":37,"20":152,"21":22},"b":{"0":[1,0],"1":[1,1],"2":[0,0],"3":[0,0,0,0],"4":[0,2],"5":[2,2],"6":[43,0],"7":[6,4,3],"8":[143,14,129],"9":[110,66],"10":[949,312],"11":[23,926],"12":[233,634],"13":[233,232],"14":[1,44],"15":[45,1],"16":[38,42],"17":[3,39],"18":[2,77],"19":[51,26],"20":[2,23],"21":[1,1],"22":[2,1],"23":[2,4],"24":[21,1],"25":[750,7],"26":[72,678],"27":[4,3],"28":[3,1],"29":[0,152],"30":[152,0],"31":[0,152],"32":[1,76],"33":[0,37],"34":[37,0],"35":[0,37],"36":[1,21],"37":[19,2],"38":[21,20,19],"39":[6,4],"40":[2,2],"41":[0,2],"42":[2,0],"43":[0,2]},"_coverageSchema":"d34fc3e6b8297bcde183f5492bcb8fcb36775295","hash":"08df4dfd6b11e69f206180102f342c8346db41cd","contentHash":"ecf9cf140a81480c7b63fb972374e91a_12.0.2"},"/home/forensic/www/r-server/src/modules/StaticFileServer.js":{"path":"/home/forensic/www/r-server/src/modules/StaticFileServer.js","statementMap":{"0":{"start":{"line":3,"column":0},"end":{"line":5,"column":3}},"1":{"start":{"line":7,"column":19},"end":{"line":7,"column":563}},"2":{"start":{"line":7,"column":76},"end":{"line":7,"column":347}},"3":{"start":{"line":7,"column":134},"end":{"line":7,"column":142}},"4":{"start":{"line":7,"column":144},"end":{"line":7,"column":199}},"5":{"start":{"line":7,"column":200},"end":{"line":7,"column":231}},"6":{"start":{"line":7,"column":232},"end":{"line":7,"column":286}},"7":{"start":{"line":7,"column":259},"end":{"line":7,"column":286}},"8":{"start":{"line":7,"column":287},"end":{"line":7,"column":345}},"9":{"start":{"line":7,"column":350},"end":{"line":7,"column":559}},"10":{"start":{"line":7,"column":407},"end":{"line":7,"column":475}},"11":{"start":{"line":7,"column":423},"end":{"line":7,"column":475}},"12":{"start":{"line":7,"column":476},"end":{"line":7,"column":536}},"13":{"start":{"line":7,"column":493},"end":{"line":7,"column":536}},"14":{"start":{"line":7,"column":537},"end":{"line":7,"column":556}},"15":{"start":{"line":12,"column":12},"end":{"line":12,"column":27}},"16":{"start":{"line":14,"column":13},"end":{"line":14,"column":42}},"17":{"start":{"line":16,"column":10},"end":{"line":16,"column":23}},"18":{"start":{"line":18,"column":11},"end":{"line":18,"column":38}},"19":{"start":{"line":20,"column":14},"end":{"line":20,"column":31}},"20":{"start":{"line":22,"column":15},"end":{"line":22,"column":46}},"21":{"start":{"line":24,"column":12},"end":{"line":24,"column":32}},"22":{"start":{"line":26,"column":13},"end":{"line":26,"column":42}},"23":{"start":{"line":28,"column":39},"end":{"line":28,"column":93}},"24":{"start":{"line":30,"column":50},"end":{"line":30,"column":151}},"25":{"start":{"line":30,"column":92},"end":{"line":30,"column":149}},"26":{"start":{"line":32,"column":23},"end":{"line":351,"column":3}},"27":{"start":{"line":42,"column":8},"end":{"line":42,"column":48}},"28":{"start":{"line":44,"column":8},"end":{"line":44,"column":31}},"29":{"start":{"line":45,"column":8},"end":{"line":47,"column":11}},"30":{"start":{"line":46,"column":12},"end":{"line":46,"column":65}},"31":{"start":{"line":48,"column":8},"end":{"line":48,"column":35}},"32":{"start":{"line":49,"column":8},"end":{"line":49,"column":49}},"33":{"start":{"line":50,"column":8},"end":{"line":50,"column":70}},"34":{"start":{"line":58,"column":4},"end":{"line":348,"column":8}},"35":{"start":{"line":68,"column":23},"end":{"line":68,"column":54}},"36":{"start":{"line":70,"column":12},"end":{"line":76,"column":14}},"37":{"start":{"line":92,"column":12},"end":{"line":92,"column":87}},"38":{"start":{"line":93,"column":12},"end":{"line":93,"column":54}},"39":{"start":{"line":95,"column":12},"end":{"line":95,"column":61}},"40":{"start":{"line":95,"column":22},"end":{"line":95,"column":41}},"41":{"start":{"line":95,"column":46},"end":{"line":95,"column":61}},"42":{"start":{"line":96,"column":12},"end":{"line":98,"column":18}},"43":{"start":{"line":97,"column":16},"end":{"line":97,"column":27}},"44":{"start":{"line":99,"column":12},"end":{"line":99,"column":24}},"45":{"start":{"line":115,"column":12},"end":{"line":115,"column":87}},"46":{"start":{"line":117,"column":12},"end":{"line":117,"column":48}},"47":{"start":{"line":119,"column":29},"end":{"line":119,"column":68}},"48":{"start":{"line":121,"column":12},"end":{"line":126,"column":15}},"49":{"start":{"line":122,"column":16},"end":{"line":122,"column":39}},"50":{"start":{"line":128,"column":12},"end":{"line":128,"column":54}},"51":{"start":{"line":129,"column":12},"end":{"line":129,"column":24}},"52":{"start":{"line":139,"column":12},"end":{"line":139,"column":114}},"53":{"start":{"line":139,"column":102},"end":{"line":139,"column":114}},"54":{"start":{"line":141,"column":12},"end":{"line":141,"column":127}},"55":{"start":{"line":141,"column":115},"end":{"line":141,"column":127}},"56":{"start":{"line":143,"column":12},"end":{"line":143,"column":25}},"57":{"start":{"line":156,"column":23},"end":{"line":156,"column":60}},"58":{"start":{"line":157,"column":12},"end":{"line":157,"column":46}},"59":{"start":{"line":159,"column":12},"end":{"line":159,"column":65}},"60":{"start":{"line":171,"column":44},"end":{"line":171,"column":48}},"61":{"start":{"line":172,"column":36},"end":{"line":172,"column":41}},"62":{"start":{"line":173,"column":33},"end":{"line":173,"column":42}},"63":{"start":{"line":175,"column":12},"end":{"line":194,"column":13}},"64":{"start":{"line":176,"column":16},"end":{"line":180,"column":17}},"65":{"start":{"line":177,"column":31},"end":{"line":177,"column":42}},"66":{"start":{"line":179,"column":20},"end":{"line":179,"column":98}},"67":{"start":{"line":179,"column":86},"end":{"line":179,"column":98}},"68":{"start":{"line":182,"column":16},"end":{"line":182,"column":41}},"69":{"start":{"line":183,"column":16},"end":{"line":183,"column":37}},"70":{"start":{"line":185,"column":16},"end":{"line":193,"column":17}},"71":{"start":{"line":186,"column":20},"end":{"line":188,"column":21}},"72":{"start":{"line":187,"column":24},"end":{"line":187,"column":43}},"73":{"start":{"line":190,"column":20},"end":{"line":192,"column":21}},"74":{"start":{"line":191,"column":24},"end":{"line":191,"column":45}},"75":{"start":{"line":196,"column":12},"end":{"line":196,"column":22}},"76":{"start":{"line":209,"column":28},"end":{"line":209,"column":30}},"77":{"start":{"line":211,"column":12},"end":{"line":211,"column":85}},"78":{"start":{"line":213,"column":12},"end":{"line":252,"column":13}},"79":{"start":{"line":214,"column":49},"end":{"line":214,"column":53}},"80":{"start":{"line":215,"column":41},"end":{"line":215,"column":46}},"81":{"start":{"line":216,"column":38},"end":{"line":216,"column":47}},"82":{"start":{"line":218,"column":16},"end":{"line":251,"column":17}},"83":{"start":{"line":219,"column":20},"end":{"line":237,"column":21}},"84":{"start":{"line":220,"column":41},"end":{"line":220,"column":53}},"85":{"start":{"line":222,"column":39},"end":{"line":222,"column":75}},"86":{"start":{"line":224,"column":24},"end":{"line":236,"column":25}},"87":{"start":{"line":226,"column":28},"end":{"line":229,"column":29}},"88":{"start":{"line":227,"column":32},"end":{"line":227,"column":53}},"89":{"start":{"line":228,"column":32},"end":{"line":228,"column":38}},"90":{"start":{"line":231,"column":50},"end":{"line":231,"column":83}},"91":{"start":{"line":232,"column":28},"end":{"line":235,"column":29}},"92":{"start":{"line":233,"column":32},"end":{"line":233,"column":98}},"93":{"start":{"line":234,"column":32},"end":{"line":234,"column":38}},"94":{"start":{"line":239,"column":20},"end":{"line":239,"column":46}},"95":{"start":{"line":240,"column":20},"end":{"line":240,"column":42}},"96":{"start":{"line":242,"column":20},"end":{"line":250,"column":21}},"97":{"start":{"line":243,"column":24},"end":{"line":245,"column":25}},"98":{"start":{"line":244,"column":28},"end":{"line":244,"column":48}},"99":{"start":{"line":247,"column":24},"end":{"line":249,"column":25}},"100":{"start":{"line":248,"column":28},"end":{"line":248,"column":50}},"101":{"start":{"line":255,"column":12},"end":{"line":255,"column":116}},"102":{"start":{"line":255,"column":84},"end":{"line":255,"column":101}},"103":{"start":{"line":255,"column":106},"end":{"line":255,"column":116}},"104":{"start":{"line":271,"column":12},"end":{"line":271,"column":42}},"105":{"start":{"line":273,"column":27},"end":{"line":273,"column":60}},"106":{"start":{"line":274,"column":12},"end":{"line":274,"column":46}},"107":{"start":{"line":274,"column":33},"end":{"line":274,"column":46}},"108":{"start":{"line":276,"column":12},"end":{"line":276,"column":134}},"109":{"start":{"line":276,"column":38},"end":{"line":276,"column":134}},"110":{"start":{"line":278,"column":29},"end":{"line":278,"column":61}},"111":{"start":{"line":280,"column":12},"end":{"line":280,"column":156}},"112":{"start":{"line":280,"column":97},"end":{"line":280,"column":156}},"113":{"start":{"line":282,"column":12},"end":{"line":289,"column":13}},"114":{"start":{"line":284,"column":20},"end":{"line":284,"column":58}},"115":{"start":{"line":285,"column":20},"end":{"line":285,"column":87}},"116":{"start":{"line":288,"column":20},"end":{"line":288,"column":89}},"117":{"start":{"line":305,"column":12},"end":{"line":305,"column":175}},"118":{"start":{"line":305,"column":27},"end":{"line":305,"column":106}},"119":{"start":{"line":305,"column":111},"end":{"line":305,"column":175}},"120":{"start":{"line":307,"column":12},"end":{"line":311,"column":13}},"121":{"start":{"line":308,"column":16},"end":{"line":308,"column":45}},"122":{"start":{"line":309,"column":16},"end":{"line":309,"column":39}},"123":{"start":{"line":310,"column":16},"end":{"line":310,"column":28}},"124":{"start":{"line":313,"column":26},"end":{"line":313,"column":58}},"125":{"start":{"line":314,"column":12},"end":{"line":314,"column":74}},"126":{"start":{"line":315,"column":12},"end":{"line":315,"column":24}},"127":{"start":{"line":330,"column":26},"end":{"line":330,"column":69}},"128":{"start":{"line":331,"column":12},"end":{"line":334,"column":13}},"129":{"start":{"line":332,"column":16},"end":{"line":332,"column":39}},"130":{"start":{"line":333,"column":16},"end":{"line":333,"column":23}},"131":{"start":{"line":336,"column":29},"end":{"line":336,"column":61}},"132":{"start":{"line":337,"column":12},"end":{"line":337,"column":112}},"133":{"start":{"line":339,"column":12},"end":{"line":339,"column":90}},"134":{"start":{"line":341,"column":12},"end":{"line":341,"column":73}},"135":{"start":{"line":346,"column":12},"end":{"line":346,"column":38}},"136":{"start":{"line":350,"column":4},"end":{"line":350,"column":28}},"137":{"start":{"line":353,"column":0},"end":{"line":353,"column":35}}},"fnMap":{"0":{"name":"(anonymous_0)","decl":{"start":{"line":7,"column":19},"end":{"line":7,"column":20}},"loc":{"start":{"line":7,"column":31},"end":{"line":7,"column":561}},"line":7},"1":{"name":"defineProperties","decl":{"start":{"line":7,"column":42},"end":{"line":7,"column":58}},"loc":{"start":{"line":7,"column":74},"end":{"line":7,"column":349}},"line":7},"2":{"name":"(anonymous_2)","decl":{"start":{"line":7,"column":357},"end":{"line":7,"column":358}},"loc":{"start":{"line":7,"column":405},"end":{"line":7,"column":558}},"line":7},"3":{"name":"_interopRequireDefault","decl":{"start":{"line":28,"column":9},"end":{"line":28,"column":31}},"loc":{"start":{"line":28,"column":37},"end":{"line":28,"column":95}},"line":28},"4":{"name":"_classCallCheck","decl":{"start":{"line":30,"column":9},"end":{"line":30,"column":24}},"loc":{"start":{"line":30,"column":48},"end":{"line":30,"column":153}},"line":30},"5":{"name":"(anonymous_5)","decl":{"start":{"line":32,"column":23},"end":{"line":32,"column":24}},"loc":{"start":{"line":32,"column":35},"end":{"line":351,"column":1}},"line":32},"6":{"name":"StaticFileServer","decl":{"start":{"line":41,"column":13},"end":{"line":41,"column":29}},"loc":{"start":{"line":41,"column":95},"end":{"line":51,"column":5}},"line":41},"7":{"name":"(anonymous_7)","decl":{"start":{"line":45,"column":43},"end":{"line":45,"column":44}},"loc":{"start":{"line":45,"column":65},"end":{"line":47,"column":9}},"line":45},"8":{"name":"getDefaultHeaders","decl":{"start":{"line":67,"column":24},"end":{"line":67,"column":41}},"loc":{"start":{"line":67,"column":52},"end":{"line":77,"column":9}},"line":67},"9":{"name":"endResponse","decl":{"start":{"line":91,"column":24},"end":{"line":91,"column":35}},"loc":{"start":{"line":91,"column":79},"end":{"line":100,"column":9}},"line":91},"10":{"name":"(anonymous_10)","decl":{"start":{"line":92,"column":72},"end":{"line":92,"column":73}},"loc":{"start":{"line":92,"column":84},"end":{"line":92,"column":86}},"line":92},"11":{"name":"(anonymous_11)","decl":{"start":{"line":96,"column":23},"end":{"line":96,"column":24}},"loc":{"start":{"line":96,"column":35},"end":{"line":98,"column":13}},"line":96},"12":{"name":"endStream","decl":{"start":{"line":114,"column":24},"end":{"line":114,"column":33}},"loc":{"start":{"line":114,"column":81},"end":{"line":130,"column":9}},"line":114},"13":{"name":"(anonymous_13)","decl":{"start":{"line":115,"column":72},"end":{"line":115,"column":73}},"loc":{"start":{"line":115,"column":84},"end":{"line":115,"column":86}},"line":115},"14":{"name":"(anonymous_14)","decl":{"start":{"line":121,"column":33},"end":{"line":121,"column":34}},"loc":{"start":{"line":121,"column":45},"end":{"line":123,"column":13}},"line":121},"15":{"name":"(anonymous_15)","decl":{"start":{"line":123,"column":27},"end":{"line":123,"column":28}},"loc":{"start":{"line":123,"column":39},"end":{"line":126,"column":13}},"line":123},"16":{"name":"negotiateContent","decl":{"start":{"line":138,"column":24},"end":{"line":138,"column":40}},"loc":{"start":{"line":138,"column":67},"end":{"line":144,"column":9}},"line":138},"17":{"name":"getFileTag","decl":{"start":{"line":155,"column":24},"end":{"line":155,"column":34}},"loc":{"start":{"line":155,"column":54},"end":{"line":160,"column":9}},"line":155},"18":{"name":"getDefaultDocument","decl":{"start":{"line":170,"column":24},"end":{"line":170,"column":42}},"loc":{"start":{"line":170,"column":48},"end":{"line":197,"column":9}},"line":170},"19":{"name":"validateRequest","decl":{"start":{"line":208,"column":24},"end":{"line":208,"column":39}},"loc":{"start":{"line":208,"column":53},"end":{"line":256,"column":9}},"line":208},"20":{"name":"serve","decl":{"start":{"line":270,"column":24},"end":{"line":270,"column":29}},"loc":{"start":{"line":270,"column":72},"end":{"line":290,"column":9}},"line":270},"21":{"name":"serveHttpErrorFile","decl":{"start":{"line":304,"column":24},"end":{"line":304,"column":42}},"loc":{"start":{"line":304,"column":90},"end":{"line":316,"column":9}},"line":304},"22":{"name":"serveDownload","decl":{"start":{"line":329,"column":24},"end":{"line":329,"column":37}},"loc":{"start":{"line":329,"column":78},"end":{"line":342,"column":9}},"line":329},"23":{"name":"get","decl":{"start":{"line":345,"column":22},"end":{"line":345,"column":25}},"loc":{"start":{"line":345,"column":28},"end":{"line":347,"column":9}},"line":345}},"branchMap":{"0":{"loc":{"start":{"line":7,"column":168},"end":{"line":7,"column":198}},"type":"binary-expr","locations":[{"start":{"line":7,"column":168},"end":{"line":7,"column":189}},{"start":{"line":7,"column":193},"end":{"line":7,"column":198}}],"line":7},"1":{"loc":{"start":{"line":7,"column":232},"end":{"line":7,"column":286}},"type":"if","locations":[{"start":{"line":7,"column":232},"end":{"line":7,"column":286}},{"start":{"line":7,"column":232},"end":{"line":7,"column":286}}],"line":7},"2":{"loc":{"start":{"line":7,"column":407},"end":{"line":7,"column":475}},"type":"if","locations":[{"start":{"line":7,"column":407},"end":{"line":7,"column":475}},{"start":{"line":7,"column":407},"end":{"line":7,"column":475}}],"line":7},"3":{"loc":{"start":{"line":7,"column":476},"end":{"line":7,"column":536}},"type":"if","locations":[{"start":{"line":7,"column":476},"end":{"line":7,"column":536}},{"start":{"line":7,"column":476},"end":{"line":7,"column":536}}],"line":7},"4":{"loc":{"start":{"line":28,"column":46},"end":{"line":28,"column":92}},"type":"cond-expr","locations":[{"start":{"line":28,"column":70},"end":{"line":28,"column":73}},{"start":{"line":28,"column":76},"end":{"line":28,"column":92}}],"line":28},"5":{"loc":{"start":{"line":28,"column":46},"end":{"line":28,"column":67}},"type":"binary-expr","locations":[{"start":{"line":28,"column":46},"end":{"line":28,"column":49}},{"start":{"line":28,"column":53},"end":{"line":28,"column":67}}],"line":28},"6":{"loc":{"start":{"line":30,"column":50},"end":{"line":30,"column":151}},"type":"if","locations":[{"start":{"line":30,"column":50},"end":{"line":30,"column":151}},{"start":{"line":30,"column":50},"end":{"line":30,"column":151}}],"line":30},"7":{"loc":{"start":{"line":50,"column":28},"end":{"line":50,"column":69}},"type":"binary-expr","locations":[{"start":{"line":50,"column":28},"end":{"line":50,"column":40}},{"start":{"line":50,"column":44},"end":{"line":50,"column":69}}],"line":50},"8":{"loc":{"start":{"line":71,"column":32},"end":{"line":71,"column":125}},"type":"binary-expr","locations":[{"start":{"line":71,"column":32},"end":{"line":71,"column":95}},{"start":{"line":71,"column":99},"end":{"line":71,"column":125}}],"line":71},"9":{"loc":{"start":{"line":92,"column":23},"end":{"line":92,"column":86}},"type":"cond-expr","locations":[{"start":{"line":92,"column":61},"end":{"line":92,"column":69}},{"start":{"line":92,"column":72},"end":{"line":92,"column":86}}],"line":92},"10":{"loc":{"start":{"line":93,"column":39},"end":{"line":93,"column":52}},"type":"binary-expr","locations":[{"start":{"line":93,"column":39},"end":{"line":93,"column":46}},{"start":{"line":93,"column":50},"end":{"line":93,"column":52}}],"line":93},"11":{"loc":{"start":{"line":95,"column":12},"end":{"line":95,"column":61}},"type":"if","locations":[{"start":{"line":95,"column":12},"end":{"line":95,"column":61}},{"start":{"line":95,"column":12},"end":{"line":95,"column":61}}],"line":95},"12":{"loc":{"start":{"line":115,"column":23},"end":{"line":115,"column":86}},"type":"cond-expr","locations":[{"start":{"line":115,"column":61},"end":{"line":115,"column":69}},{"start":{"line":115,"column":72},"end":{"line":115,"column":86}}],"line":115},"13":{"loc":{"start":{"line":139,"column":12},"end":{"line":139,"column":114}},"type":"if","locations":[{"start":{"line":139,"column":12},"end":{"line":139,"column":114}},{"start":{"line":139,"column":12},"end":{"line":139,"column":114}}],"line":139},"14":{"loc":{"start":{"line":139,"column":16},"end":{"line":139,"column":100}},"type":"binary-expr","locations":[{"start":{"line":139,"column":16},"end":{"line":139,"column":63}},{"start":{"line":139,"column":67},"end":{"line":139,"column":100}}],"line":139},"15":{"loc":{"start":{"line":141,"column":12},"end":{"line":141,"column":127}},"type":"if","locations":[{"start":{"line":141,"column":12},"end":{"line":141,"column":127}},{"start":{"line":141,"column":12},"end":{"line":141,"column":127}}],"line":141},"16":{"loc":{"start":{"line":141,"column":16},"end":{"line":141,"column":113}},"type":"binary-expr","locations":[{"start":{"line":141,"column":16},"end":{"line":141,"column":67}},{"start":{"line":141,"column":71},"end":{"line":141,"column":113}}],"line":141},"17":{"loc":{"start":{"line":159,"column":51},"end":{"line":159,"column":63}},"type":"binary-expr","locations":[{"start":{"line":159,"column":51},"end":{"line":159,"column":57}},{"start":{"line":159,"column":61},"end":{"line":159,"column":63}}],"line":159},"18":{"loc":{"start":{"line":179,"column":20},"end":{"line":179,"column":98}},"type":"if","locations":[{"start":{"line":179,"column":20},"end":{"line":179,"column":98}},{"start":{"line":179,"column":20},"end":{"line":179,"column":98}}],"line":179},"19":{"loc":{"start":{"line":186,"column":20},"end":{"line":188,"column":21}},"type":"if","locations":[{"start":{"line":186,"column":20},"end":{"line":188,"column":21}},{"start":{"line":186,"column":20},"end":{"line":188,"column":21}}],"line":186},"20":{"loc":{"start":{"line":186,"column":24},"end":{"line":186,"column":70}},"type":"binary-expr","locations":[{"start":{"line":186,"column":24},"end":{"line":186,"column":50}},{"start":{"line":186,"column":54},"end":{"line":186,"column":70}}],"line":186},"21":{"loc":{"start":{"line":190,"column":20},"end":{"line":192,"column":21}},"type":"if","locations":[{"start":{"line":190,"column":20},"end":{"line":192,"column":21}},{"start":{"line":190,"column":20},"end":{"line":192,"column":21}}],"line":190},"22":{"loc":{"start":{"line":213,"column":12},"end":{"line":252,"column":13}},"type":"if","locations":[{"start":{"line":213,"column":12},"end":{"line":252,"column":13}},{"start":{"line":213,"column":12},"end":{"line":252,"column":13}}],"line":213},"23":{"loc":{"start":{"line":224,"column":24},"end":{"line":236,"column":25}},"type":"if","locations":[{"start":{"line":224,"column":24},"end":{"line":236,"column":25}},{"start":{"line":224,"column":24},"end":{"line":236,"column":25}}],"line":224},"24":{"loc":{"start":{"line":226,"column":28},"end":{"line":229,"column":29}},"type":"if","locations":[{"start":{"line":226,"column":28},"end":{"line":229,"column":29}},{"start":{"line":226,"column":28},"end":{"line":229,"column":29}}],"line":226},"25":{"loc":{"start":{"line":232,"column":28},"end":{"line":235,"column":29}},"type":"if","locations":[{"start":{"line":232,"column":28},"end":{"line":235,"column":29}},{"start":{"line":232,"column":28},"end":{"line":235,"column":29}}],"line":232},"26":{"loc":{"start":{"line":243,"column":24},"end":{"line":245,"column":25}},"type":"if","locations":[{"start":{"line":243,"column":24},"end":{"line":245,"column":25}},{"start":{"line":243,"column":24},"end":{"line":245,"column":25}}],"line":243},"27":{"loc":{"start":{"line":243,"column":28},"end":{"line":243,"column":76}},"type":"binary-expr","locations":[{"start":{"line":243,"column":28},"end":{"line":243,"column":55}},{"start":{"line":243,"column":59},"end":{"line":243,"column":76}}],"line":243},"28":{"loc":{"start":{"line":247,"column":24},"end":{"line":249,"column":25}},"type":"if","locations":[{"start":{"line":247,"column":24},"end":{"line":249,"column":25}},{"start":{"line":247,"column":24},"end":{"line":249,"column":25}}],"line":247},"29":{"loc":{"start":{"line":255,"column":12},"end":{"line":255,"column":116}},"type":"if","locations":[{"start":{"line":255,"column":12},"end":{"line":255,"column":116}},{"start":{"line":255,"column":12},"end":{"line":255,"column":116}}],"line":255},"30":{"loc":{"start":{"line":255,"column":16},"end":{"line":255,"column":82}},"type":"binary-expr","locations":[{"start":{"line":255,"column":16},"end":{"line":255,"column":25}},{"start":{"line":255,"column":29},"end":{"line":255,"column":82}}],"line":255},"31":{"loc":{"start":{"line":274,"column":12},"end":{"line":274,"column":46}},"type":"if","locations":[{"start":{"line":274,"column":12},"end":{"line":274,"column":46}},{"start":{"line":274,"column":12},"end":{"line":274,"column":46}}],"line":274},"32":{"loc":{"start":{"line":276,"column":12},"end":{"line":276,"column":134}},"type":"if","locations":[{"start":{"line":276,"column":12},"end":{"line":276,"column":134}},{"start":{"line":276,"column":12},"end":{"line":276,"column":134}}],"line":276},"33":{"loc":{"start":{"line":280,"column":12},"end":{"line":280,"column":156}},"type":"if","locations":[{"start":{"line":280,"column":12},"end":{"line":280,"column":156}},{"start":{"line":280,"column":12},"end":{"line":280,"column":156}}],"line":280},"34":{"loc":{"start":{"line":282,"column":12},"end":{"line":289,"column":13}},"type":"switch","locations":[{"start":{"line":283,"column":16},"end":{"line":285,"column"
[...]
2},"end":{"line":9,"column":286}},{"start":{"line":9,"column":232},"end":{"line":9,"column":286}}],"line":9},"9":{"loc":{"start":{"line":9,"column":407},"end":{"line":9,"column":475}},"type":"if","locations":[{"start":{"line":9,"column":407},"end":{"line":9,"column":475}},{"start":{"line":9,"column":407},"end":{"line":9,"column":475}}],"line":9},"10":{"loc":{"start":{"line":9,"column":476},"end":{"line":9,"column":536}},"type":"if","locations":[{"start":{"line":9,"column":476},"end":{"line":9,"column":536}},{"start":{"line":9,"column":476},"end":{"line":9,"column":536}}],"line":9},"11":{"loc":{"start":{"line":26,"column":46},"end":{"line":26,"column":92}},"type":"cond-expr","locations":[{"start":{"line":26,"column":70},"end":{"line":26,"column":73}},{"start":{"line":26,"column":76},"end":{"line":26,"column":92}}],"line":26},"12":{"loc":{"start":{"line":26,"column":46},"end":{"line":26,"column":67}},"type":"binary-expr","locations":[{"start":{"line":26,"column":46},"end":{"line":26,"column":49}},{"start":{"line":26,"column":53},"end":{"line":26,"column":67}}],"line":26},"13":{"loc":{"start":{"line":28,"column":50},"end":{"line":28,"column":151}},"type":"if","locations":[{"start":{"line":28,"column":50},"end":{"line":28,"column":151}},{"start":{"line":28,"column":50},"end":{"line":28,"column":151}}],"line":28},"14":{"loc":{"start":{"line":40,"column":24},"end":{"line":40,"column":54}},"type":"cond-expr","locations":[{"start":{"line":40,"column":35},"end":{"line":40,"column":43}},{"start":{"line":40,"column":46},"end":{"line":40,"column":54}}],"line":40},"15":{"loc":{"start":{"line":60,"column":12},"end":{"line":65,"column":13}},"type":"if","locations":[{"start":{"line":60,"column":12},"end":{"line":65,"column":13}},{"start":{"line":60,"column":12},"end":{"line":65,"column":13}}],"line":60},"16":{"loc":{"start":{"line":62,"column":16},"end":{"line":62,"column":110}},"type":"if","locations":[{"start":{"line":62,"column":16},"end":{"line":62,"column":110}},{"start":{"line":62,"column":16},"end":{"line":62,"column":110}}],"line":62},"17":{"loc":{"start":{"line":96,"column":12},"end":{"line":127,"column":13}},"type":"if","locations":[{"start":{"line":96,"column":12},"end":{"line":127,"column":13}},{"start":{"line":96,"column":12},"end":{"line":127,"column":13}}],"line":96},"18":{"loc":{"start":{"line":118,"column":24},"end":{"line":120,"column":25}},"type":"if","locations":[{"start":{"line":118,"column":24},"end":{"line":120,"column":25}},{"start":{"line":118,"column":24},"end":{"line":120,"column":25}}],"line":118},"19":{"loc":{"start":{"line":118,"column":28},"end":{"line":118,"column":74}},"type":"binary-expr","locations":[{"start":{"line":118,"column":28},"end":{"line":118,"column":54}},{"start":{"line":118,"column":58},"end":{"line":118,"column":74}}],"line":118},"20":{"loc":{"start":{"line":122,"column":24},"end":{"line":124,"column":25}},"type":"if","locations":[{"start":{"line":122,"column":24},"end":{"line":124,"column":25}},{"start":{"line":122,"column":24},"end":{"line":124,"column":25}}],"line":122},"21":{"loc":{"start":{"line":140,"column":12},"end":{"line":140,"column":101}},"type":"if","locations":[{"start":{"line":140,"column":12},"end":{"line":140,"column":101}},{"start":{"line":140,"column":12},"end":{"line":140,"column":101}}],"line":140},"22":{"loc":{"start":{"line":171,"column":20},"end":{"line":171,"column":93}},"type":"if","locations":[{"start":{"line":171,"column":20},"end":{"line":171,"column":93}},{"start":{"line":171,"column":20},"end":{"line":171,"column":93}}],"line":171},"23":{"loc":{"start":{"line":178,"column":20},"end":{"line":180,"column":21}},"type":"if","locations":[{"start":{"line":178,"column":20},"end":{"line":180,"column":21}},{"start":{"line":178,"column":20},"end":{"line":180,"column":21}}],"line":178},"24":{"loc":{"start":{"line":178,"column":24},"end":{"line":178,"column":72}},"type":"binary-expr","locations":[{"start":{"line":178,"column":24},"end":{"line":178,"column":51}},{"start":{"line":178,"column":55},"end":{"line":178,"column":72}}],"line":178},"25":{"loc":{"start":{"line":182,"column":20},"end":{"line":184,"column":21}},"type":"if","locations":[{"start":{"line":182,"column":20},"end":{"line":184,"column":21}},{"start":{"line":182,"column":20},"end":{"line":184,"column":21}}],"line":182},"26":{"loc":{"start":{"line":229,"column":12},"end":{"line":230,"column":86}},"type":"if","locations":[{"start":{"line":229,"column":12},"end":{"line":230,"column":86}},{"start":{"line":229,"column":12},"end":{"line":230,"column":86}}],"line":229},"27":{"loc":{"start":{"line":246,"column":20},"end":{"line":263,"column":21}},"type":"switch","locations":[{"start":{"line":247,"column":24},"end":{"line":253,"column":34}},{"start":{"line":255,"column":24},"end":{"line":258,"column":34}},{"start":{"line":260,"column":24},"end":{"line":262,"column":34}}],"line":246},"28":{"loc":{"start":{"line":248,"column":28},"end":{"line":248,"column":100}},"type":"if","locations":[{"start":{"line":248,"column":28},"end":{"line":248,"column":100}},{"start":{"line":248,"column":28},"end":{"line":248,"column":100}}],"line":248},"29":{"loc":{"start":{"line":252,"column":28},"end":{"line":252,"column":153}},"type":"if","locations":[{"start":{"line":252,"column":28},"end":{"line":252,"column":153}},{"start":{"line":252,"column":28},"end":{"line":252,"column":153}}],"line":252},"30":{"loc":{"start":{"line":270,"column":20},"end":{"line":272,"column":21}},"type":"if","locations":[{"start":{"line":270,"column":20},"end":{"line":272,"column":21}},{"start":{"line":270,"column":20},"end":{"line":272,"column":21}}],"line":270},"31":{"loc":{"start":{"line":270,"column":24},"end":{"line":270,"column":72}},"type":"binary-expr","locations":[{"start":{"line":270,"column":24},"end":{"line":270,"column":51}},{"start":{"line":270,"column":55},"end":{"line":270,"column":72}}],"line":270},"32":{"loc":{"start":{"line":274,"column":20},"end":{"line":276,"column":21}},"type":"if","locations":[{"start":{"line":274,"column":20},"end":{"line":276,"column":21}},{"start":{"line":274,"column":20},"end":{"line":276,"column":21}}],"line":274},"33":{"loc":{"start":{"line":298,"column":12},"end":{"line":298,"column":162}},"type":"if","locations":[{"start":{"line":298,"column":12},"end":{"line":298,"column":162}}],"line":298},"34":{"loc":{"start":{"line":319,"column":20},"end":{"line":330,"column":21}},"type":"if","locations":[{"start":{"line":319,"column":20},"end":{"line":330,"column":21}}],"line":319},"35":{"loc":{"start":{"line":337,"column":32},"end":{"line":337,"column":105}},"type":"cond-expr","locations":[{"start":{"line":337,"column":55},"end":{"line":337,"column":95}},{"start":{"line":337,"column":98},"end":{"line":337,"column":105}}],"line":337},"36":{"loc":{"start":{"line":338,"column":33},"end":{"line":338,"column":68}},"type":"cond-expr","locations":[{"start":{"line":338,"column":56},"end":{"line":338,"column":61}},{"start":{"line":338,"column":64},"end":{"line":338,"column":68}}],"line":338},"37":{"loc":{"start":{"line":347,"column":20},"end":{"line":349,"column":21}},"type":"if","locations":[{"start":{"line":347,"column":20},"end":{"line":349,"column":21}},{"start":{"line":347,"column":20},"end":{"line":349,"column":21}}],"line":347},"38":{"loc":{"start":{"line":347,"column":24},"end":{"line":347,"column":72}},"type":"binary-expr","locations":[{"start":{"line":347,"column":24},"end":{"line":347,"column":51}},{"start":{"line":347,"column":55},"end":{"line":347,"column":72}}],"line":347},"39":{"loc":{"start":{"line":351,"column":20},"end":{"line":353,"column":21}},"type":"if","locations":[{"start":{"line":351,"column":20},"end":{"line":353,"column":21}},{"start":{"line":351,"column":20},"end":{"line":353,"column":21}}],"line":351},"40":{"loc":{"start":{"line":372,"column":12},"end":{"line":387,"column":13}},"type":"switch","locations":[{"start":{"line":373,"column":16},"end":{"line":373,"column":33}},{"start":{"line":374,"column":16},"end":{"line":375,"column":72}},{"start":{"line":377,"column":16},"end":{"line":377,"column":34}},{"start":{"line":378,"column":16},"end":{"line":379,"column":78}},{"start":{"line":381,"column":16},"end":{"line":383,"column":66}},{"start":{"line":385,"column":16},"end":{"line":386,"column":51}}],"line":372},"41":{"loc":{"start":{"line":382,"column":20},"end":{"line":382,"column":117}},"type":"if","locations":[{"start":{"line":382,"column":20},"end":{"line":382,"column":117}},{"start":{"line":382,"column":20},"end":{"line":382,"column":117}}],"line":382},"42":{"loc":{"start":{"line":382,"column":24},"end":{"line":382,"column":80}},"type":"binary-expr","locations":[{"start":{"line":382,"column":24},"end":{"line":382,"column":43}},{"start":{"line":382,"column":47},"end":{"line":382,"column":80}}],"line":382}},"s":{"0":1,"1":1,"2":0,"3":0,"4":0,"5":0,"6":0,"7":0,"8":0,"9":0,"10":0,"11":0,"12":0,"13":0,"14":0,"15":0,"16":0,"17":0,"18":0,"19":1,"20":92,"21":92,"22":0,"23":0,"24":0,"25":1,"26":1,"27":10,"28":10,"29":10,"30":10,"31":9,"32":10,"33":1,"34":1,"35":1,"36":1,"37":0,"38":1,"39":1,"40":1,"41":1,"42":1,"43":1,"44":1,"45":3,"46":44,"47":0,"48":1,"49":44,"50":44,"51":44,"52":1,"53":68,"54":42,"55":42,"56":12,"57":30,"58":26,"59":4,"60":4,"61":4,"62":1,"63":4,"64":5,"65":5,"66":3,"67":3,"68":3,"69":3,"70":3,"71":3,"72":21,"73":21,"74":21,"75":21,"76":21,"77":21,"78":0,"79":0,"80":3,"81":3,"82":0,"83":3,"84":0,"85":5,"86":7,"87":2,"88":5,"89":7,"90":4,"91":7,"92":7,"93":7,"94":7,"95":7,"96":3,"97":3,"98":3,"99":3,"100":1,"101":2,"102":0,"103":0,"104":7,"105":7,"106":0,"107":7,"108":0,"109":17,"110":17,"111":17,"112":17,"113":17,"114":49,"115":1,"116":48,"117":48,"118":48,"119":48,"120":48,"121":48,"122":68,"123":68,"124":68,"125":68,"126":68,"127":68,"128":48,"129":19,"130":48,"131":48,"132":46,"133":2,"134":48,"135":19,"136":19,"137":19,"138":1,"139":1,"140":0,"141":0,"142":48,"143":48,"144":0,"145":48,"146":0,"147":48,"148":4,"149":4,"150":4,"151":2,"152":4,"153":4,"154":4,"155":4,"156":4,"157":4,"158":44,"159":44,"160":44,"161":44,"162":44,"163":44,"164":44,"165":44,"166":44,"167":44,"168":44,"169":44,"170":44,"171":44,"172":0,"173":0,"174":4,"175":4,"176":0,"177":4,"178":0,"179":4,"180":6,"181":6,"182":6,"183":6,"184":2,"185":1,"186":2,"187":1,"188":2,"189":1,"190":1,"191":1,"192":1},"f":{"0":1,"1":0,"2":92,"3":1,"4":1,"5":1,"6":3,"7":44,"8":1,"9":44,"10":68,"11":4,"12":5,"13":7,"14":7,"15":4,"16":17,"17":49,"18":4,"19":6,"20":1},"b":{"0":[0,0],"1":[0,0],"2":[0,0],"3":[0,0],"4":[0,0],"5":[92,0],"6":[0,0],"7":[10,10],"8":[9,1],"9":[1,0],"10":[0,1],"11":[1,2],"12":[3,3],"13":[0,44],"14":[35,9],"15":[42,26],"16":[12,30],"17":[3,2],"18":[0,3],"19":[3,0],"20":[0,3],"21":[2,5],"22":[1,2],"23":[0,7],"24":[7,0],"25":[0,7],"26":[1,48],"27":[48,19,1],"28":[19,29],"29":[46,2],"30":[0,48],"31":[48,0],"32":[0,48],"33":[2],"34":[44],"35":[16,28],"36":[16,28],"37":[0,4],"38":[4,0],"39":[0,4],"40":[0,2,0,1,2,1],"41":[1,1],"42":[2,1]},"_coverageSchema":"d34fc3e6b8297bcde183f5492bcb8fcb36775295","hash":"93f47a737fa7d60d6f9eef72944a7c03df0a80c9","contentHash":"7d2043df5b7a0f5a0fcdcf884ad5c0be_12.0.2"},"/home/forensic/www/r-server/src/modules/RServerResponse.js":{"path":"/home/forensic/www/r-server/src/modules/RServerResponse.js","statementMap":{"0":{"start":{"line":3,"column":0},"end":{"line":5,"column":3}},"1":{"start":{"line":7,"column":19},"end":{"line":7,"column":563}},"2":{"start":{"line":7,"column":76},"end":{"line":7,"column":347}},"3":{"start":{"line":7,"column":134},"end":{"line":7,"column":142}},"4":{"start":{"line":7,"column":144},"end":{"line":7,"column":199}},"5":{"start":{"line":7,"column":200},"end":{"line":7,"column":231}},"6":{"start":{"line":7,"column":232},"end":{"line":7,"column":286}},"7":{"start":{"line":7,"column":259},"end":{"line":7,"column":286}},"8":{"start":{"line":7,"column":287},"end":{"line":7,"column":345}},"9":{"start":{"line":7,"column":350},"end":{"line":7,"column":559}},"10":{"start":{"line":7,"column":407},"end":{"line":7,"column":475}},"11":{"start":{"line":7,"column":423},"end":{"line":7,"column":475}},"12":{"start":{"line":7,"column":476},"end":{"line":7,"column":536}},"13":{"start":{"line":7,"column":493},"end":{"line":7,"column":536}},"14":{"start":{"line":7,"column":537},"end":{"line":7,"column":556}},"15":{"start":{"line":9,"column":12},"end":{"line":9,"column":27}},"16":{"start":{"line":11,"column":50},"end":{"line":11,"column":151}},"17":{"start":{"line":11,"column":92},"end":{"line":11,"column":149}},"18":{"start":{"line":13,"column":50},"end":{"line":13,"column":151}},"19":{"start":{"line":13,"column":63},"end":{"line":13,"column":149}},"20":{"start":{"line":13,"column":152},"end":{"line":13,"column":238}},"21":{"start":{"line":15,"column":43},"end":{"line":15,"column":208}},"22":{"start":{"line":15,"column":106},"end":{"line":15,"column":206}},"23":{"start":{"line":15,"column":209},"end":{"line":15,"column":373}},"24":{"start":{"line":15,"column":374},"end":{"line":15,"column":492}},"25":{"start":{"line":15,"column":390},"end":{"line":15,"column":492}},"26":{"start":{"line":17,"column":0},"end":{"line":73,"column":2}},"27":{"start":{"line":25,"column":8},"end":{"line":71,"column":32}},"28":{"start":{"line":26,"column":12},"end":{"line":26,"column":47}},"29":{"start":{"line":34,"column":16},"end":{"line":34,"column":46}},"30":{"start":{"line":36,"column":16},"end":{"line":38,"column":17}},"31":{"start":{"line":37,"column":20},"end":{"line":37,"column":49}},"32":{"start":{"line":40,"column":16},"end":{"line":40,"column":154}},"33":{"start":{"line":48,"column":12},"end":{"line":68,"column":16}},"34":{"start":{"line":61,"column":20},"end":{"line":61,"column":87}},"35":{"start":{"line":66,"column":20},"end":{"line":66,"column":45}},"36":{"start":{"line":70,"column":12},"end":{"line":70,"column":26}}},"fnMap":{"0":{"name":"(anonymous_0)","decl":{"start":{"line":7,"column":19},"end":{"line":7,"column":20}},"loc":{"start":{"line":7,"column":31},"end":{"line":7,"column":561}},"line":7},"1":{"name":"defineProperties","decl":{"start":{"line":7,"column":42},"end":{"line":7,"column":58}},"loc":{"start":{"line":7,"column":74},"end":{"line":7,"column":349}},"line":7},"2":{"name":"(anonymous_2)","decl":{"start":{"line":7,"column":357},"end":{"line":7,"column":358}},"loc":{"start":{"line":7,"column":405},"end":{"line":7,"column":558}},"line":7},"3":{"name":"_classCallCheck","decl":{"start":{"line":11,"column":9},"end":{"line":11,"column":24}},"loc":{"start":{"line":11,"column":48},"end":{"line":11,"column":153}},"line":11},"4":{"name":"_possibleConstructorReturn","decl":{"start":{"line":13,"column":9},"end":{"line":13,"column":35}},"loc":{"start":{"line":13,"column":48},"end":{"line":13,"column":240}},"line":13},"5":{"name":"_inherits","decl":{"start":{"line":15,"column":9},"end":{"line":15,"column":18}},"loc":{"start":{"line":15,"column":41},"end":{"line":15,"column":494}},"line":15},"6":{"name":"getClass","decl":{"start":{"line":23,"column":23},"end":{"line":23,"column":31}},"loc":{"start":{"line":23,"column":50},"end":{"line":72,"column":5}},"line":23},"7":{"name":"(anonymous_7)","decl":{"start":{"line":25,"column":15},"end":{"line":25,"column":16}},"loc":{"start":{"line":25,"column":42},"end":{"line":71,"column":9}},"line":25},"8":{"name":"_class","decl":{"start":{"line":31,"column":21},"end":{"line":31,"column":27}},"loc":{"start":{"line":31,"column":30},"end":{"line":41,"column":13}},"line":31},"9":{"name":"download","decl":{"start":{"line":60,"column":32},"end":{"line":60,"column":40}},"loc":{"start":{"line":60,"column":71},"end":{"line":62,"column":17}},"line":60},"10":{"name":"get","decl":{"start":{"line":65,"column":30},"end":{"line":65,"column":33}},"loc":{"start":{"line":65,"column":36},"end":{"line":67,"column":17}},"line":65}},"branchMap":{"0":{"loc":{"start":{"line":7,"column":168},"end":{"line":7,"column":198}},"type":"binary-expr","locations":[{"start":{"line":7,"column":168},"end":{"line":7,"column":189}},{"start":{"line":7,"column":193},"end":{"line":7,"column":198}}],"line":7},"1":{"loc":{"start":{"line":7,"column":232},"end":{"line":7,"column":286}},"type":"if","locations":[{"start":{"line":7,"column":232},"end":{"line":7,"column":286}},{"start":{"line":7,"column":232},"end":{"line":7,"column":286}}],"line":7},"2":{"loc":{"start":{"line":7,"column":407},"end":{"line":7,"column":475}},"type":"if","locations":[{"start":{"line":7,"column":407},"end":{"line":7,"column":475}},{"start":{"line":7,"column":407},"end":{"line":7,"column":475}}],"line":7},"3":{"loc":{"start":{"line":7,"column":476},"end":{"line":7,"column":536}},"type":"if","locations":[{"start":{"line":7,"column":476},"end":{"line":7,"column":536}},{"start":{"line":7,"column":476},"end":{"line":7,"column":536}}],"line":7},"4":{"loc":{"start":{"line":11,"column":50},"end":{"line":11,"column":151}},"type":"if","locations":[{"start":{"line":11,"column":50},"end":{"line":11,"column":151}},{"start":{"line":11,"column":50},"end":{"line":11,"column":151}}],"line":11},"5":{"loc":{"start":{"line":13,"column":50},"end":{"line":13,"column":151}},"type":"if","locations":[{"start":{"line":13,"column":50},"end":{"line":13,"column":151}},{"start":{"line":13,"column":50},"end":{"line":13,"column":151}}],"line":13},"6":{"loc":{"start":{"line":13,"column":159},"end":{"line":13,"column":237}},"type":"cond-expr","locations":[{"start":{"line":13,"column":226},"end":{"line":13,"column":230}},{"start":{"line":13,"column":233},"end":{"line":13,"column":237}}],"line":13},"7":{"loc":{"start":{"line":13,"column":159},"end":{"line":13,"column":223}},"type":"binary-expr","locations":[{"start":{"line":13,"column":159},"end":{"line":13,"column":163}},{"start":{"line":13,"column":168},"end":{"line":13,"column":192}},{"start":{"line":13,"column":196},"end":{"line":13,"column":222}}],"line":13},"8":{"loc":{"start":{"line":15,"column":43},"end":{"line":15,"column":208}},"type":"if","locations":[{"start":{"line":15,"column":43},"end":{"line":15,"column":208}},{"start":{"line":15,"column":43},"end":{"line":15,"column":208}}],"line":15},"9":{"loc":{"start":{"line":15,"column":47},"end":{"line":15,"column":102}},"type":"binary-expr","locations":[{"start":{"line":15,"column":47},"end":{"line":15,"column":79}},{"start":{"line":15,"column":83},"end":{"line":15,"column":102}}],"line":15},"10":{"loc":{"start":{"line":15,"column":244},"end":{"line":15,"column":278}},"type":"binary-expr","locations":[{"start":{"line":15,"column":244},"end":{"line":15,"column":254}},{"start":{"line":15,"column":258},"end":{"line":15,"column":278}}],"line":15},"11":{"loc":{"start":{"line":15,"column":374},"end":{"line":15,"column":492}},"type":"if","locations":[{"start":{"line":15,"column":374},"end":{"line":15,"column":492}},{"start":{"line":15,"column":374},"end":{"line":15,"column":492}}],"line":15},"12":{"loc":{"start":{"line":15,"column":390},"end":{"line":15,"column":491}},"type":"cond-expr","locations":[{"start":{"line":15,"column":414},"end":{"line":15,"column":457}},{"start":{"line":15,"column":460},"end":{"line":15,"column":491}}],"line":15},"13":{"loc":{"start":{"line":40,"column":64},"end":{"line":40,"column":113}},"type":"binary-expr","locations":[{"start":{"line":40,"column":64},"end":{"line":40,"column":80}},{"start":{"line":40,"column":84},"end":{"line":40,"column":113}}],"line":40}},"s":{"0":1,"1":1,"2":36,"3":72,"4":72,"5":72,"6":72,"7":36,"8":72,"9":1,"10":36,"11":36,"12":36,"13":0,"14":36,"15":1,"16":8,"17":0,"18":7,"19":0,"20":7,"21":36,"22":0,"23":36,"24":36,"25":36,"26":1,"27":36,"28":36,"29":8,"30":8,"31":8,"32":8,"33":36,"34":1,"35":1,"36":36},"f":{"0":1,"1":36,"2":36,"3":8,"4":7,"5":36,"6":36,"7":36,"8":8,"9":1,"10":1},"b":{"0":[72,72],"1":[36,36],"2":[36,0],"3":[0,36],"4":[0,8],"5":[0,7],"6":[0,7],"7":[7,0,0],"8":[0,36],"9":[36,0],"10":[36,36],"11":[36,0],"12":[36,0],"13":[8,1]},"_coverageSchema":"d34fc3e6b8297bcde183f5492bcb8fcb36775295","hash":"842d69873f0e7ef8344361b450e250659c48b74f","contentHash":"1ae7475f2e420b96c2f3cc4645813f83_12.0.2"}}