{"/home/forensic/www/r-server/src/modules/RServerApp.js":{"path":"/home/forensic/www/r-server/src/modules/RServerApp.js","statementMap":{"0":{"start":{"line":3,"column":0},"end":{"line":5,"column":3}},"1":{"start":{"line":7,"column":19},"end":{"line":7,"column":563}},"2":{"start":{"line":7,"column":76},"end":{"line":7,"column":347}},"3":{"start":{"line":7,"column":134},"end":{"line":7,"column":142}},"4":{"start":{"line":7,"column":144},"end":{"line":7,"column":199}},"5":{"start":{"line":7,"column":200},"end":{"line":7,"column":231}},"6":{"start":{"line":7,"column":232},"end":{"line":7,"column":286}},"7":{"start":{"line":7,"column":259},"end":{"line":7,"column":286}},"8":{"start":{"line":7,"column":287},"end":{"line":7,"column":345}},"9":{"start":{"line":7,"column":350},"end":{"line":7,"column":559}},"10":{"start":{"line":7,"column":407},"end":{"line":7,"column":475}},"11":{"start":{"line":7,"column":423},"end":{"line":7,"column":475}},"12":{"start":{"line":7,"column":476},"end":{"line":7,"column":536}},"13":{"start":{"line":7,"column":493},"end":{"line":7,"column":536}},"14":{"start":{"line":7,"column":537},"end":{"line":7,"column":556}},"15":{"start":{"line":9,"column":15},"end":{"line":9,"column":38}},"16":{"start":{"line":11,"column":16},"end":{"line":11,"column":48}},"17":{"start":{"line":13,"column":20},"end":{"line":13,"column":48}},"18":{"start":{"line":15,"column":21},"end":{"line":15,"column":58}},"19":{"start":{"line":17,"column":39},"end":{"line":17,"column":93}},"20":{"start":{"line":19,"column":50},"end":{"line":19,"column":151}},"21":{"start":{"line":19,"column":92},"end":{"line":19,"column":149}},"22":{"start":{"line":21,"column":17},"end":{"line":215,"column":3}},"23":{"start":{"line":27,"column":8},"end":{"line":27,"column":42}},"24":{"start":{"line":29,"column":8},"end":{"line":29,"column":56}},"25":{"start":{"line":37,"column":4},"end":{"line":212,"column":8}},"26":{"start":{"line":48,"column":12},"end":{"line":48,"column":64}},"27":{"start":{"line":61,"column":12},"end":{"line":61,"column":60}},"28":{"start":{"line":74,"column":12},"end":{"line":74,"column":59}},"29":{"start":{"line":87,"column":12},"end":{"line":87,"column":60}},"30":{"start":{"line":100,"column":12},"end":{"line":100,"column":59}},"31":{"start":{"line":113,"column":12},"end":{"line":113,"column":62}},"32":{"start":{"line":126,"column":12},"end":{"line":126,"column":59}},"33":{"start":{"line":137,"column":12},"end":{"line":137,"column":71}},"34":{"start":{"line":148,"column":12},"end":{"line":148,"column":47}},"35":{"start":{"line":160,"column":12},"end":{"line":160,"column":47}},"36":{"start":{"line":173,"column":12},"end":{"line":173,"column":47}},"37":{"start":{"line":184,"column":12},"end":{"line":184,"column":40}},"38":{"start":{"line":200,"column":12},"end":{"line":200,"column":41}},"39":{"start":{"line":205,"column":12},"end":{"line":205,"column":32}},"40":{"start":{"line":210,"column":12},"end":{"line":210,"column":41}},"41":{"start":{"line":214,"column":4},"end":{"line":214,"column":22}},"42":{"start":{"line":217,"column":0},"end":{"line":217,"column":29}}},"fnMap":{"0":{"name":"(anonymous_0)","decl":{"start":{"line":7,"column":19},"end":{"line":7,"column":20}},"loc":{"start":{"line":7,"column":31},"end":{"line":7,"column":561}},"line":7},"1":{"name":"defineProperties","decl":{"start":{"line":7,"column":42},"end":{"line":7,"column":58}},"loc":{"start":{"line":7,"column":74},"end":{"line":7,"column":349}},"line":7},"2":{"name":"(anonymous_2)","decl":{"start":{"line":7,"column":357},"end":{"line":7,"column":358}},"loc":{"start":{"line":7,"column":405},"end":{"line":7,"column":558}},"line":7},"3":{"name":"_interopRequireDefault","decl":{"start":{"line":17,"column":9},"end":{"line":17,"column":31}},"loc":{"start":{"line":17,"column":37},"end":{"line":17,"column":95}},"line":17},"4":{"name":"_classCallCheck","decl":{"start":{"line":19,"column":9},"end":{"line":19,"column":24}},"loc":{"start":{"line":19,"column":48},"end":{"line":19,"column":153}},"line":19},"5":{"name":"(anonymous_5)","decl":{"start":{"line":21,"column":17},"end":{"line":21,"column":18}},"loc":{"start":{"line":21,"column":29},"end":{"line":215,"column":1}},"line":21},"6":{"name":"RServerApp","decl":{"start":{"line":26,"column":13},"end":{"line":26,"column":23}},"loc":{"start":{"line":26,"column":36},"end":{"line":30,"column":5}},"line":26},"7":{"name":"options","decl":{"start":{"line":47,"column":24},"end":{"line":47,"column":31}},"loc":{"start":{"line":47,"column":57},"end":{"line":49,"column":9}},"line":47},"8":{"name":"head","decl":{"start":{"line":60,"column":24},"end":{"line":60,"column":28}},"loc":{"start":{"line":60,"column":53},"end":{"line":62,"column":9}},"line":60},"9":{"name":"get","decl":{"start":{"line":73,"column":24},"end":{"line":73,"column":27}},"loc":{"start":{"line":73,"column":52},"end":{"line":75,"column":9}},"line":73},"10":{"name":"post","decl":{"start":{"line":86,"column":24},"end":{"line":86,"column":28}},"loc":{"start":{"line":86,"column":53},"end":{"line":88,"column":9}},"line":86},"11":{"name":"put","decl":{"start":{"line":99,"column":24},"end":{"line":99,"column":27}},"loc":{"start":{"line":99,"column":52},"end":{"line":101,"column":9}},"line":99},"12":{"name":"_delete","decl":{"start":{"line":112,"column":24},"end":{"line":112,"column":31}},"loc":{"start":{"line":112,"column":56},"end":{"line":114,"column":9}},"line":112},"13":{"name":"all","decl":{"start":{"line":125,"column":24},"end":{"line":125,"column":27}},"loc":{"start":{"line":125,"column":52},"end":{"line":127,"column":9}},"line":125},"14":{"name":"route","decl":{"start":{"line":136,"column":24},"end":{"line":136,"column":29}},"loc":{"start":{"line":136,"column":35},"end":{"line":138,"column":9}},"line":136},"15":{"name":"use","decl":{"start":{"line":147,"column":24},"end":{"line":147,"column":27}},"loc":{"start":{"line":147,"column":40},"end":{"line":149,"column":9}},"line":147},"16":{"name":"mount","decl":{"start":{"line":159,"column":24},"end":{"line":159,"column":29}},"loc":{"start":{"line":159,"column":47},"end":{"line":161,"column":9}},"line":159},"17":{"name":"listen","decl":{"start":{"line":172,"column":24},"end":{"line":172,"column":30}},"loc":{"start":{"line":172,"column":47},"end":{"line":174,"column":9}},"line":172},"18":{"name":"close","decl":{"start":{"line":183,"column":24},"end":{"line":183,"column":29}},"loc":{"start":{"line":183,"column":40},"end":{"line":185,"column":9}},"line":183},"19":{"name":"address","decl":{"start":{"line":199,"column":24},"end":{"line":199,"column":31}},"loc":{"start":{"line":199,"column":34},"end":{"line":201,"column":9}},"line":199},"20":{"name":"get","decl":{"start":{"line":204,"column":22},"end":{"line":204,"column":25}},"loc":{"start":{"line":204,"column":28},"end":{"line":206,"column":9}},"line":204},"21":{"name":"get","decl":{"start":{"line":209,"column":22},"end":{"line":209,"column":25}},"loc":{"start":{"line":209,"column":28},"end":{"line":211,"column":9}},"line":209}},"branchMap":{"0":{"loc":{"start":{"line":7,"column":168},"end":{"line":7,"column":198}},"type":"binary-expr","locations":[{"start":{"line":7,"column":168},"end":{"line":7,"column":189}},{"start":{"line":7,"column":193},"end":{"line":7,"column":198}}],"line":7},"1":{"loc":{"start":{"line":7,"column":232},"end":{"line":7,"column":286}},"type":"if","locations":[{"start":{"line":7,"column":232},"end":{"line":7,"column":286}},{"start":{"line":7,"column":232},"end":{"line":7,"column":286}}],"line":7},"2":{"loc":{"start":{"line":7,"column":407},"end":{"line":7,"column":475}},"type":"if","locations":[{"start":{"line":7,"column":407},"end":{"line":7,"column":475}},{"start":{"line":7,"column":407},"end":{"line":7,"column":475}}],"line":7},"3":{"loc":{"start":{"line":7,"column":476},"end":{"line":7,"column":536}},"type":"if","locations":[{"start":{"line":7,"column":476},"end":{"line":7,"column":536}},{"start":{"line":7,"column":476},"end":{"line":7,"column":536}}],"line":7},"4":{"loc":{"start":{"line":17,"column":46},"end":{"line":17,"column":92}},"type":"cond-expr","locations":[{"start":{"line":17,"column":70},"end":{"line":17,"column":73}},{"start":{"line":17,"column":76},"end":{"line":17,"column":92}}],"line":17},"5":{"loc":{"start":{"line":17,"column":46},"end":{"line":17,"column":67}},"type":"binary-expr","locations":[{"start":{"line":17,"column":46},"end":{"line":17,"column":49}},{"start":{"line":17,"column":53},"end":{"line":17,"column":67}}],"line":17},"6":{"loc":{"start":{"line":19,"column":50},"end":{"line":19,"column":151}},"type":"if","locations":[{"start":{"line":19,"column":50},"end":{"line":19,"column":151}},{"start":{"line":19,"column":50},"end":{"line":19,"column":151}}],"line":19}},"s":{"0":1,"1":1,"2":1,"3":15,"4":15,"5":15,"6":15,"7":13,"8":15,"9":1,"10":1,"11":1,"12":1,"13":0,"14":1,"15":1,"16":1,"17":1,"18":1,"19":2,"20":16,"21":0,"22":1,"23":16,"24":16,"25":1,"26":1,"27":1,"28":1,"29":1,"30":1,"31":1,"32":1,"33":1,"34":1,"35":1,"36":3,"37":2,"38":1,"39":2,"40":1,"41":1,"42":1},"f":{"0":1,"1":1,"2":1,"3":2,"4":16,"5":1,"6":16,"7":1,"8":1,"9":1,"10":1,"11":1,"12":1,"13":1,"14":1,"15":1,"16":1,"17":3,"18":2,"19":1,"20":2,"21":1},"b":{"0":[15,15],"1":[13,2],"2":[1,0],"3":[0,1],"4":[2,0],"5":[2,2],"6":[0,16]},"_coverageSchema":"d34fc3e6b8297bcde183f5492bcb8fcb36775295","hash":"6295097422e5cc07be0df0e4a5be8fd8e31858df","contentHash":"1eb99f599e38b703478736559e243282_12.0.2"},"/home/forensic/www/r-server/src/modules/RServer.js":{"path":"/home/forensic/www/r-server/src/modules/RServer.js","statementMap":{"0":{"start":{"line":3,"column":0},"end":{"line":5,"column":3}},"1":{"start":{"line":7,"column":19},"end":{"line":7,"column":563}},"2":{"start":{"line":7,"column":76},"end":{"line":7,"column":347}},"3":{"start":{"line":7,"column":134},"end":{"line":7,"column":142}},"4":{"start":{"line":7,"column":144},"end":{"line":7,"column":199}},"5":{"start":{"line":7,"column":200},"end":{"line":7,"column":231}},"6":{"start":{"line":7,"column":232},"end":{"line":7,"column":286}},"7":{"start":{"line":7,"column":259},"end":{"line":7,"column":286}},"8":{"start":{"line":7,"column":287},"end":{"line":7,"column":345}},"9":{"start":{"line":7,"column":350},"end":{"line":7,"column":559}},"10":{"start":{"line":7,"column":407},"end":{"line":7,"column":475}},"11":{"start":{"line":7,"column":423},"end":{"line":7,"column":475}},"12":{"start":{"line":7,"column":476},"end":{"line":7,"column":536}},"13":{"start":{"line":7,"column":493},"end":{"line":7,"column":536}},"14":{"start":{"line":7,"column":537},"end":{"line":7,"column":556}},"15":{"start":{"line":9,"column":10},"end":{"line":9,"column":23}},"16":{"start":{"line":11,"column":11},"end":{"line":11,"column":38}},"17":{"start":{"line":13,"column":12},"end":{"line":13,"column":27}},"18":{"start":{"line":15,"column":13},"end":{"line":15,"column":42}},"19":{"start":{"line":17,"column":12},"end":{"line":17,"column":32}},"20":{"start":{"line":19,"column":13},"end":{"line":19,"column":42}},"21":{"start":{"line":21,"column":12},"end":{"line":21,"column":27}},"22":{"start":{"line":23,"column":13},"end":{"line":23,"column":42}},"23":{"start":{"line":25,"column":24},"end":{"line":25,"column":56}},"24":{"start":{"line":27,"column":25},"end":{"line":27,"column":66}},"25":{"start":{"line":29,"column":21},"end":{"line":29,"column":50}},"26":{"start":{"line":31,"column":22},"end":{"line":31,"column":60}},"27":{"start":{"line":33,"column":14},"end":{"line":33,"column":36}},"28":{"start":{"line":35,"column":15},"end":{"line":35,"column":46}},"29":{"start":{"line":37,"column":18},"end":{"line":37,"column":44}},"30":{"start":{"line":39,"column":19},"end":{"line":39,"column":54}},"31":{"start":{"line":41,"column":13},"end":{"line":41,"column":38}},"32":{"start":{"line":43,"column":14},"end":{"line":43,"column":44}},"33":{"start":{"line":45,"column":0},"end":{"line":45,"column":32}},"34":{"start":{"line":47,"column":14},"end":{"line":47,"column":36}},"35":{"start":{"line":49,"column":15},"end":{"line":49,"column":46}},"36":{"start":{"line":51,"column":39},"end":{"line":51,"column":93}},"37":{"start":{"line":53,"column":35},"end":{"line":53,"column":193}},"38":{"start":{"line":53,"column":61},"end":{"line":53,"column":145}},"39":{"start":{"line":53,"column":126},"end":{"line":53,"column":143}},"40":{"start":{"line":53,"column":146},"end":{"line":53,"column":158}},"41":{"start":{"line":53,"column":168},"end":{"line":53,"column":191}},"42":{"start":{"line":55,"column":50},"end":{"line":55,"column":151}},"43":{"start":{"line":55,"column":92},"end":{"line":55,"column":149}},"44":{"start":{"line":57,"column":13},"end":{"line":524,"column":3}},"45":{"start":{"line":63,"column":8},"end":{"line":63,"column":38}},"46":{"start":{"line":65,"column":8},"end":{"line":65,"column":50}},"47":{"start":{"line":66,"column":8},"end":{"line":66,"column":33}},"48":{"start":{"line":69,"column":8},"end":{"line":69,"column":135}},"49":{"start":{"line":69,"column":26},"end":{"line":69,"column":84}},"50":{"start":{"line":71,"column":8},"end":{"line":71,"column":86}},"51":{"start":{"line":73,"column":8},"end":{"line":73,"column":185}},"52":{"start":{"line":75,"column":8},"end":{"line":75,"column":136}},"53":{"start":{"line":77,"column":8},"end":{"line":77,"column":52}},"54":{"start":{"line":79,"column":8},"end":{"line":79,"column":26}},"55":{"start":{"line":88,"column":4},"end":{"line":521,"column":8}},"56":{"start":{"line":98,"column":12},"end":{"line":98,"column":98}},"57":{"start":{"line":98,"column":55},"end":{"line":98,"column":98}},"58":{"start":{"line":100,"column":30},"end":{"line":100,"column":67}},"59":{"start":{"line":101,"column":12},"end":{"line":105,"column":13}},"60":{"start":{"line":102,"column":16},"end":{"line":102,"column":95}},"61":{"start":{"line":102,"column":76},"end":{"line":102,"column":95}},"62":{"start":{"line":104,"column":16},"end":{"line":104,"column":70}},"63":{"start":{"line":120,"column":25},"end":{"line":120,"column":29}},"64":{"start":{"line":121,"column":32},"end":{"line":121,"column":74}},"65":{"start":{"line":123,"column":12},"end":{"line":123,"column":164}},"66":{"start":{"line":123,"column":56},"end":{"line":123,"column":134}},"67":{"start":{"line":123,"column":139},"end":{"line":123,"column":164}},"68":{"start":{"line":125,"column":12},"end":{"line":125,"column":26}},"69":{"start":{"line":138,"column":25},"end":{"line":138,"column":38}},"70":{"start":{"line":139,"column":44},"end":{"line":139,"column":48}},"71":{"start":{"line":140,"column":36},"end":{"line":140,"column":41}},"72":{"start":{"line":141,"column":33},"end":{"line":141,"column":42}},"73":{"start":{"line":143,"column":12},"end":{"line":186,"column":13}},"74":{"start":{"line":144,"column":16},"end":{"line":172,"column":17}},"75":{"start":{"line":145,"column":30},"end":{"line":145,"column":41}},"76":{"start":{"line":147,"column":36},"end":{"line":147,"column":47}},"77":{"start":{"line":148,"column":53},"end":{"line":148,"column":57}},"78":{"start":{"line":149,"column":45},"end":{"line":149,"column":50}},"79":{"start":{"line":150,"column":42},"end":{"line":150,"column":51}},"80":{"start":{"line":152,"column":20},"end":{"line":171,"column":21}},"81":{"start":{"line":153,"column":24},"end":{"line":157,"column":25}},"82":{"start":{"line":154,"column":43},"end":{"line":154,"column":55}},"83":{"start":{"line":156,"column":28},"end":{"line":156,"column":84}},"84":{"start":{"line":159,"column":24},"end":{"line":159,"column":50}},"85":{"start":{"line":160,"column":24},"end":{"line":160,"column":46}},"86":{"start":{"line":162,"column":24},"end":{"line":170,"column":25}},"87":{"start":{"line":163,"column":28},"end":{"line":165,"column":29}},"88":{"start":{"line":164,"column":32},"end":{"line":164,"column":52}},"89":{"start":{"line":167,"column":28},"end":{"line":169,"column":29}},"90":{"start":{"line":168,"column":32},"end":{"line":168,"column":54}},"91":{"start":{"line":174,"column":16},"end":{"line":174,"column":41}},"92":{"start":{"line":175,"column":16},"end":{"line":175,"column":37}},"93":{"start":{"line":177,"column":16},"end":{"line":185,"column":17}},"94":{"start":{"line":178,"column":20},"end":{"line":180,"column":21}},"95":{"start":{"line":179,"column":24},"end":{"line":179,"column":43}},"96":{"start":{"line":182,"column":20},"end":{"line":184,"column":21}},"97":{"start":{"line":183,"column":24},"end":{"line":183,"column":45}},"98":{"start":{"line":188,"column":12},"end":{"line":188,"column":45}},"99":{"start":{"line":202,"column":12},"end":{"line":202,"column":36}},"100":{"start":{"line":203,"column":45},"end":{"line":203,"column":49}},"101":{"start":{"line":204,"column":37},"end":{"line":204,"column":42}},"102":{"start":{"line":205,"column":34},"end":{"line":205,"column":43}},"103":{"start":{"line":207,"column":12},"end":{"line":227,"column":13}},"104":{"start":{"line":208,"column":16},"end":{"line":213,"column":17}},"105":{"start":{"line":209,"column":32},"end":{"line":209,"column":44}},"106":{"start":{"line":211,"column":20},"end":{"line":211,"column":73}},"107":{"start":{"line":212,"column":20},"end":{"line":212,"column":53}},"108":{"start":{"line":212,"column":41},"end":{"line":212,"column":53}},"109":{"start":{"line":215,"column":16},"end":{"line":215,"column":42}},"110":{"start":{"line":216,"column":16},"end":{"line":216,"column":38}},"111":{"start":{"line":218,"column":16},"end":{"line":226,"column":17}},"112":{"start":{"line":219,"column":20},"end":{"line":221,"column":21}},"113":{"start":{"line":220,"column":24},"end":{"line":220,"column":44}},"114":{"start":{"line":223,"column":20},"end":{"line":225,"column":21}},"115":{"start":{"line":224,"column":24},"end":{"line":224,"column":46}},"116":{"start":{"line":229,"column":12},"end":{"line":229,"column":25}},"117":{"start":{"line":244,"column":12},"end":{"line":244,"column":42}},"118":{"start":{"line":246,"column":25},"end":{"line":246,"column":84}},"119":{"start":{"line":247,"column":25},"end":{"line":247,"column":36}},"120":{"start":{"line":250,"column":12},"end":{"line":250,"column":43}},"121":{"start":{"line":252,"column":12},"end":{"line":252,"column":81}},"122":{"start":{"line":252,"column":69},"end":{"line":252,"column":81}},"123":{"start":{"line":253,"column":12},"end":{"line":253,"column":83}},"124":{"start":{"line":253,"column":71},"end":{"line":253,"column":83}},"125":{"start":{"line":256,"column":45},"end":{"line":256,"column":49}},"126":{"start":{"line":257,"column":37},"end":{"line":257,"column":42}},"127":{"start":{"line":258,"column":34},"end":{"line":258,"column":43}},"128":{"start":{"line":260,"column":12},"end":{"line":285,"column":13}},"129":{"start":{"line":261,"column":16},"end":{"line":271,"column":17}},"130":{"start":{"line":262,"column":40},"end":{"line":262,"column":52}},"131":{"start":{"line":264,"column":38},"end":{"line":264,"column":197}},"132":{"start":{"line":266,"column":20},"end":{"line":266,"column":44}},"133":{"start":{"line":268,"column":20},"end":{"line":268,"column":96}},"134":{"start":{"line":268,"column":84},"end":{"line":268,"column":96}},"135":{"start":{"line":270,"column":20},"end":{"line":270,"column":98}},"136":{"start":{"line":270,"column":86},"end":{"line":270,"column":98}},"137":{"start":{"line":273,"column":16},"end":{"line":273,"column":42}},"138":{"start":{"line":274,"column":16},"end":{"line":274,"column":38}},"139":{"start":{"line":276,"column":16},"end":{"line":284,"column":17}},"140":{"start":{"line":277,"column":20},"end":{"line":279,"column":21}},"141":{"start":{"line":278,"column":24},"end":{"line":278,"column":44}},"142":{"start":{"line":281,"column":20},"end":{"line":283,"column":21}},"143":{"start":{"line":282,"column":24},"end":{"line":282,"column":46}},"144":{"start":{"line":287,"column":12},"end":{"line":287,"column":25}},"145":{"start":{"line":298,"column":12},"end":{"line":298,"column":66}},"146":{"start":{"line":301,"column":12},"end":{"line":306,"column":13}},"147":{"start":{"line":302,"column":29},"end":{"line":302,"column":107}},"148":{"start":{"line":304,"column":16},"end":{"line":304,"column":43}},"149":{"start":{"line":305,"column":16},"end":{"line":305,"column":45}},"150":{"start":{"line":309,"column":12},"end":{"line":309,"column":74}},"151":{"start":{"line":320,"column":12},"end":{"line":320,"column":45}},"152":{"start":{"line":322,"column":12},"end":{"line":322,"column":59}},"153":{"start":{"line":323,"column":12},"end":{"line":323,"column":60}},"154":{"start":{"line":340,"column":12},"end":{"line":340,"column":44}},"155":{"start":{"line":342,"column":22},"end":{"line":342,"column":33}},"156":{"start":{"line":343,"column":25},"end":{"line":343,"column":39}},"157":{"start":{"line":344,"column":26},"end":{"line":344,"column":41}},"158":{"start":{"line":347,"column":12},"end":{"line":347,"column":31}},"159":{"start":{"line":348,"column":12},"end":{"line":348,"column":31}},"160":{"start":{"line":349,"column":12},"end":{"line":349,"column":30}},"161":{"start":{"line":351,"column":12},"end":{"line":351,"column":62}},"162":{"start":{"line":354,"column":12},"end":{"line":354,"column":117}},"163":{"start":{"line":356,"column":12},"end":{"line":356,"column":84}},"164":{"start":{"line":356,"column":77},"end":{"line":356,"column":84}},"165":{"start":{"line":358,"column":12},"end":{"line":358,"column":71}},"166":{"start":{"line":360,"column":12},"end":{"line":360,"column":77}},"167":{"start":{"line":360,"column":70},"end":{"line":360,"column":77}},"168":{"start":{"line":363,"column":29},"end":{"line":363,"column":51}},"169":{"start":{"line":364,"column":12},"end":{"line":364,"column":107}},"170":{"start":{"line":374,"column":12},"end":{"line":374,"column":47}},"171":{"start":{"line":376,"column":12},"end":{"line":376,"column":152}},"172":{"start":{"line":376,"column":65},"end":{"line":376,"column":99}},"173":{"start":{"line":376,"column":104},"end":{"line":376,"column":152}},"174":{"start":{"line":387,"column":12},"end":{"line":387,"column":43}},"175":{"start":{"line":389,"column":32},"end":{"line":389,"column":56}},"176":{"start":{"line":392,"column":12},"end":{"line":392,"column":126}},"177":{"start":{"line":395,"column":12},"end":{"line":395,"column":124}},"178":{"start":{"line":405,"column":12},"end":{"line":405,"column":68}},"179":{"start":{"line":417,"column":12},"end":{"line":417,"column":59}},"180":{"start":{"line":428,"column":12},"end":{"line":428,"column":29}},"181":{"start":{"line":429,"column":12},"end":{"line":429,"column":190}},"182":{"start":{"line":429,"column":43},"end":{"line":429,"column":118}},"183":{"start":{"line":429,"column":123},"end":{"line":429,"column":190}},"184":{"start":{"line":439,"column":26},"end":{"line":439,"column":47}},"185":{"start":{"line":440,"column":12},"end":{"line":440,"column":76}},"186":{"start":{"line":451,"column":12},"end":{"line":463,"column":82}},"187":{"start":{"line":476,"column":12},"end":{"line":479,"column":13}},"188":{"start":{"line":477,"column":16},"end":{"line":477,"column":99}},"189":{"start":{"line":478,"column":16},"end":{"line":478,"column":23}},"190":{"start":{"line":480,"column":12},"end":{"line":480,"column":87}},"191":{"start":{"line":481,"column":12},"end":{"line":481,"column":55}},"192":{"start":{"line":492,"column":12},"end":{"line":492,"column":87}},"193":{"start":{"line":493,"column":12},"end":{"line":493,"column":40}},"194":{"start":{"line":504,"column":12},"end":{"line":504,"column":78}},"195":{"start":{"line":504,"column":32},"end":{"line":504,"column":61}},"196":{"start":{"line":504,"column":66},"end":{"line":504,"column":78}},"197":{"start":{"line":509,"column":12},"end":{"line":509,"column":29}},"198":{"start":{"line":519,"column":12},"end":{"line":519,"column":41}},"199":{"start":{"line":523,"column":4},"end":{"line":523,"column":18}},"200":{"start":{"line":526,"column":0},"end":{"line":526,"column":25}}},"fnMap":{"0":{"name":"(anonymous_0)","decl":{"start":{"line":7,"column":19},"end":{"line":7,"column":20}},"loc":{"start":{"line":7,"column":31},"end":{"line":7,"column":561}},"line":7},"1":{"name":"defineProperties","decl":{"start":{"line":7,"column":42},"end":{"line":7,"column":58}},"loc":{"start":{"line":7,"column":74},"end":{"line":7,"column":349}},"line":7},"2":{"name":"(anonymous_2)","decl":{"start":{"line":7,"column":357},"end":{"line":7,"column":358}},"loc":{"start":{"line":7,"column":405},"end":{"line":7,"column":558}},"line":7},"3":{"name":"_interopRequireDefault","decl":{"start":{"line":51,"column":9},"end":{"line":51,"column":31}},"loc":{"start":{"line":51,"column":37},"end":{"line":51,"column":95}},"line":51},"4":{"name":"_toConsumableArray","decl":{"start":{"line":53,"column":9},"end":{"line":53,"column":27}},"loc":{"start":{"line":53,"column":33},"end":{"line":53,"column":195}},"line":53},"5":{"name":"_classCallCheck","decl":{"start":{"line":55,"column":9},"end":{"line":55,"column":24}},"loc":{"start":{"line":55,"column":48},"end":{"line":55,"column":153}},"line":55},"6":{"name":"(anonymous_6)","decl":{"start":{"line":57,"column":13},"end":{"line":57,"column":14}},"loc":{"start":{"line":57,"column":25},"end":{"line":524,"column":1}},"line":57},"7":{"name":"_class","decl":{"start":{"line":62,"column":13},"end":{"line":62,"column":19}},"loc":{"start":{"line":62,"column":32},"end":{"line":80,"column":5}},"line":62},"8":{"name":"getEntryPath","decl":{"start":{"line":96,"column":24},"end":{"line":96,"column":36}},"loc":{"start":{"line":96,"column":48},"end":{"line":109,"column":9}},"line":96},"9":{"name":"resolveConfig","decl":{"start":{"line":119,"column":24},"end":{"line":119,"column":37}},"loc":{"start":{"line":119,"column":61},"end":{"line":126,"column":9}},"line":119},"10":{"name":"mount","decl":{"start":{"line":136,"column":24},"end":{"line":136,"column":29}},"loc":{"start":{"line":136,"column":47},"end":{"line":189,"column":9}},"line":136},"11":{"name":"runRoutes","decl":{"start":{"line":201,"column":24},"end":{"line":201,"column":33}},"loc":{"start":{"line":201,"column":55},"end":{"line":230,"column":9}},"line":201},"12":{"name":"cordinateRoutes","decl":{"start":{"line":243,"column":24},"end":{"line":243,"column":39}},"loc":{"start":{"line":243,"column":72},"end":{"line":288,"column":9}},"line":243},"13":{"name":"parseRequestData","decl":{"start":{"line":296,"column":24},"end":{"line":296,"column":40}},"loc":{"start":{"line":296,"column":64},"end":{"line":310,"column":9}},"line":296},"14":{"name":"onResponseFinish","decl":{"start":{"line":319,"column":24},"end":{"line":319,"column":40}},"loc":{"start":{"line":319,"column":60},"end":{"line":324,"column":9}},"line":319},"15":{"name":"onRequestEnd","decl":{"start":{"line":337,"column":24},"end":{"line":337,"column":36}},"loc":{"start":{"line":337,"column":71},"end":{"line":365,"column":9}},"line":337},"16":{"name":"onRequestData","decl":{"start":{"line":373,"column":24},"end":{"line":373,"column":37}},"loc":{"start":{"line":373,"column":79},"end":{"line":377,"column":9}},"line":373},"17":{"name":"onRequest","decl":{"start":{"line":385,"column":24},"end":{"line":385,"column":33}},"loc":{"start":{"line":385,"column":53},"end":{"line":396,"column":9}},"line":385},"18":{"name":"onClose","decl":{"start":{"line":404,"column":24},"end":{"line":404,"column":31}},"loc":{"start":{"line":404,"column":34},"end":{"line":406,"column":9}},"line":404},"19":{"name":"onClientError","decl":{"start":{"line":416,"column":24},"end":{"line":416,"column":37}},"loc":{"start":{"line":416,"column":51},"end":{"line":418,"column":9}},"line":416},"20":{"name":"onError","decl":{"start":{"line":427,"column":24},"end":{"line":427,"column":31}},"loc":{"start":{"line":427,"column":37},"end":{"line":430,"column":9}},"line":427},"21":{"name":"onListening","decl":{"start":{"line":438,"column":24},"end":{"line":438,"column":35}},"loc":{"start":{"line":438,"column":38},"end":{"line":441,"column":9}},"line":438},"22":{"name":"initServer","decl":{"start":{"line":449,"column":24},"end":{"line":449,"column":34}},"loc":{"start":{"line":449,"column":37},"end":{"line":464,"column":9}},"line":449},"23":{"name":"listen","decl":{"start":{"line":475,"column":24},"end":{"line":475,"column":30}},"loc":{"start":{"line":475,"column":47},"end":{"line":482,"column":9}},"line":475},"24":{"name":"(anonymous_24)","decl":{"start":{"line":480,"column":72},"end":{"line":480,"column":73}},"loc":{"start":{"line":480,"column":84},"end":{"line":480,"column":86}},"line":480},"25":{"name":"close","decl":{"start":{"line":491,"column":24},"end":{"line":491,"column":29}},"loc":{"start":{"line":491,"column":40},"end":{"line":494,"column":9}},"line":491},"26":{"name":"(anonymous_26)","decl":{"start":{"line":492,"column":72},"end":{"line":492,"column":73}},"loc":{"start":{"line":492,"column":84},"end":{"line":492,"column":86}},"line":492},"27":{"name":"address","decl":{"start":{"line":503,"column":24},"end":{"line":503,"column":31}},"loc":{"start":{"line":503,"column":34},"end":{"line":505,"column":9}},"line":503},"28":{"name":"get","decl":{"start":{"line":508,"column":22},"end":{"line":508,"column":25}},"loc":{"start":{"line":508,"column":28},"end":{"line":510,"column":9}},"line":508},"29":{"name":"get","decl":{"start":{"line":518,"column":22},"end":{"line":518,"column":25}},"loc":{"start":{"line":518,"column":28},"end":{"line":520,"column":9}},"line":518}},"branchMap":{"0":{"loc":{"start":{"line":7,"column":168},"end":{"line":7,"column":198}},"type":"binary-expr","locations":[{"start":{"line":7,"column":168},"end":{"line":7,"column":189}},{"start":{"line":7,"column":193},"end":{"line":7,"column":198}}],"line":7},"1":{"loc":{"start":{"line":7,"column":232},"end":{"line":7,"column":286}},"type":"if","locations":[{"start":{"line":7,"column":232},"end":{"line":7,"column":286}},{"start":{"line":7,"column":232},"end":{"line":7,"column":286}}],"line":7},"2":{"loc":{"start":{"line":7,"column":407},"end":{"line":7,"column":475}},"type":"if","locations":[{"start":{"line":7,"column":407},"end":{"line":7,"column":475}},{"start":{"line":7,"column":407},"end":{"line":7,"column":475}}],"line":7},"3":{"loc":{"start":{"line":7,"column":476},"end":{"line":7,"column":536}},"type":"if","locations":[{"start":{"line":7,"column":476},"end":{"line":7,"column":536}},{"start":{"line":7,"column":476},"end":{"line":7,"column":536}}],"line":7},"4":{"loc":{"start":{"line":51,"column":46},"end":{"line":51,"column":92}},"type":"cond-expr","locations":[{"start":{"line":51,"column":70},"end":{"line":51,"column":73}},{"start":{"line":51,"column":76},"end":{"line":51,"column":92}}],"line":51},"5":{"loc":{"start":{"line":51,"column":46},"end":{"line":51,"column":67}},"type":"binary-expr","locations":[{"start":{"line":51,"column":46},"end":{"line":51,"column":49}},{"start":{"line":51,"column":53},"end":{"line":51,"column":67}}],"line":51},"6":{"loc":{"start":{"line":53,"column":35},"end":{"line":53,"column":193}},"type":"if","locations":[{"start":{"line":53,"column":35},"end":{"line":53,"column":193}},{"start":{"line":53,"column":35},"end":{"line":53,"column":193}}],"line":53},"7":{"loc":{"start":{"line":55,"column":50},"end":{"line":55,"column":151}},"type":"if","locations":[{"start":{"line":55,"column":50},"end":{"line":55,"column":151}},{"start":{"line":55,"column":50},"end":{"line":55,"column":151}}],"line":55},"8":{"loc":{"start":{"line":69,"column":8},"end":{"line":69,"column":135}},"type":"if","locations":[{"start":{"line":69,"column":8},"end":{"line":69,"column":135}}],"line":69},"9":{"loc":{"start":{"line":71,"column":57},"end":{"line":71,"column":84}},"type":"binary-expr","locations":[{"start":{"line":71,"column":57},"end":{"line":71,"column":67}},{"start":{"line":71,"column":71},"end":{"line":71,"column":84}}],"line":71},"10":{"loc":{"start":{"line":98,"column":12},"end":{"line":98,"column":98}},"type":"if","locations":[{"start":{"line":98,"column":12},"end":{"line":98,"column":98}},{"start":{"line":98,"column":12},"end":{"line":98,"column":98}}],"line":98},"11":{"loc":{"start":{"line":102,"column":16},"end":{"line":102,"column":95}},"type":"if","locations":[{"start":{"line":102,"column":16},"end":{"line":102,"column":95}},{"start":{"line":102,"column":16},"end":{"line":102,"column":95}}],"line":102},"12":{"loc":{"start":{"line":123,"column":12},"end":{"line":123,"column":164}},"type":"if","locations":[{"start":{"line":123,"column":12},"end":{"line":123,"column":164}},{"start":{"line":123,"column":12},"end":{"line":123,"column":164}}],"line":123},"13":{"loc":{"start":{"line":163,"column":28},"end":{"line":165,"column":29}},"type":"if","locations":[{"start":{"line":163,"column":28},"end":{"line":165,"column":29}},{"start":{"line":163,"column":28},"end":{"line":165,"column":29}}],"line":163},"14":{"loc":{"start":{"line":163,"column":32},"end":{"line":163,"column":80}},"type":"binary-expr","locations":[{"start":{"line":163,"column":32},"end":{"line":163,"column":59}},{"start":{"line":163,"column":63},"end":{"line":163,"column":80}}],"line":163},"15":{"loc":{"start":{"line":167,"column":28},"end":{"line":169,"column":29}},"type":"if","locations":[{"start":{"line":167,"column":28},"end":{"line":169,"column":29}},{"start":{"line":167,"column":28},"end":{"line":169,"column":29}}],"line":167},"16":{"loc":{"start":{"line":178,"column":20},"end":{"line":180,"column":21}},"type":"if","locations":[{"start":{"line":178,"column":20},"end":{"line":180,"column":21}},{"start":{"line":178,"column":20},"end":{"line":180,"column":21}}],"line":178},"17":{"loc":{"start":{"line":178,"column":24},"end":{"line":178,"column":70}},"type":"binary-expr","locations":[{"start":{"line":178,"column":24},"end":{"line":178,"column":50}},{"start":{"line":178,"column":54},"end":{"line":178,"column":70}}],"line":178},"18":{"loc":{"start":{"line":182,"column":20},"end":{"line":184,"column":21}},"type":"if","locations":[{"start":{"line":182,"column":20},"end":{"line":184,"column":21}},{"start":{"line":182,"column":20},"end":{"line":184,"column":21}}],"line":182},"19":{"loc":{"start":{"line":212,"column":20},"end":{"line":212,"column":53}},"type":"if","locations":[{"start":{"line":212,"column":20},"end":{"line":212,"column":53}},{"start":{"line":212,"column":20},"end":{"line":212,"column":53}}],"line":212},"20":{"loc":{"start":{"line":219,"column":20},"end":{"line":221,"column":21}},"type":"if","locations":[{"start":{"line":219,"column":20},"end":{"line":221,"column":21}},{"start":{"line":219,"column":20},"end":{"line":221,"column":21}}],"line":219},"21":{"loc":{"start":{"line":219,"column":24},"end":{"line":219,"column":72}},"type":"binary-expr","locations":[{"start":{"line":219,"column":24},"end":{"line":219,"column":51}},{"start":{"line":219,"column":55},"end":{"line":219,"column":72}}],"line":219},"22":{"loc":{"start":{"line":223,"column":20},"end":{"line":225,"column":21}},"type":"if","locations":[{"start":{"line":223,"column":20},"end":{"line":225,"column":21}},{"start":{"line":223,"column":20},"end":{"line":225,"column":21}}],"line":223},"23":{"loc":{"start":{"line":252,"column":12},"end":{"line":252,"column":81}},"type":"if","locations":[{"start":{"line":252,"column":12},"end":{"line":252,"column":81}},{"start":{"line":252,"column":12},"end":{"line":252,"column":81}}],"line":252},"24":{"loc":{"start":{"line":253,"column":12},"end":{"line":253,"column":83}},"type":"if","locations":[{"start":{"line":253,"column":12},"end":{"line":253,"column":83}},{"start":{"line":253,"column":12},"end":{"line":253,"column":83}}],"line":253},"25":{"loc":{"start":{"line":264,"column":38},"end":{"line":264,"column":197}},"type":"cond-expr","locations":[{"start":{"line":264,"column":73},"end":{"line":264,"column":169}},{"start":{"line":264,"column":172},"end":{"line":264,"column":197}}],"line":264},"26":{"loc":{"start":{"line":268,"column":20},"end":{"line":268,"column":96}},"type":"if","locations":[{"start":{"line":268,"column":20},"end":{"line":268,"column":96}},{"start":{"line":268,"column":20},"end":{"line":268,"column":96}}],"line":268},"27":{"loc":{"start":{"line":270,"column":20},"end":{"line":270,"column":98}},"type":"if","locations":[{"start":{"line":270,"column":20},"end":{"line":270,"column":98}}],"line":270},"28":{"loc":{"start":{"line":277,"column":20},"end":{"line":279,"column":21}},"type":"if","locations":[{"start":{"line":277,"column":20},"end":{"line":279,"column":21}},{"start":{"line":277,"column":20},"end":{"line":279,"column":21}}],"line":277},"29":{"loc":{"start":{"line":277,"column":24},"end":{"line":277,"column":72}},"type":"binary-expr","locations":[{"start":{"line":277,"column":24},"end":{"line":277,"column":51}},{"start":{"line":277,"column":55},"end":{"line":277,"column":72}}],"line":277},"30":{"loc":{"start":{"line":281,"column":20},"end":{"line":283,"column":21}},"type":"if","locations":[{"start":{"line":281,"column":20},"end":{"line":283,"column":21}},{"start":{"line":281,"column":20},"end":{"line":283,"column":21}}],"line":281},"31":{"loc":{"start":{"line":301,"column":12},"end":{"line":306,"column":13}},"type":"if","locations":[{"start":{"line":301,"column":12},"end":{"line":306,"column":13}},{"start":{"line":301,"column":12},"end":{"line":306,"column":13}}],"line":301},"32":{"loc":{"start":{"line":356,"column":12},"end":{"line":356,"column":84}},"type":"if","locations":[{"start":{"line":356,"column":12},"end":{"line":356,"column":84}},{"start":{"line":356,"column":12},"end":{"line":356,"column":84}}],"line":356},"33":{"loc":{"start":{"line":360,"column":12},"end":{"line":360,"column":77}},"type":"if","locations":[{"start":{"line":360,"column":12},"end":{"line":360,"column":77}},{"start":{"line":360,"column":12},"end":{"line":360,"column":77}}],"line":360},"34":{"loc":{"start":{"line":376,"column":12},"end":{"line":376,"column":152}},"type":"if","locations":[{"start":{"line":376,"column":12},"end":{"line":376,"column":152}},{"start":{"line":376,"column":12},"end":{"line":376,"column":152}}],"line":376},"35":{"loc":{"start":{"line":429,"column":12},"end":{"line":429,"column":190}},"type":"if","locations":[{"start":{"line":429,"column":12},"end":{"line":429,"column":190}},{"start":{"line":429,"column":12},"end":{"line":429,"column":190}}],"line":429},"36":{"loc":{"start":{"line":476,"column":12},"end":{"line":479,"column":13}},"type":"if","locations":[{"start":{"line":476,"column":12},"end":{"line":479,"column":13}},{"start":{"line":476,"column":12},"end":{"line":479,"column":13}}],"line":476},"37":{"loc":{"start":{"line":480,"column":23},"end":{"line":480,"column":86}},"type":"cond-expr","locations":[{"start":{"line":480,"column":61},"end":{"line":480,"column":69}},{"start":{"line":480,"column":72},"end":{"line":480,"column":86}}],"line":480},"38":{"loc":{"start":{"line":481,"column":31},"end":{"line":481,"column":43}},"type":"binary-expr","locations":[{"start":{"line":481,"column":31},"end":{"line":481,"column":35}},{"start":{"line":481,"column":39},"end":{"line":481,"column":43}}],"line":481},"39":{"loc":{"start":{"line":492,"column":23},"end":{"line":492,"column":86}},"type":"cond-expr","locations":[{"start":{"line":492,"column":61},"end":{"line":492,"column":69}},{"start":{"line":492,"column":72},"end":{"line":492,"column":86}}],"line":492},"40":{"loc":{"start":{"line":504,"column":12},"end":{"line":504,"column":78}},"type":"if","locations":[{"start":{"line":504,"column":12},"end":{"line":504,"column":78}},{"start":{"line":504,"column":12},"end":{"line":504,"column":78}}],"line":504}},"s":{"0":1,"1":1,"2":1,"3":20,"4":20,"5":20,"6":20,"7":18,"8":20,"9":1,"10":1,"11":1,"12":1,"13":0,"14":1,"15":1,"16":1,"17":1,"18":1,"19":1,"20":1,"21":1,"22":1,"23":1,"24":1,"25":1,"26":1,"27":1,"28":1,"29":1,"30":1,"31":1,"32":1,"33":1,"34":1,"35":1,"36":10,"37":11,"38":11,"39":27,"40":11,"41":0,"42":49,"43":0,"44":1,"45":49,"46":49,"47":49,"48":49,"49":49,"50":49,"51":49,"52":49,"53":49,"54":49,"55":1,"56":51,"57":50,"58":1,"59":1,"60":2,"61":1,"62":1,"63":51,"64":51,"65":51,"66":50,"67":1,"68":51,"69":5,"70":5,"71":5,"72":5,"73":5,"74":5,"75":35,"76":35,"77":35,"78":35,"79":35,"80":35,"81":35,"82":15,"83":15,"84":0,"85":0,"86":35,"87":35,"88":0,"89":35,"90":0,"91":0,"92":0,"93":5,"94":5,"95":0,"96":5,"97":0,"98":5,"99":18,"100":18,"101":18,"102":18,"103":18,"104":18,"105":9,"106":9,"107":9,"108":6,"109":0,"110":0,"111":18,"112":18,"113":0,"114":18,"115":0,"116":12,"117":7,"118":7,"119":7,"120":7,"121":7,"122":1,"123":6,"124":2,"125":4,"126":4,"127":4,"128":4,"129":4,"130":2,"131":2,"132":2,"133":2,"134":1,"135":1,"136":1,"137":0,"138":0,"139":4,"140":4,"141":0,"142":4,"143":0,"144":2,"145":7,"146":7,"147":1,"148":1,"149":1,"150":7,"151":7,"152":7,"153":7,"154":8,"155":8,"156":8,"157":8,"158":8,"159":8,"160":8,"161":8,"162":8,"163":8,"164":1,"165":7,"166":7,"167":5,"168":2,"169":2,"170":2,"171":2,"172":1,"173":1,"174":8,"175":8,"176":8,"177":8,"178":18,"179":1,"180":2,"181":2,"182":1,"183":1,"184":19,"185":19,"186":49,"187":21,"188":1,"189":1,"190":20,"191":20,"192":18,"193":18,"194":3,"195":2,"196":1,"197":3,"198":28,"199":1,"200":1},"f":{"0":1,"1":1,"2":1,"3":10,"4":11,"5":49,"6":1,"7":49,"8":51,"9":51,"10":5,"11":18,"12":7,"13":7,"14":7,"15":8,"16":2,"17":8,"18":18,"19":1,"20":2,"21":19,"22":49,"23":21,"24":1,"25":18,"26":15,"27":3,"28":3,"29":28},"b":{"0":[20,20],"1":[18,2],"2":[1,0],"3":[0,1],"4":[6,4],"5":[10,10],"6":[11,0],"7":[0,49],"8":[49],"9":[49,3],"10":[50,1],"11":[1,1],"12":[50,1],"13":[0,35],"14":[35,0],"15":[0,35],"16":[0,5],"17":[5,0],"18":[0,5],"19":[6,3],"20":[0,18],"21":[18,6],"22":[0,18],"23":[1,6],"24":[2,4],"25":[1,1],"26":[1,1],"27":[1],"28":[0,4],"29":[4,2],"30":[0,4],"31":[1,6],"32":[1,7],"33":[5,2],"34":[1,1],"35":[1,1],"36":[1,20],"37":[18,2],"38":[20,16],"39":[3,15],"40":[2,1]},"_coverageSchema":"d34fc3e6b8297bcde183f5492bcb8fcb36775295","hash":"d70863b7e5ddb6388728ada7f5e3acfdf87c9549","contentHash":"2bc81c5b5c4dff6b4e1a82a5f4bcef1c_12.0.2"},"/home/forensic/www/r-server/src/modules/Util.js":{"path":"/home/forensic/www/r-server/src/modules/Util.js","statementMap":{"0":{"start":{"line":3,"column":0},"end":{"line":5,"column":3}},"1":{"start":{"line":7,"column":14},"end":{"line":7,"column":268}},"2":{"start":{"line":7,"column":101},"end":{"line":7,"column":119}},"3":{"start":{"line":7,"column":141},"end":{"line":7,"column":266}},"4":{"start":{"line":9,"column":10},"end":{"line":9,"column":23}},"5":{"start":{"line":11,"column":11},"end":{"line":11,"column":38}},"6":{"start":{"line":13,"column":12},"end":{"line":13,"column":27}},"7":{"start":{"line":15,"column":13},"end":{"line":15,"column":42}},"8":{"start":{"line":17,"column":39},"end":{"line":17,"column":93}},"9":{"start":{"line":19,"column":35},"end":{"line":19,"column":193}},"10":{"start":{"line":19,"column":61},"end":{"line":19,"column":145}},"11":{"start":{"line":19,"column":126},"end":{"line":19,"column":143}},"12":{"start":{"line":19,"column":146},"end":{"line":19,"column":158}},"13":{"start":{"line":19,"column":168},"end":{"line":19,"column":191}},"14":{"start":{"line":25,"column":15},"end":{"line":25,"column":40}},"15":{"start":{"line":27,"column":0},"end":{"line":329,"column":2}},"16":{"start":{"line":34,"column":8},"end":{"line":34,"column":86}},"17":{"start":{"line":44,"column":8},"end":{"line":44,"column":130}},"18":{"start":{"line":54,"column":8},"end":{"line":54,"column":89}},"19":{"start":{"line":64,"column":8},"end":{"line":64,"column":117}},"20":{"start":{"line":74,"column":8},"end":{"line":77,"column":9}},"21":{"start":{"line":75,"column":30},"end":{"line":75,"column":61}},"22":{"start":{"line":76,"column":12},"end":{"line":76,"column":85}},"23":{"start":{"line":78,"column":8},"end":{"line":78,"column":21}},"24":{"start":{"line":90,"column":8},"end":{"line":90,"column":60}},"25":{"start":{"line":90,"column":47},"end":{"line":90,"column":60}},"26":{"start":{"line":91,"column":8},"end":{"line":91,"column":47}},"27":{"start":{"line":103,"column":8},"end":{"line":103,"column":42}},"28":{"start":{"line":103,"column":31},"end":{"line":103,"column":42}},"29":{"start":{"line":104,"column":8},"end":{"line":104,"column":69}},"30":{"start":{"line":116,"column":8},"end":{"line":118,"column":9}},"31":{"start":{"line":117,"column":12},"end":{"line":117,"column":66}},"32":{"start":{"line":119,"column":8},"end":{"line":119,"column":52}},"33":{"start":{"line":120,"column":8},"end":{"line":120,"column":48}},"34":{"start":{"line":122,"column":8},"end":{"line":133,"column":10}},"35":{"start":{"line":123,"column":12},"end":{"line":125,"column":13}},"36":{"start":{"line":124,"column":16},"end":{"line":124,"column":45}},"37":{"start":{"line":127,"column":35},"end":{"line":127,"column":82}},"38":{"start":{"line":128,"column":12},"end":{"line":132,"column":13}},"39":{"start":{"line":129,"column":16},"end":{"line":129,"column":63}},"40":{"start":{"line":149,"column":23},"end":{"line":149,"column":75}},"41":{"start":{"line":150,"column":8},"end":{"line":156,"column":9}},"42":{"start":{"line":151,"column":12},"end":{"line":155,"column":15}},"43":{"start":{"line":152,"column":16},"end":{"line":154,"column":29}},"44":{"start":{"line":153,"column":20},"end":{"line":153,"column":40}},"45":{"start":{"line":157,"column":8},"end":{"line":157,"column":26}},"46":{"start":{"line":169,"column":24},"end":{"line":169,"column":98}},"47":{"start":{"line":171,"column":8},"end":{"line":171,"column":33}},"48":{"start":{"line":172,"column":21},"end":{"line":174,"column":10}},"49":{"start":{"line":173,"column":12},"end":{"line":173,"column":83}},"50":{"start":{"line":175,"column":8},"end":{"line":175,"column":31}},"51":{"start":{"line":185,"column":20},"end":{"line":185,"column":84}},"52":{"start":{"line":186,"column":20},"end":{"line":186,"column":22}},"53":{"start":{"line":187,"column":16},"end":{"line":187,"column":18}},"54":{"start":{"line":189,"column":8},"end":{"line":189,"column":37}},"55":{"start":{"line":190,"column":8},"end":{"line":192,"column":9}},"56":{"start":{"line":191,"column":12},"end":{"line":191,"column":79}},"57":{"start":{"line":192,"column":9},"end":{"line":192,"column":31}},"58":{"start":{"line":209,"column":23},"end":{"line":209,"column":39}},"59":{"start":{"line":210,"column":44},"end":{"line":210,"column":48}},"60":{"start":{"line":211,"column":36},"end":{"line":211,"column":41}},"61":{"start":{"line":212,"column":33},"end":{"line":212,"column":42}},"62":{"start":{"line":214,"column":12},"end":{"line":241,"column":13}},"63":{"start":{"line":215,"column":16},"end":{"line":227,"column":17}},"64":{"start":{"line":216,"column":30},"end":{"line":216,"column":41}},"65":{"start":{"line":218,"column":32},"end":{"line":218,"column":40}},"66":{"start":{"line":220,"column":20},"end":{"line":226,"column":21}},"67":{"start":{"line":221,"column":24},"end":{"line":221,"column":98}},"68":{"start":{"line":222,"column":27},"end":{"line":226,"column":21}},"69":{"start":{"line":223,"column":24},"end":{"line":223,"column":129}},"70":{"start":{"line":225,"column":24},"end":{"line":225,"column":42}},"71":{"start":{"line":229,"column":16},"end":{"line":229,"column":41}},"72":{"start":{"line":230,"column":16},"end":{"line":230,"column":37}},"73":{"start":{"line":232,"column":16},"end":{"line":240,"column":17}},"74":{"start":{"line":233,"column":20},"end":{"line":235,"column":21}},"75":{"start":{"line":234,"column":24},"end":{"line":234,"column":43}},"76":{"start":{"line":237,"column":20},"end":{"line":239,"column":21}},"77":{"start":{"line":238,"column":24},"end":{"line":238,"column":45}},"78":{"start":{"line":243,"column":12},"end":{"line":243,"column":24}},"79":{"start":{"line":246,"column":19},"end":{"line":246,"column":21}},"80":{"start":{"line":248,"column":8},"end":{"line":250,"column":9}},"81":{"start":{"line":249,"column":12},"end":{"line":249,"column":46}},"82":{"start":{"line":252,"column":41},"end":{"line":252,"column":45}},"83":{"start":{"line":253,"column":33},"end":{"line":253,"column":38}},"84":{"start":{"line":254,"column":30},"end":{"line":254,"column":39}},"85":{"start":{"line":256,"column":8},"end":{"line":276,"column":9}},"86":{"start":{"line":257,"column":12},"end":{"line":262,"column":13}},"87":{"start":{"line":258,"column":29},"end":{"line":258,"column":41}},"88":{"start":{"line":260,"column":16},"end":{"line":260,"column":58}},"89":{"start":{"line":260,"column":49},"end":{"line":260,"column":58}},"90":{"start":{"line":261,"column":16},"end":{"line":261,"column":52}},"91":{"start":{"line":264,"column":12},"end":{"line":264,"column":38}},"92":{"start":{"line":265,"column":12},"end":{"line":265,"column":34}},"93":{"start":{"line":267,"column":12},"end":{"line":275,"column":13}},"94":{"start":{"line":268,"column":16},"end":{"line":270,"column":17}},"95":{"start":{"line":269,"column":20},"end":{"line":269,"column":40}},"96":{"start":{"line":272,"column":16},"end":{"line":274,"column":17}},"97":{"start":{"line":273,"column":20},"end":{"line":273,"column":42}},"98":{"start":{"line":278,"column":8},"end":{"line":278,"column":20}},"99":{"start":{"line":288,"column":8},"end":{"line":288,"column":89}},"100":{"start":{"line":288,"column":37},"end":{"line":288,"column":89}},"101":{"start":{"line":289,"column":8},"end":{"line":289,"column":84}},"102":{"start":{"line":289,"column":71},"end":{"line":289,"column":84}},"103":{"start":{"line":292,"column":8},"end":{"line":292,"column":38}},"104":{"start":{"line":293,"column":27},"end":{"line":293,"column":29}},"105":{"start":{"line":294,"column":23},"end":{"line":294,"column":26}},"106":{"start":{"line":295,"column":8},"end":{"line":298,"column":9}},"107":{"start":{"line":296,"column":12},"end":{"line":296,"column":60}},"108":{"start":{"line":297,"column":12},"end":{"line":297,"column":75}},"109":{"start":{"line":297,"column":51},"end":{"line":297,"column":75}},"110":{"start":{"line":300,"column":25},"end":{"line":300,"column":62}},"111":{"start":{"line":301,"column":41},"end":{"line":301,"column":45}},"112":{"start":{"line":302,"column":33},"end":{"line":302,"column":38}},"113":{"start":{"line":303,"column":30},"end":{"line":303,"column":39}},"114":{"start":{"line":305,"column":8},"end":{"line":325,"column":9}},"115":{"start":{"line":306,"column":12},"end":{"line":311,"column":13}},"116":{"start":{"line":307,"column":32},"end":{"line":307,"column":44}},"117":{"start":{"line":309,"column":16},"end":{"line":309,"column":81}},"118":{"start":{"line":310,"column":16},"end":{"line":310,"column":53}},"119":{"start":{"line":313,"column":12},"end":{"line":313,"column":38}},"120":{"start":{"line":314,"column":12},"end":{"line":314,"column":34}},"121":{"start":{"line":316,"column":12},"end":{"line":324,"column":13}},"122":{"start":{"line":317,"column":16},"end":{"line":319,"column":17}},"123":{"start":{"line":318,"column":20},"end":{"line":318,"column":40}},"124":{"start":{"line":321,"column":16},"end":{"line":323,"column":17}},"125":{"start":{"line":322,"column":20},"end":{"line":322,"column":42}},"126":{"start":{"line":327,"column":8},"end":{"line":327,"column":20}}},"fnMap":{"0":{"name":"(anonymous_0)","decl":{"start":{"line":7,"column":84},"end":{"line":7,"column":85}},"loc":{"start":{"line":7,"column":99},"end":{"line":7,"column":121}},"line":7},"1":{"name":"(anonymous_1)","decl":{"start":{"line":7,"column":124},"end":{"line":7,"column":125}},"loc":{"start":{"line":7,"column":139},"end":{"line":7,"column":268}},"line":7},"2":{"name":"_interopRequireDefault","decl":{"start":{"line":17,"column":9},"end":{"line":17,"column":31}},"loc":{"start":{"line":17,"column":37},"end":{"line":17,"column":95}},"line":17},"3":{"name":"_toConsumableArray","decl":{"start":{"line":19,"column":9},"end":{"line":19,"column":27}},"loc":{"start":{"line":19,"column":33},"end":{"line":19,"column":195}},"line":19},"4":{"name":"isNumber","decl":{"start":{"line":33,"column":23},"end":{"line":33,"column":31}},"loc":{"start":{"line":33,"column":42},"end":{"line":35,"column":5}},"line":33},"5":{"name":"isCallable","decl":{"start":{"line":43,"column":25},"end":{"line":43,"column":35}},"loc":{"start":{"line":43,"column":46},"end":{"line":45,"column":5}},"line":43},"6":{"name":"isArray","decl":{"start":{"line":53,"column":22},"end":{"line":53,"column":29}},"loc":{"start":{"line":53,"column":40},"end":{"line":55,"column":5}},"line":53},"7":{"name":"isObject","decl":{"start":{"line":63,"column":23},"end":{"line":63,"column":31}},"loc":{"start":{"line":63,"column":42},"end":{"line":65,"column":5}},"line":63},"8":{"name":"isPlainObject","decl":{"start":{"line":73,"column":28},"end":{"line":73,"column":41}},"loc":{"start":{"line":73,"column":52},"end":{"line":79,"column":5}},"line":73},"9":{"name":"isValidParameter","decl":{"start":{"line":89,"column":31},"end":{"line":89,"column":47}},"loc":{"start":{"line":89,"column":72},"end":{"line":92,"column":5}},"line":89},"10":{"name":"makeArray","decl":{"start":{"line":102,"column":24},"end":{"line":102,"column":33}},"loc":{"start":{"line":102,"column":53},"end":{"line":105,"column":5}},"line":102},"11":{"name":"generateCallback","decl":{"start":{"line":115,"column":31},"end":{"line":115,"column":47}},"loc":{"start":{"line":115,"column":77},"end":{"line":134,"column":5}},"line":115},"12":{"name":"(anonymous_12)","decl":{"start":{"line":122,"column":15},"end":{"line":122,"column":16}},"loc":{"start":{"line":122,"column":27},"end":{"line":133,"column":9}},"line":122},"13":{"name":"runSafe","decl":{"start":{"line":148,"column":22},"end":{"line":148,"column":29}},"loc":{"start":{"line":148,"column":71},"end":{"line":158,"column":5}},"line":148},"14":{"name":"(anonymous_14)","decl":{"start":{"line":151,"column":31},"end":{"line":151,"column":32}},"loc":{"start":{"line":151,"column":50},"end":{"line":155,"column":13}},"line":151},"15":{"name":"(anonymous_15)","decl":{"start":{"line":152,"column":27},"end":{"line":152,"column":28}},"loc":{"start":{"line":152,"column":39},"end":{"line":154,"column":17}},"line":152},"16":{"name":"camelCase","decl":{"start":{"line":168,"column":24},"end":{"line":168,"column":33}},"loc":{"start":{"line":168,"column":41},"end":{"line":176,"column":5}},"line":168},"17":{"name":"(anonymous_17)","decl":{"start":{"line":172,"column":48},"end":{"line":172,"column":49}},"loc":{"start":{"line":172,"column":70},"end":{"line":174,"column":9}},"line":172},"18":{"name":"getRandomText","decl":{"start":{"line":184,"column":28},"end":{"line":184,"column":41}},"loc":{"start":{"line":184,"column":50},"end":{"line":193,"column":5}},"line":184},"19":{"name":"mergeObjects","decl":{"start":{"line":201,"column":27},"end":{"line":201,"column":39}},"loc":{"start":{"line":201,"column":42},"end":{"line":279,"column":5}},"line":201},"20":{"name":"run","decl":{"start":{"line":208,"column":17},"end":{"line":208,"column":20}},"loc":{"start":{"line":208,"column":32},"end":{"line":244,"column":9}},"line":208},"21":{"name":"mkDirSync","decl":{"start":{"line":287,"column":24},"end":{"line":287,"column":33}},"loc":{"start":{"line":287,"column":39},"end":{"line":328,"column":5}},"line":287}},"branchMap":{"0":{"loc":{"start":{"line":7,"column":14},"end":{"line":7,"column":268}},"type":"cond-expr","locations":[{"start":{"line":7,"column":84},"end":{"line":7,"column":121}},{"start":{"line":7,"column":124},"end":{"line":7,"column":268}}],"line":7},"1":{"loc":{"start":{"line":7,"column":14},"end":{"line":7,"column":81}},"type":"binary-expr","locations":[{"start":{"line":7,"column":14},"end":{"line":7,"column":42}},{"start":{"line":7,"column":46},"end":{"line":7,"column":81}}],"line":7},"2":{"loc":{"start":{"line":7,"column":148},"end":{"line":7,"column":265}},"type":"cond-expr","locations":[{"start":{"line":7,"column":244},"end":{"line":7,"column":252}},{"start":{"line":7,"column":255},"end":{"line":7,"column":265}}],"line":7},"3":{"loc":{"start":{"line":7,"column":148},"end":{"line":7,"column":241}},"type":"binary-expr","locations":[{"start":{"line":7,"column":148},"end":{"line":7,"column":151}},{"start":{"line":7,"column":155},"end":{"line":7,"column":183}},{"start":{"line":7,"column":187},"end":{"line":7,"column":213}},{"start":{"line":7,"column":217},"end":{"line":7,"column":241}}],"line":7},"4":{"loc":{"start":{"line":17,"column":46},"end":{"line":17,"column":92}},"type":"cond-expr","locations":[{"start":{"line":17,"column":70},"end":{"line":17,"column":73}},{"start":{"line":17,"column":76},"end":{"line":17,"column":92}}],"line":17},"5":{"loc":{"start":{"line":17,"column":46},"end":{"line":17,"column":67}},"type":"binary-expr","locations":[{"start":{"line":17,"column":46},"end":{"line":17,"column":49}},{"start":{"line":17,"column":53},"end":{"line":17,"column":67}}],"line":17},"6":{"loc":{"start":{"line":19,"column":35},"end":{"line":19,"column":193}},"type":"if","locations":[{"start":{"line":19,"column":35},"end":{"line":19,"column":193}},{"start":{"line":19,"column":35},"end":{"line":19,"column":193}}],"line":19},"7":{"loc":{"start":{"line":34,"column":15},"end":{"line":34,"column":85}},"type":"binary-expr","locations":[{"start":{"line":34,"column":15},"end":{"line":34,"column":43}},{"start":{"line":34,"column":47},"end":{"line":34,"column":63}},{"start":{"line":34,"column":67},"end":{"line":34,"column":85}}],"line":34},"8":{"loc":{"start":{"line":44,"column":15},"end":{"line":44,"column":129}},"type":"binary-expr","locations":[{"start":{"line":44,"column":16},"end":{"line":44,"column":63}},{"start":{"line":44,"column":67},"end":{"line":44,"column":95}},{"start":{"line":44,"column":100},"end":{"line":44,"column":129}}],"line":44},"9":{"loc":{"start":{"line":54,"column":15},"end":{"line":54,"column":88}},"type":"binary-expr","locations":[{"start":{"line":54,"column":15},"end":{"line":54,"column":59}},{"start":{"line":54,"column":63},"end":{"line":54,"column":88}}],"line":54},"10":{"loc":{"start":{"line":64,"column":15},"end":{"line":64,"column":116}},"type":"binary-expr","locations":[{"start":{"line":64,"column":15},"end":{"line":64,"column":95}},{"start":{"line":64,"column":99},"end":{"line":64,"column":116}}],"line":64},"11":{"loc":{"start":{"line":64,"column":16},"end":{"line":64,"column":81}},"type":"cond-expr","locations":[{"start":{"line":64,"column":50},"end":{"line":64,"column":61}},{"start":{"line":64,"column":64},"end":{"line":64,"column":81}}],"line":64},"12":{"loc":{"start":{"line":74,"column":8},"end":{"line":77,"column":9}},"type":"if","locations":[{"start":{"line":74,"column":8},"end":{"line":77,"column":9}},{"start":{"line":74,"column":8},"end":{"line":77,"column":9}}],"line":74},"13":{"loc":{"start":{"line":76,"column":19},"end":{"line":76,"column":84}},"type":"binary-expr","locations":[{"start":{"line":76,"column":19},"end":{"line":76,"column":39}},{"start":{"line":76,"column":43},"end":{"line":76,"column":84}}],"line":76},"14":{"loc":{"start":{"line":90,"column":8},"end":{"line":90,"column":60}},"type":"if","locations":[{"start":{"line":90,"column":8},"end":{"line":90,"column":60}},{"start":{"line":90,"column":8},"end":{"line":90,"column":60}}],"line":90},"15":{"loc":{"start":{"line":90,"column":12},"end":{"line":90,"column":45}},"type":"binary-expr","locations":[{"start":{"line":90,"column":12},"end":{"line":90,"column":24}},{"start":{"line":90,"column":28},"end":{"line":90,"column":45}}],"line":90},"16":{"loc":{"start":{"line":103,"column":8},"end":{"line":103,"column":42}},"type":"if","locations":[{"start":{"line":103,"column":8},"end":{"line":103,"column":42}},{"start":{"line":103,"column":8},"end":{"line":103,"column":42}}],"line":103},"17":{"loc":{"start":{"line":104,"column":15},"end":{"line":104,"column":68}},"type":"cond-expr","locations":[{"start":{"line":104,"column":58},"end":{"line":104,"column":63}},{"start":{"line":104,"column":66},"end":{"line":104,"column":68}}],"line":104},"18":{"loc":{"start":{"line":116,"column":8},"end":{"line":118,"column":9}},"type":"if","locations":[{"start":{"line":116,"column":8},"end":{"line":118,"column":9}},{"start":{"line":116,"column":8},"end":{"line":118,"column":9}}],"line":116},"19":{"loc":{"start":{"line":119,"column":16},"end":{"line":119,"column":51}},"type":"cond-expr","locations":[{"start":{"line":119,"column":39},"end":{"line":119,"column":44}},{"start":{"line":119,"column":47},"end":{"line":119,"column":51}}],"line":119},"20":{"loc":{"start":{"line":150,"column":8},"end":{"line":156,"column":9}},"type":"if","locations":[{"start":{"line":150,"column":8},"end":{"line":156,"column":9}},{"start":{"line":150,"column":8},"end":{"line":156,"column":9}}],"line":150},"21":{"loc":{"start":{"line":169,"column":24},"end":{"line":169,"column":98}},"type":"cond-expr","locations":[{"start":{"line":169,"column":77},"end":{"line":169,"column":89}},{"start":{"line":169,"column":92},"end":{"line":169,"column":98}}],"line":169},"22":{"loc":{"start":{"line":169,"column":24},"end":{"line":169,"column":74}},"type":"binary-expr","locations":[{"start":{"line":169,"column":24},"end":{"line":169,"column":44}},{"start":{"line":169,"column":48},"end":{"line":169,"column":74}}],"line":169},"23":{"loc":{"start":{"line":173,"column":19},"end":{"line":173,"column":82}},"type":"cond-expr","locations":[{"start":{"line":173,"column":31},"end":{"line":173,"column":36}},{"start":{"line":173,"column":39},"end":{"line":173,"column":82}}],"line":173},"24":{"loc":{"start":{"line":189,"column":17},"end":{"line":189,"column":36}},"type":"cond-expr","locations":[{"start":{"line":189,"column":26},"end":{"line":189,"column":32}},{"start":{"line":189,"column":35},"end":{"line":189,"column":36}}],"line":189},"25":{"loc":{"start":{"line":220,"column":20},"end":{"line":226,"column":21}},"type":"if","locations":[{"start":{"line":220,"column":20},"end":{"line":226,"column":21}},{"start":{"line":220,"column":20},"end":{"line":226,"column":21}}],"line":220},"26":{"loc":{"start":{"line":221,"column":36},"end":{"line":221,"column":97}},"type":"cond-expr","locations":[{"start":{"line":221,"column":64},"end":{"line":221,"column":89}},{"start":{"line":221,"column":92},"end":{"line":221,"column":97}}],"line":221},"27":{"loc":{"start":{"line":222,"column":27},"end":{"line":226,"column":21}},"type":"if","locations":[{"start":{"line":222,"column":27},"end":{"line":226,"column":21}},{"start":{"line":222,"column":27},"end":{"line":226,"column":21}}],"line":222},"28":{"loc":{"start":{"line":223,"column":36},"end":{"line":223,"column":128}},"type":"cond-expr","locations":[{"start":{"line":223,"column":68},"end":{"line":223,"column":100}},{"start":{"line":223,"column":103},"end":{"line":223,"column":128}}],"line":223},"29":{"loc":{"start":{"line":233,"column":20},"end":{"line":235,"column":21}},"type":"if","locations":[{"start":{"line":233,"column":20},"end":{"line":235,"column":21}},{"start":{"line":233,"column":20},"end":{"line":235,"column":21}}],"line":233},"30":{"loc":{"start":{"line":233,"column":24},"end":{"line":233,"column":70}},"type":"binary-expr","locations":[{"start":{"line":233,"column":24},"end":{"line":233,"column":50}},{"start":{"line":233,"column":54},"end":{"line":233,"column":70}}],"line":233},"31":{"loc":{"start":{"line":237,"column":20},"end":{"line":239,"column":21}},"type":"if","locations":[{"start":{"line":237,"column":20},"end":{"line":239,"column":21}},{"start":{"line":237,"column":20},"end":{"line":239,"column":21}}],"line":237},"32":{"loc":{"start":{"line":260,"column":16},"end":{"line":260,"column":58}},"type":"if","locations":[{"start":{"line":260,"column":16},"end":{"line":260,"column":58}},{"start":{"line":260,"column":16},"end":{"line":260,"column":58}}],"line":260},"33":{"loc":{"start":{"line":268,"column":16},"end":{"line":270,"column":17}},"type":"if","locations":[{"start":{"line":268,"column":16},"end":{"line":270,"column":17}},{"start":{"line":268,"column":16},"end":{"line":270,"column":17}}],"line":268},"34":{"loc":{"start":{"line":268,"column":20},"end":{"line":268,"column":68}},"type":"binary-expr","locations":[{"start":{"line":268,"column":20},"end":{"line":268,"column":47}},{"start":{"line":268,"column":51},"end":{"line":268,"column":68}}],"line":268},"35":{"loc":{"start":{"line":272,"column":16},"end":{"line":274,"column":17}},"type":"if","locations":[{"start":{"line":272,"column":16},"end":{"line":274,"column":17}},{"start":{"line":272,"column":16},"end":{"line":274,"column":17}}],"line":272},"36":{"loc":{"start":{"line":288,"column":8},"end":{"line":288,"column":89}},"type":"if","locations":[{"start":{"line":288,"column":8},"end":{"line":288,"column":89}},{"start":{"line":288,"column":8},"end":{"line":288,"column":89}}],"line":288},"37":{"loc":{"start":{"line":289,"column":8},"end":{"line":289,"column":84}},"type":"if","locations":[{"start":{"line":289,"column":8},"end":{"line":289,"column":84}},{"start":{"line":289,"column":8},"end":{"line":289,"column":84}}],"line":289},"38":{"loc":{"start":{"line":289,"column":12},"end":{"line":289,"column":69}},"type":"binary-expr","locations":[{"start":{"line":289,"column":12},"end":{"line":289,"column":23}},{"start":{"line":289,"column":27},"end":{"line":289,"column":37}},{"start":{"line":289,"column":41},"end":{"line":289,"column":69}}],"line":289},"39":{"loc":{"start":{"line":295,"column":15},"end":{"line":295,"column":54}},"type":"binary-expr","locations":[{"start":{"line":295,"column":15},"end":{"line":295,"column":34}},{"start":{"line":295,"column":38},"end":{"line":295,"column":54}}],"line":295},"40":{"loc":{"start":{"line":297,"column":12},"end":{"line":297,"column":75}},"type":"if","locations":[{"start":{"line":297,"column":12},"end":{"line":297,"column":75}},{"start":{"line":297,"column":12},"end":{"line":297,"column":75}}],"line":297},"41":{"loc":{"start":{"line":317,"column":16},"end":{"line":319,"column":17}},"type":"if","locations":[{"start":{"line":317,"column":16},"end":{"line":319,"column":17}},{"start":{"line":317,"column":16},"end":{"line":319,"column":17}}],"line":317},"42":{"loc":{"start":{"line":317,"column":20},"end":{"line":317,"column":68}},"type":"binary-expr","locations":[{"start":{"line":317,"column":20},"end":{"line":317,"column":47}},{"start":{"line":317,"column":51},"end":{"line":317,"column":68}}],"line":317},"43":{"loc":{"start":{"line":321,"column":16},"end":{"line":323,"column":17}},"type":"if","locations":[{"start":{"line":321,"column":16},"end":{"line":323,"column":17}},{"start":{"line":321,"column":16},"end":{"line":323,"column":17}}],"line":321}},"s":{"0":1,"1":1,"2":1347,"3":0,"4":1,"5":1,"6":1,"7":1,"8":2,"9":74,"10":74,"11":104,"12":74,"13":0,"14":1,"15":1,"16":6,"17":249,"18":269,"19":1372,"20":1214,"21":323,"22":323,"23":891,"24":109,"25":1,"26":108,"27":156,"28":50,"29":106,"30":155,"31":2,"32":153,"33":153,"34":153,"35":74,"36":18,"37":74,"38":74,"39":74,"40":29,"41":28,"42":2,"43":2,"44":2,"45":26,"46":2,"47":2,"48":2,"49":6,"50":2,"51":22,"52":22,"53":22,"54":22,"55":22,"56":164,"57":22,"58":212,"59":212,"60":212,"61":212,"62":212,"63":212,"64":1072,"65":1072,"66":1072,"67":1065,"68":7,"69":4,"70":3,"71":0,"72":0,"73":212,"74":212,"75":0,"76":212,"77":0,"78":212,"79":52,"80":52,"81":107,"82":52,"83":52,"84":52,"85":52,"86":52,"87":107,"88":107,"89":1,"90":106,"91":0,"92":0,"93":52,"94":52,"95":0,"96":52,"97":0,"98":52,"99":22,"100":1,"101":21,"102":19,"103":2,"104":2,"105":2,"106":2,"107":4,"108":4,"109":2,"110":2,"111":2,"112":2,"113":2,"114":2,"115":2,"116":4,"117":4,"118":4,"119":0,"120":0,"121":2,"122":2,"123":0,"124":2,"125":0,"126":2},"f":{"0":1347,"1":0,"2":2,"3":74,"4":6,"5":249,"6":269,"7":1372,"8":1214,"9":109,"10":156,"11":155,"12":74,"13":29,"14":2,"15":2,"16":2,"17":6,"18":22,"19":52,"20":212,"21":22},"b":{"0":[1,0],"1":[1,1],"2":[0,0],"3":[0,0,0,0],"4":[0,2],"5":[2,2],"6":[74,0],"7":[6,4,3],"8":[249,31,218],"9":[269,141],"10":[1372,478],"11":[25,1347],"12":[323,891],"13":[323,322],"14":[1,108],"15":[109,1],"16":[50,106],"17":[3,103],"18":[2,153],"19":[124,29],"20":[2,26],"21":[1,1],"22":[2,1],"23":[2,4],"24":[21,1],"25":[1065,7],"26":[102,963],"27":[4,3],"28":[3,1],"29":[0,212],"30":[212,0],"31":[0,212],"32":[1,106],"33":[0,52],"34":[52,0],"35":[0,52],"36":[1,21],"37":[19,2],"38":[21,20,19],"39":[6,4],"40":[2,2],"41":[0,2],"42":[2,0],"43":[0,2]},"_coverageSchema":"d34fc3e6b8297bcde183f5492bcb8fcb36775295","hash":"08df4dfd6b11e69f206180102f342c8346db41cd","contentHash":"ecf9cf140a81480c7b63fb972374e91a_12.0.2"},"/home/forensic/www/r-server/src/modules/StaticFileServer.js":{"path":"/home/forensic/www/r-server/src/modules/StaticFileServer.js","statementMap":{"0":{"start":{"line":3,"column":0},"end":{"line":5,"column":3}},"1":{"start":{"line":7,"column":19},"end":{"line":7,"column":563}},"2":{"start":{"line":7,"column":76},"end":{"line":7,"column":347}},"3":{"start":{"line":7,"column":134},"end":{"line":7,"column":142}},"4":{"start":{"line":7,"column":144},"end":{"line":7,"column":199}},"5":{"start":{"line":7,"column":200},"end":{"line":7,"column":231}},"6":{"start":{"line":7,"column":232},"end":{"line":7,"column":286}},"7":{"start":{"line":7,"column":259},"end":{"line":7,"column":286}},"8":{"start":{"line":7,"column":287},"end":{"line":7,"column":345}},"9":{"start":{"line":7,"column":350},"end":{"line":7,"column":559}},"10":{"start":{"line":7,"column":407},"end":{"line":7,"column":475}},"11":{"start":{"line":7,"column":423},"end":{"line":7,"column":475}},"12":{"start":{"line":7,"column":476},"end":{"line":7,"column":536}},"13":{"start":{"line":7,"column":493},"end":{"line":7,"column":536}},"14":{"start":{"line":7,"column":537},"end":{"line":7,"column":556}},"15":{"start":{"line":12,"column":12},"end":{"line":12,"column":27}},"16":{"start":{"line":14,"column":13},"end":{"line":14,"column":42}},"17":{"start":{"line":16,"column":10},"end":{"line":16,"column":23}},"18":{"start":{"line":18,"column":11},"end":{"line":18,"column":38}},"19":{"start":{"line":20,"column":14},"end":{"line":20,"column":31}},"20":{"start":{"line":22,"column":15},"end":{"line":22,"column":46}},"21":{"start":{"line":24,"column":12},"end":{"line":24,"column":32}},"22":{"start":{"line":26,"column":13},"end":{"line":26,"column":42}},"23":{"start":{"line":28,"column":39},"end":{"line":28,"column":93}},"24":{"start":{"line":30,"column":50},"end":{"line":30,"column":151}},"25":{"start":{"line":30,"column":92},"end":{"line":30,"column":149}},"26":{"start":{"line":32,"column":23},"end":{"line":351,"column":3}},"27":{"start":{"line":42,"column":8},"end":{"line":42,"column":48}},"28":{"start":{"line":44,"column":8},"end":{"line":44,"column":31}},"29":{"start":{"line":45,"column":8},"end":{"line":47,"column":11}},"30":{"start":{"line":46,"column":12},"end":{"line":46,"column":65}},"31":{"start":{"line":48,"column":8},"end":{"line":48,"column":35}},"32":{"start":{"line":49,"column":8},"end":{"line":49,"column":49}},"33":{"start":{"line":50,"column":8},"end":{"line":50,"column":70}},"34":{"start":{"line":58,"column":4},"end":{"line":348,"column":8}},"35":{"start":{"line":68,"column":23},"end":{"line":68,"column":54}},"36":{"start":{"line":70,"column":12},"end":{"line":76,"column":14}},"37":{"start":{"line":92,"column":12},"end":{"line":92,"column":87}},"38":{"start":{"line":93,"column":12},"end":{"line":93,"column":54}},"39":{"start":{"line":95,"column":12},"end":{"line":95,"column":61}},"40":{"start":{"line":95,"column":22},"end":{"line":95,"column":41}},"41":{"start":{"line":95,"column":46},"end":{"line":95,"column":61}},"42":{"start":{"line":96,"column":12},"end":{"line":98,"column":18}},"43":{"start":{"line":97,"column":16},"end":{"line":97,"column":27}},"44":{"start":{"line":99,"column":12},"end":{"line":99,"column":24}},"45":{"start":{"line":115,"column":12},"end":{"line":115,"column":87}},"46":{"start":{"line":117,"column":12},"end":{"line":117,"column":48}},"47":{"start":{"line":119,"column":29},"end":{"line":119,"column":68}},"48":{"start":{"line":121,"column":12},"end":{"line":126,"column":15}},"49":{"start":{"line":122,"column":16},"end":{"line":122,"column":39}},"50":{"start":{"line":128,"column":12},"end":{"line":128,"column":54}},"51":{"start":{"line":129,"column":12},"end":{"line":129,"column":24}},"52":{"start":{"line":139,"column":12},"end":{"line":139,"column":114}},"53":{"start":{"line":139,"column":102},"end":{"line":139,"column":114}},"54":{"start":{"line":141,"column":12},"end":{"line":141,"column":127}},"55":{"start":{"line":141,"column":115},"end":{"line":141,"column":127}},"56":{"start":{"line":143,"column":12},"end":{"line":143,"column":25}},"57":{"start":{"line":156,"column":23},"end":{"line":156,"column":60}},"58":{"start":{"line":157,"column":12},"end":{"line":157,"column":46}},"59":{"start":{"line":159,"column":12},"end":{"line":159,"column":65}},"60":{"start":{"line":171,"column":44},"end":{"line":171,"column":48}},"61":{"start":{"line":172,"column":36},"end":{"line":172,"column":41}},"62":{"start":{"line":173,"column":33},"end":{"line":173,"column":42}},"63":{"start":{"line":175,"column":12},"end":{"line":194,"column":13}},"64":{"start":{"line":176,"column":16},"end":{"line":180,"column":17}},"65":{"start":{"line":177,"column":31},"end":{"line":177,"column":42}},"66":{"start":{"line":179,"column":20},"end":{"line":179,"column":98}},"67":{"start":{"line":179,"column":86},"end":{"line":179,"column":98}},"68":{"start":{"line":182,"column":16},"end":{"line":182,"column":41}},"69":{"start":{"line":183,"column":16},"end":{"line":183,"column":37}},"70":{"start":{"line":185,"column":16},"end":{"line":193,"column":17}},"71":{"start":{"line":186,"column":20},"end":{"line":188,"column":21}},"72":{"start":{"line":187,"column":24},"end":{"line":187,"column":43}},"73":{"start":{"line":190,"column":20},"end":{"line":192,"column":21}},"74":{"start":{"line":191,"column":24},"end":{"line":191,"column":45}},"75":{"start":{"line":196,"column":12},"end":{"line":196,"column":22}},"76":{"start":{"line":209,"column":28},"end":{"line":209,"column":30}},"77":{"start":{"line":211,"column":12},"end":{"line":211,"column":85}},"78":{"start":{"line":213,"column":12},"end":{"line":252,"column":13}},"79":{"start":{"line":214,"column":49},"end":{"line":214,"column":53}},"80":{"start":{"line":215,"column":41},"end":{"line":215,"column":46}},"81":{"start":{"line":216,"column":38},"end":{"line":216,"column":47}},"82":{"start":{"line":218,"column":16},"end":{"line":251,"column":17}},"83":{"start":{"line":219,"column":20},"end":{"line":237,"column":21}},"84":{"start":{"line":220,"column":41},"end":{"line":220,"column":53}},"85":{"start":{"line":222,"column":39},"end":{"line":222,"column":75}},"86":{"start":{"line":224,"column":24},"end":{"line":236,"column":25}},"87":{"start":{"line":226,"column":28},"end":{"line":229,"column":29}},"88":{"start":{"line":227,"column":32},"end":{"line":227,"column":53}},"89":{"start":{"line":228,"column":32},"end":{"line":228,"column":38}},"90":{"start":{"line":231,"column":50},"end":{"line":231,"column":83}},"91":{"start":{"line":232,"column":28},"end":{"line":235,"column":29}},"92":{"start":{"line":233,"column":32},"end":{"line":233,"column":98}},"93":{"start":{"line":234,"column":32},"end":{"line":234,"column":38}},"94":{"start":{"line":239,"column":20},"end":{"line":239,"column":46}},"95":{"start":{"line":240,"column":20},"end":{"line":240,"column":42}},"96":{"start":{"line":242,"column":20},"end":{"line":250,"column":21}},"97":{"start":{"line":243,"column":24},"end":{"line":245,"column":25}},"98":{"start":{"line":244,"column":28},"end":{"line":244,"column":48}},"99":{"start":{"line":247,"column":24},"end":{"line":249,"column":25}},"100":{"start":{"line":248,"column":28},"end":{"line":248,"column":50}},"101":{"start":{"line":255,"column":12},"end":{"line":255,"column":116}},"102":{"start":{"line":255,"column":84},"end":{"line":255,"column":101}},"103":{"start":{"line":255,"column":106},"end":{"line":255,"column":116}},"104":{"start":{"line":271,"column":12},"end":{"line":271,"column":42}},"105":{"start":{"line":273,"column":27},"end":{"line":273,"column":60}},"106":{"start":{"line":274,"column":12},"end":{"line":274,"column":46}},"107":{"start":{"line":274,"column":33},"end":{"line":274,"column":46}},"108":{"start":{"line":276,"column":12},"end":{"line":276,"column":134}},"109":{"start":{"line":276,"column":38},"end":{"line":276,"column":134}},"110":{"start":{"line":278,"column":29},"end":{"line":278,"column":61}},"111":{"start":{"line":280,"column":12},"end":{"line":280,"column":156}},"112":{"start":{"line":280,"column":97},"end":{"line":280,"column":156}},"113":{"start":{"line":282,"column":12},"end":{"line":289,"column":13}},"114":{"start":{"line":284,"column":20},"end":{"line":284,"column":58}},"115":{"start":{"line":285,"column":20},"end":{"line":285,"column":87}},"116":{"start":{"line":288,"column":20},"end":{"line":288,"column":89}},"117":{"start":{"line":305,"column":12},"end":{"line":305,"column":175}},"118":{"start":{"line":305,"column":27},"end":{"line":305,"column":106}},"119":{"start":{"line":305,"column":111},"end":{"line":305,"column":175}},"120":{"start":{"line":307,"column":12},"end":{"line":311,"column":13}},"121":{"start":{"line":308,"column":16},"end":{"line":308,"column":45}},"122":{"start":{"line":309,"column":16},"end":{"line":309,"column":39}},"123":{"start":{"line":310,"column":16},"end":{"line":310,"column":28}},"124":{"start":{"line":313,"column":26},"end":{"line":313,"column":58}},"125":{"start":{"line":314,"column":12},"end":{"line":314,"column":74}},"126":{"start":{"line":315,"column":12},"end":{"line":315,"column":24}},"127":{"start":{"line":330,"column":26},"end":{"line":330,"column":69}},"128":{"start":{"line":331,"column":12},"end":{"line":334,"column":13}},"129":{"start":{"line":332,"column":16},"end":{"line":332,"column":39}},"130":{"start":{"line":333,"column":16},"end":{"line":333,"column":23}},"131":{"start":{"line":336,"column":29},"end":{"line":336,"column":61}},"132":{"start":{"line":337,"column":12},"end":{"line":337,"column":112}},"133":{"start":{"line":339,"column":12},"end":{"line":339,"column":90}},"134":{"start":{"line":341,"column":12},"end":{"line":341,"column":73}},"135":{"start":{"line":346,"column":12},"end":{"line":346,"column":38}},"136":{"start":{"line":350,"column":4},"end":{"line":350,"column":28}},"137":{"start":{"line":353,"column":0},"end":{"line":353,"column":35}}},"fnMap":{"0":{"name":"(anonymous_0)","decl":{"start":{"line":7,"column":19},"end":{"line":7,"column":20}},"loc":{"start":{"line":7,"column":31},"end":{"line":7,"column":561}},"line":7},"1":{"name":"defineProperties","decl":{"start":{"line":7,"column":42},"end":{"line":7,"column":58}},"loc":{"start":{"line":7,"column":74},"end":{"line":7,"column":349}},"line":7},"2":{"name":"(anonymous_2)","decl":{"start":{"line":7,"column":357},"end":{"line":7,"column":358}},"loc":{"start":{"line":7,"column":405},"end":{"line":7,"column":558}},"line":7},"3":{"name":"_interopRequireDefault","decl":{"start":{"line":28,"column":9},"end":{"line":28,"column":31}},"loc":{"start":{"line":28,"column":37},"end":{"line":28,"column":95}},"line":28},"4":{"name":"_classCallCheck","decl":{"start":{"line":30,"column":9},"end":{"line":30,"column":24}},"loc":{"start":{"line":30,"column":48},"end":{"line":30,"column":153}},"line":30},"5":{"name":"(anonymous_5)","decl":{"start":{"line":32,"column":23},"end":{"line":32,"column":24}},"loc":{"start":{"line":32,"column":35},"end":{"line":351,"column":1}},"line":32},"6":{"name":"StaticFileServer","decl":{"start":{"line":41,"column":13},"end":{"line":41,"column":29}},"loc":{"start":{"line":41,"column":95},"end":{"line":51,"column":5}},"line":41},"7":{"name":"(anonymous_7)","decl":{"start":{"line":45,"column":43},"end":{"line":45,"column":44}},"loc":{"start":{"line":45,"column":65},"end":{"line":47,"column":9}},"line":45},"8":{"name":"getDefaultHeaders","decl":{"start":{"line":67,"column":24},"end":{"line":67,"column":41}},"loc":{"start":{"line":67,"column":52},"end":{"line":77,"column":9}},"line":67},"9":{"name":"endResponse","decl":{"start":{"line":91,"column":24},"end":{"line":91,"column":35}},"loc":{"start":{"line":91,"column":79},"end":{"line":100,"column":9}},"line":91},"10":{"name":"(anonymous_10)","decl":{"start":{"line":92,"column":72},"end":{"line":92,"column":73}},"loc":{"start":{"line":92,"column":84},"end":{"line":92,"column":86}},"line":92},"11":{"name":"(anonymous_11)","decl":{"start":{"line":
[...]
t":{"line":396,"column":4},"end":{"line":396,"column":18}},"192":{"start":{"line":399,"column":0},"end":{"line":399,"column":25}}},"fnMap":{"0":{"name":"(anonymous_0)","decl":{"start":{"line":7,"column":21},"end":{"line":7,"column":22}},"loc":{"start":{"line":7,"column":33},"end":{"line":7,"column":661}},"line":7},"1":{"name":"sliceIterator","decl":{"start":{"line":7,"column":44},"end":{"line":7,"column":57}},"loc":{"start":{"line":7,"column":66},"end":{"line":7,"column":428}},"line":7},"2":{"name":"(anonymous_2)","decl":{"start":{"line":7,"column":436},"end":{"line":7,"column":437}},"loc":{"start":{"line":7,"column":454},"end":{"line":7,"column":658}},"line":7},"3":{"name":"(anonymous_3)","decl":{"start":{"line":9,"column":19},"end":{"line":9,"column":20}},"loc":{"start":{"line":9,"column":31},"end":{"line":9,"column":561}},"line":9},"4":{"name":"defineProperties","decl":{"start":{"line":9,"column":42},"end":{"line":9,"column":58}},"loc":{"start":{"line":9,"column":74},"end":{"line":9,"column":349}},"line":9},"5":{"name":"(anonymous_5)","decl":{"start":{"line":9,"column":357},"end":{"line":9,"column":358}},"loc":{"start":{"line":9,"column":405},"end":{"line":9,"column":558}},"line":9},"6":{"name":"_interopRequireDefault","decl":{"start":{"line":26,"column":9},"end":{"line":26,"column":31}},"loc":{"start":{"line":26,"column":37},"end":{"line":26,"column":95}},"line":26},"7":{"name":"_classCallCheck","decl":{"start":{"line":28,"column":9},"end":{"line":28,"column":24}},"loc":{"start":{"line":28,"column":48},"end":{"line":28,"column":153}},"line":28},"8":{"name":"(anonymous_8)","decl":{"start":{"line":30,"column":13},"end":{"line":30,"column":14}},"loc":{"start":{"line":30,"column":25},"end":{"line":397,"column":1}},"line":30},"9":{"name":"_class","decl":{"start":{"line":36,"column":13},"end":{"line":36,"column":19}},"loc":{"start":{"line":36,"column":39},"end":{"line":41,"column":5}},"line":36},"10":{"name":"assignValue","decl":{"start":{"line":58,"column":24},"end":{"line":58,"column":35}},"loc":{"start":{"line":58,"column":57},"end":{"line":66,"column":9}},"line":58},"11":{"name":"parseJSON","decl":{"start":{"line":76,"column":24},"end":{"line":76,"column":33}},"loc":{"start":{"line":76,"column":42},"end":{"line":84,"column":9}},"line":76},"12":{"name":"parseUrlEncoded","decl":{"start":{"line":94,"column":24},"end":{"line":94,"column":39}},"loc":{"start":{"line":94,"column":48},"end":{"line":129,"column":9}},"line":94},"13":{"name":"parseQueryString","decl":{"start":{"line":139,"column":24},"end":{"line":139,"column":40}},"loc":{"start":{"line":139,"column":46},"end":{"line":141,"column":9}},"line":139},"14":{"name":"cleanUpTempFiles","decl":{"start":{"line":150,"column":24},"end":{"line":150,"column":40}},"loc":{"start":{"line":150,"column":48},"end":{"line":187,"column":9}},"line":150},"15":{"name":"unlink","decl":{"start":{"line":154,"column":34},"end":{"line":154,"column":40}},"loc":{"start":{"line":154,"column":47},"end":{"line":156,"column":13}},"line":154},"16":{"name":"processFile","decl":{"start":{"line":201,"column":24},"end":{"line":201,"column":35}},"loc":{"start":{"line":201,"column":60},"end":{"line":217,"column":9}},"line":201},"17":{"name":"parsePartHeaders","decl":{"start":{"line":227,"column":24},"end":{"line":227,"column":40}},"loc":{"start":{"line":227,"column":50},"end":{"line":281,"column":9}},"line":227},"18":{"name":"parseMultiPart","decl":{"start":{"line":293,"column":24},"end":{"line":293,"column":38}},"loc":{"start":{"line":293,"column":57},"end":{"line":358,"column":9}},"line":293},"19":{"name":"parse","decl":{"start":{"line":367,"column":24},"end":{"line":367,"column":29}},"loc":{"start":{"line":367,"column":51},"end":{"line":388,"column":9}},"line":367},"20":{"name":"get","decl":{"start":{"line":391,"column":22},"end":{"line":391,"column":25}},"loc":{"start":{"line":391,"column":28},"end":{"line":393,"column":9}},"line":391}},"branchMap":{"0":{"loc":{"start":{"line":7,"column":247},"end":{"line":7,"column":281}},"type":"if","locations":[{"start":{"line":7,"column":247},"end":{"line":7,"column":281}},{"start":{"line":7,"column":247},"end":{"line":7,"column":281}}],"line":7},"1":{"loc":{"start":{"line":7,"column":251},"end":{"line":7,"column":273}},"type":"binary-expr","locations":[{"start":{"line":7,"column":251},"end":{"line":7,"column":252}},{"start":{"line":7,"column":256},"end":{"line":7,"column":273}}],"line":7},"2":{"loc":{"start":{"line":7,"column":339},"end":{"line":7,"column":379}},"type":"if","locations":[{"start":{"line":7,"column":339},"end":{"line":7,"column":379}},{"start":{"line":7,"column":339},"end":{"line":7,"column":379}}],"line":7},"3":{"loc":{"start":{"line":7,"column":343},"end":{"line":7,"column":362}},"type":"binary-expr","locations":[{"start":{"line":7,"column":343},"end":{"line":7,"column":346}},{"start":{"line":7,"column":350},"end":{"line":7,"column":362}}],"line":7},"4":{"loc":{"start":{"line":7,"column":392},"end":{"line":7,"column":409}},"type":"if","locations":[{"start":{"line":7,"column":392},"end":{"line":7,"column":409}},{"start":{"line":7,"column":392},"end":{"line":7,"column":409}}],"line":7},"5":{"loc":{"start":{"line":7,"column":456},"end":{"line":7,"column":656}},"type":"if","locations":[{"start":{"line":7,"column":456},"end":{"line":7,"column":656}},{"start":{"line":7,"column":456},"end":{"line":7,"column":656}}],"line":7},"6":{"loc":{"start":{"line":7,"column":501},"end":{"line":7,"column":656}},"type":"if","locations":[{"start":{"line":7,"column":501},"end":{"line":7,"column":656}},{"start":{"line":7,"column":501},"end":{"line":7,"column":656}}],"line":7},"7":{"loc":{"start":{"line":9,"column":168},"end":{"line":9,"column":198}},"type":"binary-expr","locations":[{"start":{"line":9,"column":168},"end":{"line":9,"column":189}},{"start":{"line":9,"column":193},"end":{"line":9,"column":198}}],"line":9},"8":{"loc":{"start":{"line":9,"column":232},"end":{"line":9,"column":286}},"type":"if","locations":[{"start":{"line":9,"column":232},"end":{"line":9,"column":286}},{"start":{"line":9,"column":232},"end":{"line":9,"column":286}}],"line":9},"9":{"loc":{"start":{"line":9,"column":407},"end":{"line":9,"column":475}},"type":"if","locations":[{"start":{"line":9,"column":407},"end":{"line":9,"column":475}},{"start":{"line":9,"column":407},"end":{"line":9,"column":475}}],"line":9},"10":{"loc":{"start":{"line":9,"column":476},"end":{"line":9,"column":536}},"type":"if","locations":[{"start":{"line":9,"column":476},"end":{"line":9,"column":536}},{"start":{"line":9,"column":476},"end":{"line":9,"column":536}}],"line":9},"11":{"loc":{"start":{"line":26,"column":46},"end":{"line":26,"column":92}},"type":"cond-expr","locations":[{"start":{"line":26,"column":70},"end":{"line":26,"column":73}},{"start":{"line":26,"column":76},"end":{"line":26,"column":92}}],"line":26},"12":{"loc":{"start":{"line":26,"column":46},"end":{"line":26,"column":67}},"type":"binary-expr","locations":[{"start":{"line":26,"column":46},"end":{"line":26,"column":49}},{"start":{"line":26,"column":53},"end":{"line":26,"column":67}}],"line":26},"13":{"loc":{"start":{"line":28,"column":50},"end":{"line":28,"column":151}},"type":"if","locations":[{"start":{"line":28,"column":50},"end":{"line":28,"column":151}},{"start":{"line":28,"column":50},"end":{"line":28,"column":151}}],"line":28},"14":{"loc":{"start":{"line":40,"column":24},"end":{"line":40,"column":54}},"type":"cond-expr","locations":[{"start":{"line":40,"column":35},"end":{"line":40,"column":43}},{"start":{"line":40,"column":46},"end":{"line":40,"column":54}}],"line":40},"15":{"loc":{"start":{"line":60,"column":12},"end":{"line":65,"column":13}},"type":"if","locations":[{"start":{"line":60,"column":12},"end":{"line":65,"column":13}},{"start":{"line":60,"column":12},"end":{"line":65,"column":13}}],"line":60},"16":{"loc":{"start":{"line":62,"column":16},"end":{"line":62,"column":110}},"type":"if","locations":[{"start":{"line":62,"column":16},"end":{"line":62,"column":110}},{"start":{"line":62,"column":16},"end":{"line":62,"column":110}}],"line":62},"17":{"loc":{"start":{"line":96,"column":12},"end":{"line":127,"column":13}},"type":"if","locations":[{"start":{"line":96,"column":12},"end":{"line":127,"column":13}},{"start":{"line":96,"column":12},"end":{"line":127,"column":13}}],"line":96},"18":{"loc":{"start":{"line":118,"column":24},"end":{"line":120,"column":25}},"type":"if","locations":[{"start":{"line":118,"column":24},"end":{"line":120,"column":25}},{"start":{"line":118,"column":24},"end":{"line":120,"column":25}}],"line":118},"19":{"loc":{"start":{"line":118,"column":28},"end":{"line":118,"column":74}},"type":"binary-expr","locations":[{"start":{"line":118,"column":28},"end":{"line":118,"column":54}},{"start":{"line":118,"column":58},"end":{"line":118,"column":74}}],"line":118},"20":{"loc":{"start":{"line":122,"column":24},"end":{"line":124,"column":25}},"type":"if","locations":[{"start":{"line":122,"column":24},"end":{"line":124,"column":25}},{"start":{"line":122,"column":24},"end":{"line":124,"column":25}}],"line":122},"21":{"loc":{"start":{"line":140,"column":12},"end":{"line":140,"column":101}},"type":"if","locations":[{"start":{"line":140,"column":12},"end":{"line":140,"column":101}},{"start":{"line":140,"column":12},"end":{"line":140,"column":101}}],"line":140},"22":{"loc":{"start":{"line":171,"column":20},"end":{"line":171,"column":93}},"type":"if","locations":[{"start":{"line":171,"column":20},"end":{"line":171,"column":93}},{"start":{"line":171,"column":20},"end":{"line":171,"column":93}}],"line":171},"23":{"loc":{"start":{"line":178,"column":20},"end":{"line":180,"column":21}},"type":"if","locations":[{"start":{"line":178,"column":20},"end":{"line":180,"column":21}},{"start":{"line":178,"column":20},"end":{"line":180,"column":21}}],"line":178},"24":{"loc":{"start":{"line":178,"column":24},"end":{"line":178,"column":72}},"type":"binary-expr","locations":[{"start":{"line":178,"column":24},"end":{"line":178,"column":51}},{"start":{"line":178,"column":55},"end":{"line":178,"column":72}}],"line":178},"25":{"loc":{"start":{"line":182,"column":20},"end":{"line":184,"column":21}},"type":"if","locations":[{"start":{"line":182,"column":20},"end":{"line":184,"column":21}},{"start":{"line":182,"column":20},"end":{"line":184,"column":21}}],"line":182},"26":{"loc":{"start":{"line":229,"column":12},"end":{"line":230,"column":86}},"type":"if","locations":[{"start":{"line":229,"column":12},"end":{"line":230,"column":86}},{"start":{"line":229,"column":12},"end":{"line":230,"column":86}}],"line":229},"27":{"loc":{"start":{"line":246,"column":20},"end":{"line":263,"column":21}},"type":"switch","locations":[{"start":{"line":247,"column":24},"end":{"line":253,"column":34}},{"start":{"line":255,"column":24},"end":{"line":258,"column":34}},{"start":{"line":260,"column":24},"end":{"line":262,"column":34}}],"line":246},"28":{"loc":{"start":{"line":248,"column":28},"end":{"line":248,"column":100}},"type":"if","locations":[{"start":{"line":248,"column":28},"end":{"line":248,"column":100}},{"start":{"line":248,"column":28},"end":{"line":248,"column":100}}],"line":248},"29":{"loc":{"start":{"line":252,"column":28},"end":{"line":252,"column":153}},"type":"if","locations":[{"start":{"line":252,"column":28},"end":{"line":252,"column":153}},{"start":{"line":252,"column":28},"end":{"line":252,"column":153}}],"line":252},"30":{"loc":{"start":{"line":270,"column":20},"end":{"line":272,"column":21}},"type":"if","locations":[{"start":{"line":270,"column":20},"end":{"line":272,"column":21}},{"start":{"line":270,"column":20},"end":{"line":272,"column":21}}],"line":270},"31":{"loc":{"start":{"line":270,"column":24},"end":{"line":270,"column":72}},"type":"binary-expr","locations":[{"start":{"line":270,"column":24},"end":{"line":270,"column":51}},{"start":{"line":270,"column":55},"end":{"line":270,"column":72}}],"line":270},"32":{"loc":{"start":{"line":274,"column":20},"end":{"line":276,"column":21}},"type":"if","locations":[{"start":{"line":274,"column":20},"end":{"line":276,"column":21}},{"start":{"line":274,"column":20},"end":{"line":276,"column":21}}],"line":274},"33":{"loc":{"start":{"line":298,"column":12},"end":{"line":298,"column":162}},"type":"if","locations":[{"start":{"line":298,"column":12},"end":{"line":298,"column":162}}],"line":298},"34":{"loc":{"start":{"line":319,"column":20},"end":{"line":330,"column":21}},"type":"if","locations":[{"start":{"line":319,"column":20},"end":{"line":330,"column":21}}],"line":319},"35":{"loc":{"start":{"line":337,"column":32},"end":{"line":337,"column":105}},"type":"cond-expr","locations":[{"start":{"line":337,"column":55},"end":{"line":337,"column":95}},{"start":{"line":337,"column":98},"end":{"line":337,"column":105}}],"line":337},"36":{"loc":{"start":{"line":338,"column":33},"end":{"line":338,"column":68}},"type":"cond-expr","locations":[{"start":{"line":338,"column":56},"end":{"line":338,"column":61}},{"start":{"line":338,"column":64},"end":{"line":338,"column":68}}],"line":338},"37":{"loc":{"start":{"line":347,"column":20},"end":{"line":349,"column":21}},"type":"if","locations":[{"start":{"line":347,"column":20},"end":{"line":349,"column":21}},{"start":{"line":347,"column":20},"end":{"line":349,"column":21}}],"line":347},"38":{"loc":{"start":{"line":347,"column":24},"end":{"line":347,"column":72}},"type":"binary-expr","locations":[{"start":{"line":347,"column":24},"end":{"line":347,"column":51}},{"start":{"line":347,"column":55},"end":{"line":347,"column":72}}],"line":347},"39":{"loc":{"start":{"line":351,"column":20},"end":{"line":353,"column":21}},"type":"if","locations":[{"start":{"line":351,"column":20},"end":{"line":353,"column":21}},{"start":{"line":351,"column":20},"end":{"line":353,"column":21}}],"line":351},"40":{"loc":{"start":{"line":372,"column":12},"end":{"line":387,"column":13}},"type":"switch","locations":[{"start":{"line":373,"column":16},"end":{"line":373,"column":33}},{"start":{"line":374,"column":16},"end":{"line":375,"column":72}},{"start":{"line":377,"column":16},"end":{"line":377,"column":34}},{"start":{"line":378,"column":16},"end":{"line":379,"column":78}},{"start":{"line":381,"column":16},"end":{"line":383,"column":66}},{"start":{"line":385,"column":16},"end":{"line":386,"column":51}}],"line":372},"41":{"loc":{"start":{"line":382,"column":20},"end":{"line":382,"column":117}},"type":"if","locations":[{"start":{"line":382,"column":20},"end":{"line":382,"column":117}},{"start":{"line":382,"column":20},"end":{"line":382,"column":117}}],"line":382},"42":{"loc":{"start":{"line":382,"column":24},"end":{"line":382,"column":80}},"type":"binary-expr","locations":[{"start":{"line":382,"column":24},"end":{"line":382,"column":43}},{"start":{"line":382,"column":47},"end":{"line":382,"column":80}}],"line":382}},"s":{"0":1,"1":1,"2":0,"3":0,"4":0,"5":0,"6":0,"7":0,"8":0,"9":0,"10":0,"11":0,"12":0,"13":0,"14":0,"15":0,"16":0,"17":0,"18":0,"19":1,"20":92,"21":92,"22":0,"23":0,"24":0,"25":1,"26":1,"27":10,"28":10,"29":10,"30":10,"31":9,"32":10,"33":1,"34":1,"35":1,"36":1,"37":0,"38":1,"39":1,"40":1,"41":1,"42":1,"43":1,"44":1,"45":3,"46":59,"47":0,"48":1,"49":59,"50":59,"51":59,"52":1,"53":68,"54":42,"55":42,"56":12,"57":30,"58":26,"59":4,"60":4,"61":4,"62":1,"63":4,"64":5,"65":5,"66":3,"67":3,"68":3,"69":3,"70":3,"71":3,"72":21,"73":21,"74":21,"75":21,"76":21,"77":21,"78":0,"79":0,"80":3,"81":3,"82":0,"83":3,"84":0,"85":5,"86":10,"87":2,"88":8,"89":10,"90":4,"91":10,"92":10,"93":10,"94":10,"95":10,"96":3,"97":3,"98":3,"99":3,"100":1,"101":2,"102":0,"103":0,"104":10,"105":10,"106":0,"107":10,"108":0,"109":17,"110":17,"111":17,"112":17,"113":17,"114":49,"115":1,"116":48,"117":48,"118":48,"119":48,"120":48,"121":48,"122":68,"123":68,"124":68,"125":68,"126":68,"127":68,"128":48,"129":19,"130":48,"131":48,"132":46,"133":2,"134":48,"135":19,"136":19,"137":19,"138":1,"139":1,"140":0,"141":0,"142":48,"143":48,"144":0,"145":48,"146":0,"147":48,"148":4,"149":4,"150":4,"151":2,"152":4,"153":4,"154":4,"155":4,"156":4,"157":4,"158":44,"159":44,"160":44,"161":44,"162":44,"163":44,"164":44,"165":44,"166":44,"167":44,"168":44,"169":44,"170":44,"171":44,"172":0,"173":0,"174":4,"175":4,"176":0,"177":4,"178":0,"179":4,"180":6,"181":6,"182":6,"183":6,"184":2,"185":1,"186":2,"187":1,"188":2,"189":1,"190":1,"191":1,"192":1},"f":{"0":1,"1":0,"2":92,"3":1,"4":1,"5":1,"6":3,"7":59,"8":1,"9":59,"10":68,"11":4,"12":5,"13":10,"14":10,"15":4,"16":17,"17":49,"18":4,"19":6,"20":1},"b":{"0":[0,0],"1":[0,0],"2":[0,0],"3":[0,0],"4":[0,0],"5":[92,0],"6":[0,0],"7":[10,10],"8":[9,1],"9":[1,0],"10":[0,1],"11":[1,2],"12":[3,3],"13":[0,59],"14":[50,9],"15":[42,26],"16":[12,30],"17":[3,2],"18":[0,3],"19":[3,0],"20":[0,3],"21":[2,8],"22":[1,2],"23":[0,10],"24":[10,0],"25":[0,10],"26":[1,48],"27":[48,19,1],"28":[19,29],"29":[46,2],"30":[0,48],"31":[48,0],"32":[0,48],"33":[2],"34":[44],"35":[16,28],"36":[16,28],"37":[0,4],"38":[4,0],"39":[0,4],"40":[0,2,0,1,2,1],"41":[1,1],"42":[2,1]},"_coverageSchema":"d34fc3e6b8297bcde183f5492bcb8fcb36775295","hash":"93f47a737fa7d60d6f9eef72944a7c03df0a80c9","contentHash":"7d2043df5b7a0f5a0fcdcf884ad5c0be_12.0.2"},"/home/forensic/www/r-server/src/modules/RServerResponse.js":{"path":"/home/forensic/www/r-server/src/modules/RServerResponse.js","statementMap":{"0":{"start":{"line":3,"column":0},"end":{"line":5,"column":3}},"1":{"start":{"line":7,"column":12},"end":{"line":7,"column":27}},"2":{"start":{"line":12,"column":0},"end":{"line":16,"column":3}},"3":{"start":{"line":14,"column":8},"end":{"line":14,"column":33}},"4":{"start":{"line":26,"column":0},"end":{"line":28,"column":2}},"5":{"start":{"line":27,"column":4},"end":{"line":27,"column":76}},"6":{"start":{"line":30,"column":0},"end":{"line":30,"column":39}}},"fnMap":{"0":{"name":"get","decl":{"start":{"line":13,"column":18},"end":{"line":13,"column":21}},"loc":{"start":{"line":13,"column":24},"end":{"line":15,"column":5}},"line":13},"1":{"name":"(anonymous_1)","decl":{"start":{"line":26,"column":42},"end":{"line":26,"column":43}},"loc":{"start":{"line":26,"column":82},"end":{"line":28,"column":1}},"line":26}},"branchMap":{},"s":{"0":1,"1":1,"2":1,"3":1,"4":1,"5":1,"6":1},"f":{"0":1,"1":1},"b":{},"_coverageSchema":"d34fc3e6b8297bcde183f5492bcb8fcb36775295","hash":"e63af4b2aaa2cde44b56b8fded7d7d932a9f8eae","contentHash":"12f26d8416ff97de62b769aeeaeb35c1_12.0.2"},"/home/forensic/www/r-server/src/modules/Logger.js":{"path":"/home/forensic/www/r-server/src/modules/Logger.js","statementMap":{"0":{"start":{"line":3,"column":0},"end":{"line":5,"column":3}},"1":{"start":{"line":6,"column":0},"end":{"line":33,"column":2}},"2":{"start":{"line":12,"column":8},"end":{"line":12,"column":57}},"3":{"start":{"line":21,"column":8},"end":{"line":21,"column":57}},"4":{"start":{"line":31,"column":8},"end":{"line":31,"column":350}},"5":{"start":{"line":31,"column":35},"end":{"line":31,"column":190}},"6":{"start":{"line":31,"column":195},"end":{"line":31,"column":350}}},"fnMap":{"0":{"name":"error","decl":{"start":{"line":11,"column":20},"end":{"line":11,"column":25}},"loc":{"start":{"line":11,"column":35},"end":{"line":13,"column":5}},"line":11},"1":{"name":"info","decl":{"start":{"line":20,"column":19},"end":{"line":20,"column":23}},"loc":{"start":{"line":20,"column":33},"end":{"line":22,"column":5}},"line":20},"2":{"name":"logProfile","decl":{"start":{"line":30,"column":25},"end":{"line":30,"column":35}},"loc":{"start":{"line":30,"column":46},"end":{"line":32,"column":5}},"line":30}},"branchMap":{"0":{"loc":{"start":{"line":31,"column":8},"end":{"line":31,"column":350}},"type":"if","locations":[{"start":{"line":31,"column":8},"end":{"line":31,"column":350}},{"start":{"line":31,"column":8},"end":{"line":31,"column":350}}],"line":31}},"s":{"0":1,"1":1,"2":3,"3":37,"4":7,"5":1,"6":6},"f":{"0":3,"1":37,"2":7},"b":{"0":[1,6]},"_coverageSchema":"d34fc3e6b8297bcde183f5492bcb8fcb36775295","hash":"89f79669bc1fe062487d7b77c0d0e6fc627cec66","contentHash":"9076407557abb16f100ef01439db92ec_12.0.2"}}